<?xml version="1.0" encoding="UTF-8"?>
<robot generator="Robot 7.4.2 (Python 3.13.0 on darwin)" generated="2026-04-26T15:05:39.887174" rpa="false" schemaversion="5">
<suite id="s1" name="Tests" source="/Users/sandy/rf-testing-labs-1/tests">
<kw name="Initialize Simulator Session" owner="epc_keywords" type="SETUP">
<kw name="Create Session" owner="RequestsLibrary">
<msg time="2026-04-26T15:05:39.957327" level="INFO">Creating Session using : alias=epc, url=http://localhost:8000, headers={},                     cookies={}, auth=None, timeout=None, proxies=None, verify=False,                     debug=0 </msg>
<arg>epc</arg>
<arg>${BASE_URL}</arg>
<doc>Create Session: create a HTTP session to a server</doc>
<status status="PASS" start="2026-04-26T15:05:39.957244" elapsed="0.000167"/>
</kw>
<status status="PASS" start="2026-04-26T15:05:39.956971" elapsed="0.000483"/>
</kw>
<suite id="s1-s1" name="01 Ue Attachment" source="/Users/sandy/rf-testing-labs-1/tests/01_ue_attachment.robot">
<kw name="Initialize Simulator Session" owner="epc_keywords" type="SETUP">
<kw name="Create Session" owner="RequestsLibrary">
<msg time="2026-04-26T15:05:39.958450" level="INFO">Creating Session using : alias=epc, url=http://localhost:8000, headers={},                     cookies={}, auth=None, timeout=None, proxies=None, verify=False,                     debug=0 </msg>
<arg>epc</arg>
<arg>${BASE_URL}</arg>
<doc>Create Session: create a HTTP session to a server</doc>
<status status="PASS" start="2026-04-26T15:05:39.958394" elapsed="0.000112"/>
</kw>
<status status="PASS" start="2026-04-26T15:05:39.958298" elapsed="0.000235"/>
</kw>
<test id="s1-s1-t1" name="TC-001 Attach UE 1 To Network Successfully" line="10">
<kw name="Attach UE 1" owner="epc_keywords" source_name="Attach UE ${ue_id}">
<kw name="Convert To Integer" owner="BuiltIn">
<msg time="2026-04-26T15:05:39.959032" level="INFO">${ue_id_int} = 1</msg>
<var>${ue_id_int}</var>
<arg>${ue_id}</arg>
<doc>Converts the given item to an integer number.</doc>
<status status="PASS" start="2026-04-26T15:05:39.958896" elapsed="0.000147"/>
</kw>
<kw name="Create Dictionary" owner="BuiltIn">
<msg time="2026-04-26T15:05:39.959280" level="INFO">${body} = {'ue_id': 1}</msg>
<var>${body}</var>
<arg>ue_id=${ue_id_int}</arg>
<doc>Creates and returns a dictionary based on the given ``items``.</doc>
<status status="PASS" start="2026-04-26T15:05:39.959107" elapsed="0.000184"/>
</kw>
<kw name="POST On Session" owner="RequestsLibrary">
<msg time="2026-04-26T15:05:39.980986" level="INFO">POST Request : url=http://localhost:8000/ues 
 path_url=/ues 
 headers={'User-Agent': 'python-requests/2.32.5', 'Accept-Encoding': 'gzip, deflate', 'Accept': '*/*', 'Connection': 'keep-alive', 'Content-Length': '12', 'Content-Type': 'application/json'} 
 body=b'{"ue_id": 1}' 
 </msg>
<msg time="2026-04-26T15:05:39.981058" level="INFO">POST Response : url=http://localhost:8000/ues 
 status=200, reason=OK 
 headers={'date': 'Sun, 26 Apr 2026 13:05:39 GMT', 'server': 'uvicorn', 'content-length': '31', 'content-type': 'application/json'} 
 body={"status":"attached","ue_id":1} 
 </msg>
<msg time="2026-04-26T15:05:39.981132" level="INFO">${response} = &lt;Response [200]&gt;</msg>
<var>${response}</var>
<arg>epc</arg>
<arg>/ues</arg>
<arg>json=${body}</arg>
<arg>expected_status=any</arg>
<doc>Sends a POST request on a previously created HTTP Session.</doc>
<status status="PASS" start="2026-04-26T15:05:39.959351" elapsed="0.021793"/>
</kw>
<kw name="Set Test Variable" owner="BuiltIn">
<msg time="2026-04-26T15:05:39.981637" level="INFO">${LAST_RESPONSE} = &lt;Response [200]&gt;</msg>
<arg>${LAST_RESPONSE}</arg>
<arg>${response}</arg>
<doc>Makes a variable available everywhere within the scope of the current test.</doc>
<status status="PASS" start="2026-04-26T15:05:39.981260" elapsed="0.000396"/>
</kw>
<status status="PASS" start="2026-04-26T15:05:39.958781" elapsed="0.022905"/>
</kw>
<kw name="Verify UE 1 Attached Successfully" owner="epc_keywords" source_name="Verify UE ${ue_id} Attached Successfully">
<kw name="Should Be Equal As Integers" owner="BuiltIn">
<msg time="2026-04-26T15:05:39.982145" level="INFO">Argument types are:
&lt;class 'int'&gt;
&lt;class 'str'&gt;</msg>
<arg>${LAST_RESPONSE.status_code}</arg>
<arg>200</arg>
<doc>Fails if objects are unequal after converting them to integers.</doc>
<status status="PASS" start="2026-04-26T15:05:39.981936" elapsed="0.000236"/>
</kw>
<kw name="Should Be Equal" owner="BuiltIn">
<arg>${LAST_RESPONSE.json()}[status]</arg>
<arg>attached</arg>
<doc>Fails if the given objects are unequal.</doc>
<status status="PASS" start="2026-04-26T15:05:39.982231" elapsed="0.000213"/>
</kw>
<status status="PASS" start="2026-04-26T15:05:39.981813" elapsed="0.000653"/>
</kw>
<kw name="Reset Simulator" owner="epc_keywords" type="TEARDOWN">
<kw name="POST On Session" owner="RequestsLibrary">
<msg time="2026-04-26T15:05:39.987285" level="INFO">POST Request : url=http://localhost:8000/reset 
 path_url=/reset 
 headers={'User-Agent': 'python-requests/2.32.5', 'Accept-Encoding': 'gzip, deflate', 'Accept': '*/*', 'Connection': 'keep-alive', 'Content-Length': '0'} 
 body=None 
 </msg>
<msg time="2026-04-26T15:05:39.987318" level="INFO">POST Response : url=http://localhost:8000/reset 
 status=200, reason=OK 
 headers={'date': 'Sun, 26 Apr 2026 13:05:39 GMT', 'server': 'uvicorn', 'content-length': '18', 'content-type': 'application/json'} 
 body={"status":"reset"} 
 </msg>
<arg>epc</arg>
<arg>/reset</arg>
<arg>expected_status=any</arg>
<doc>Sends a POST request on a previously created HTTP Session.</doc>
<status status="PASS" start="2026-04-26T15:05:39.982689" elapsed="0.004658"/>
</kw>
<status status="PASS" start="2026-04-26T15:05:39.982580" elapsed="0.004801"/>
</kw>
<doc>Verify UE 1 is registered and receives attached status.</doc>
<tag>attach</tag>
<tag>positive</tag>
<status status="PASS" start="2026-04-26T15:05:39.958554" elapsed="0.028861"/>
</test>
<test id="s1-s1-t2" name="TC-002 Reject Attach For UE 101 As Out Of Range" line="16">
<kw name="Attach UE 101" owner="epc_keywords" source_name="Attach UE ${ue_id}">
<kw name="Convert To Integer" owner="BuiltIn">
<msg time="2026-04-26T15:05:39.988040" level="INFO">${ue_id_int} = 101</msg>
<var>${ue_id_int}</var>
<arg>${ue_id}</arg>
<doc>Converts the given item to an integer number.</doc>
<status status="PASS" start="2026-04-26T15:05:39.987911" elapsed="0.000139"/>
</kw>
<kw name="Create Dictionary" owner="BuiltIn">
<msg time="2026-04-26T15:05:39.988237" level="INFO">${body} = {'ue_id': 101}</msg>
<var>${body}</var>
<arg>ue_id=${ue_id_int}</arg>
<doc>Creates and returns a dictionary based on the given ``items``.</doc>
<status status="PASS" start="2026-04-26T15:05:39.988112" elapsed="0.000135"/>
</kw>
<kw name="POST On Session" owner="RequestsLibrary">
<msg time="2026-04-26T15:05:39.991003" level="INFO">POST Request : url=http://localhost:8000/ues 
 path_url=/ues 
 headers={'User-Agent': 'python-requests/2.32.5', 'Accept-Encoding': 'gzip, deflate', 'Accept': '*/*', 'Connection': 'keep-alive', 'Content-Length': '14', 'Content-Type': 'application/json'} 
 body=b'{"ue_id": 101}' 
 </msg>
<msg time="2026-04-26T15:05:39.991032" level="INFO">POST Response : url=http://localhost:8000/ues 
 status=422, reason=Unprocessable Entity 
 headers={'date': 'Sun, 26 Apr 2026 13:05:39 GMT', 'server': 'uvicorn', 'content-length': '141', 'content-type': 'application/json'} 
 body={"detail":[{"type":"less_than_equal","loc":["body","ue_id"],"msg":"Input should be less than or equal to 100","input":101,"ctx":{"le":100}}]} 
 </msg>
<msg time="2026-04-26T15:05:39.991086" level="INFO">${response} = &lt;Response [422]&gt;</msg>
<var>${response}</var>
<arg>epc</arg>
<arg>/ues</arg>
<arg>json=${body}</arg>
<arg>expected_status=any</arg>
<doc>Sends a POST request on a previously created HTTP Session.</doc>
<status status="PASS" start="2026-04-26T15:05:39.988303" elapsed="0.002794"/>
</kw>
<kw name="Set Test Variable" owner="BuiltIn">
<msg time="2026-04-26T15:05:39.991511" level="INFO">${LAST_RESPONSE} = &lt;Response [422]&gt;</msg>
<arg>${LAST_RESPONSE}</arg>
<arg>${response}</arg>
<doc>Makes a variable available everywhere within the scope of the current test.</doc>
<status status="PASS" start="2026-04-26T15:05:39.991178" elapsed="0.000353"/>
</kw>
<status status="PASS" start="2026-04-26T15:05:39.987788" elapsed="0.003806"/>
</kw>
<kw name="Verify UE ID Rejected As Out Of Range" owner="epc_keywords">
<kw name="Verify Response Contains Range Error For Boundary" owner="epc_keywords">
<kw name="Should Not Be Equal As Integers" owner="BuiltIn">
<msg time="2026-04-26T15:05:39.992116" level="INFO">Argument types are:
&lt;class 'int'&gt;
&lt;class 'str'&gt;</msg>
<arg>${LAST_RESPONSE.status_code}</arg>
<arg>200</arg>
<doc>Fails if objects are equal after converting them to integers.</doc>
<status status="PASS" start="2026-04-26T15:05:39.991900" elapsed="0.000240"/>
</kw>
<kw name="Convert To String" owner="BuiltIn">
<msg time="2026-04-26T15:05:39.992502" level="INFO">${detail} = [{'type': 'less_than_equal', 'loc': ['body', 'ue_id'], 'msg': 'Input should be less than or equal to 100', 'input': 101, 'ctx': {'le': 100}}]</msg>
<var>${detail}</var>
<arg>${LAST_RESPONSE.json()}[detail]</arg>
<doc>Converts the given item to a Unicode string.</doc>
<status status="PASS" start="2026-04-26T15:05:39.992250" elapsed="0.000263"/>
</kw>
<kw name="Run Keyword And Return Status" owner="BuiltIn">
<kw name="Should Contain" owner="BuiltIn">
<arg>${detail}</arg>
<arg>${lower}</arg>
<doc>Fails if ``container`` does not contain ``item`` one or more times.</doc>
<status status="PASS" start="2026-04-26T15:05:39.992725" elapsed="0.000174"/>
</kw>
<msg time="2026-04-26T15:05:39.992933" level="INFO">${has_lower} = True</msg>
<var>${has_lower}</var>
<arg>Should Contain</arg>
<arg>${detail}</arg>
<arg>${lower}</arg>
<doc>Runs the specified keyword and returns the status as a Boolean value.</doc>
<status status="PASS" start="2026-04-26T15:05:39.992575" elapsed="0.000367"/>
</kw>
<kw name="Run Keyword And Return Status" owner="BuiltIn">
<kw name="Should Contain" owner="BuiltIn">
<arg>${detail}</arg>
<arg>${upper}</arg>
<doc>Fails if ``container`` does not contain ``item`` one or more times.</doc>
<status status="PASS" start="2026-04-26T15:05:39.993119" elapsed="0.000124"/>
</kw>
<msg time="2026-04-26T15:05:39.993277" level="INFO">${has_upper} = True</msg>
<var>${has_upper}</var>
<arg>Should Contain</arg>
<arg>${detail}</arg>
<arg>${upper}</arg>
<doc>Runs the specified keyword and returns the status as a Boolean value.</doc>
<status status="PASS" start="2026-04-26T15:05:39.993003" elapsed="0.000283"/>
</kw>
<kw name="Run Keyword If" owner="BuiltIn">
<arg>not ${has_lower} and not ${has_upper}</arg>
<arg>Fail</arg>
<arg>Error message should reference range ${lower}-${upper}. Got: ${detail}</arg>
<doc>Runs the given keyword with the given arguments, if ``condition`` is true.</doc>
<status status="PASS" start="2026-04-26T15:05:39.993355" elapsed="0.000135"/>
</kw>
<arg>0</arg>
<arg>100</arg>
<status status="PASS" start="2026-04-26T15:05:39.991777" elapsed="0.001738"/>
</kw>
<status status="PASS" start="2026-04-26T15:05:39.991663" elapsed="0.001870"/>
</kw>
<kw name="Reset Simulator" owner="epc_keywords" type="TEARDOWN">
<kw name="POST On Session" owner="RequestsLibrary">
<msg time="2026-04-26T15:05:39.996364" level="INFO">POST Request : url=http://localhost:8000/reset 
 path_url=/reset 
 headers={'User-Agent': 'python-requests/2.32.5', 'Accept-Encoding': 'gzip, deflate', 'Accept': '*/*', 'Connection': 'keep-alive', 'Content-Length': '0'} 
 body=None 
 </msg>
<msg time="2026-04-26T15:05:39.996387" level="INFO">POST Response : url=http://localhost:8000/reset 
 status=200, reason=OK 
 headers={'date': 'Sun, 26 Apr 2026 13:05:39 GMT', 'server': 'uvicorn', 'content-length': '18', 'content-type': 'application/json'} 
 body={"status":"reset"} 
 </msg>
<arg>epc</arg>
<arg>/reset</arg>
<arg>expected_status=any</arg>
<doc>Sends a POST request on a previously created HTTP Session.</doc>
<status status="PASS" start="2026-04-26T15:05:39.993728" elapsed="0.002679"/>
</kw>
<status status="PASS" start="2026-04-26T15:05:39.993617" elapsed="0.002815"/>
</kw>
<doc>UE ID 101 exceeds the allowed range 0-100.
Verify the error message references the valid boundary values.</doc>
<tag>attach</tag>
<tag>boundary</tag>
<tag>negative</tag>
<status status="PASS" start="2026-04-26T15:05:39.987528" elapsed="0.008932"/>
</test>
<test id="s1-s1-t3" name="TC-003 Reject Second Attach For Already Attached UE 1" line="23">
<kw name="Attach UE 1" owner="epc_keywords" source_name="Attach UE ${ue_id}">
<kw name="Convert To Integer" owner="BuiltIn">
<msg time="2026-04-26T15:05:39.996999" level="INFO">${ue_id_int} = 1</msg>
<var>${ue_id_int}</var>
<arg>${ue_id}</arg>
<doc>Converts the given item to an integer number.</doc>
<status status="PASS" start="2026-04-26T15:05:39.996889" elapsed="0.000120"/>
</kw>
<kw name="Create Dictionary" owner="BuiltIn">
<msg time="2026-04-26T15:05:39.997185" level="INFO">${body} = {'ue_id': 1}</msg>
<var>${body}</var>
<arg>ue_id=${ue_id_int}</arg>
<doc>Creates and returns a dictionary based on the given ``items``.</doc>
<status status="PASS" start="2026-04-26T15:05:39.997067" elapsed="0.000128"/>
</kw>
<kw name="POST On Session" owner="RequestsLibrary">
<msg time="2026-04-26T15:05:40.001292" level="INFO">POST Request : url=http://localhost:8000/ues 
 path_url=/ues 
 headers={'User-Agent': 'python-requests/2.32.5', 'Accept-Encoding': 'gzip, deflate', 'Accept': '*/*', 'Connection': 'keep-alive', 'Content-Length': '12', 'Content-Type': 'application/json'} 
 body=b'{"ue_id": 1}' 
 </msg>
<msg time="2026-04-26T15:05:40.001337" level="INFO">POST Response : url=http://localhost:8000/ues 
 status=200, reason=OK 
 headers={'date': 'Sun, 26 Apr 2026 13:05:39 GMT', 'server': 'uvicorn', 'content-length': '31', 'content-type': 'application/json'} 
 body={"status":"attached","ue_id":1} 
 </msg>
<msg time="2026-04-26T15:05:40.001474" level="INFO">${response} = &lt;Response [200]&gt;</msg>
<var>${response}</var>
<arg>epc</arg>
<arg>/ues</arg>
<arg>json=${body}</arg>
<arg>expected_status=any</arg>
<doc>Sends a POST request on a previously created HTTP Session.</doc>
<status status="PASS" start="2026-04-26T15:05:39.997250" elapsed="0.004331"/>
</kw>
<kw name="Set Test Variable" owner="BuiltIn">
<msg time="2026-04-26T15:05:40.002073" level="INFO">${LAST_RESPONSE} = &lt;Response [200]&gt;</msg>
<arg>${LAST_RESPONSE}</arg>
<arg>${response}</arg>
<doc>Makes a variable available everywhere within the scope of the current test.</doc>
<status status="PASS" start="2026-04-26T15:05:40.001708" elapsed="0.000385"/>
</kw>
<status status="PASS" start="2026-04-26T15:05:39.996783" elapsed="0.005338"/>
</kw>
<kw name="Attach UE 1" owner="epc_keywords" source_name="Attach UE ${ue_id}">
<kw name="Convert To Integer" owner="BuiltIn">
<msg time="2026-04-26T15:05:40.002457" level="INFO">${ue_id_int} = 1</msg>
<var>${ue_id_int}</var>
<arg>${ue_id}</arg>
<doc>Converts the given item to an integer number.</doc>
<status status="PASS" start="2026-04-26T15:05:40.002344" elapsed="0.000123"/>
</kw>
<kw name="Create Dictionary" owner="BuiltIn">
<msg time="2026-04-26T15:05:40.002651" level="INFO">${body} = {'ue_id': 1}</msg>
<var>${body}</var>
<arg>ue_id=${ue_id_int}</arg>
<doc>Creates and returns a dictionary based on the given ``items``.</doc>
<status status="PASS" start="2026-04-26T15:05:40.002531" elapsed="0.000129"/>
</kw>
<kw name="POST On Session" owner="RequestsLibrary">
<msg time="2026-04-26T15:05:40.005429" level="INFO">POST Request : url=http://localhost:8000/ues 
 path_url=/ues 
 headers={'User-Agent': 'python-requests/2.32.5', 'Accept-Encoding': 'gzip, deflate', 'Accept': '*/*', 'Connection': 'keep-alive', 'Content-Length': '12', 'Content-Type': 'application/json'} 
 body=b'{"ue_id": 1}' 
 </msg>
<msg time="2026-04-26T15:05:40.005453" level="INFO">POST Response : url=http://localhost:8000/ues 
 status=400, reason=Bad Request 
 headers={'date': 'Sun, 26 Apr 2026 13:05:39 GMT', 'server': 'uvicorn', 'content-length': '32', 'content-type': 'application/json'} 
 body={"detail":"UE already attached"} 
 </msg>
<msg time="2026-04-26T15:05:40.005496" level="INFO">${response} = &lt;Response [400]&gt;</msg>
<var>${response}</var>
<arg>epc</arg>
<arg>/ues</arg>
<arg>json=${body}</arg>
<arg>expected_status=any</arg>
<doc>Sends a POST request on a previously created HTTP Session.</doc>
<status status="PASS" start="2026-04-26T15:05:40.002718" elapsed="0.002788"/>
</kw>
<kw name="Set Test Variable" owner="BuiltIn">
<msg time="2026-04-26T15:05:40.005757" level="INFO">${LAST_RESPONSE} = &lt;Response [400]&gt;</msg>
<arg>${LAST_RESPONSE}</arg>
<arg>${response}</arg>
<doc>Makes a variable available everywhere within the scope of the current test.</doc>
<status status="PASS" start="2026-04-26T15:05:40.005625" elapsed="0.000148"/>
</kw>
<status status="PASS" start="2026-04-26T15:05:40.002222" elapsed="0.003577"/>
</kw>
<kw name="Verify UE Attachment Rejected As Duplicate" owner="epc_keywords">
<kw name="Verify Response Contains Error Matching" owner="epc_keywords">
<kw name="Should Not Be Equal As Integers" owner="BuiltIn">
<msg time="2026-04-26T15:05:40.006286" level="INFO">Argument types are:
&lt;class 'int'&gt;
&lt;class 'str'&gt;</msg>
<arg>${LAST_RESPONSE.status_code}</arg>
<arg>200</arg>
<doc>Fails if objects are equal after converting them to integers.</doc>
<status status="PASS" start="2026-04-26T15:05:40.006073" elapsed="0.000234"/>
</kw>
<kw name="Get From Dictionary" owner="Collections">
<msg time="2026-04-26T15:05:40.006545" level="INFO">${detail} = UE already attached</msg>
<var>${detail}</var>
<arg>${LAST_RESPONSE.json()}</arg>
<arg>detail</arg>
<doc>Returns a value from the given ``dictionary`` based on the given ``key``.</doc>
<status status="PASS" start="2026-04-26T15:05:40.006367" elapsed="0.000188"/>
</kw>
<kw name="Convert To String" owner="BuiltIn">
<msg time="2026-04-26T15:05:40.006709" level="INFO">${detail_str} = UE already attached</msg>
<var>${detail_str}</var>
<arg>${detail}</arg>
<doc>Converts the given item to a Unicode string.</doc>
<status status="PASS" start="2026-04-26T15:05:40.006613" elapsed="0.000106"/>
</kw>
<kw name="Should Contain" owner="BuiltIn">
<arg>${detail_str}</arg>
<arg>${expected_text}</arg>
<arg>ignore_case=True</arg>
<doc>Fails if ``container`` does not contain ``item`` one or more times.</doc>
<status status="PASS" start="2026-04-26T15:05:40.006774" elapsed="0.000130"/>
</kw>
<arg>already attached</arg>
<status status="PASS" start="2026-04-26T15:05:40.005966" elapsed="0.000962"/>
</kw>
<status status="PASS" start="2026-04-26T15:05:40.005864" elapsed="0.001080"/>
</kw>
<kw name="Reset Simulator" owner="epc_keywords" type="TEARDOWN">
<kw name="POST On Session" owner="RequestsLibrary">
<msg time="2026-04-26T15:05:40.015312" level="INFO">POST Request : url=http://localhost:8000/reset 
 path_url=/reset 
 headers={'User-Agent': 'python-requests/2.32.5', 'Accept-Encoding': 'gzip, deflate', 'Accept': '*/*', 'Connection': 'keep-alive', 'Content-Length': '0'} 
 body=None 
 </msg>
<msg time="2026-04-26T15:05:40.015336" level="INFO">POST Response : url=http://localhost:8000/reset 
 status=200, reason=OK 
 headers={'date': 'Sun, 26 Apr 2026 13:05:39 GMT', 'server': 'uvicorn', 'content-length': '18', 'content-type': 'application/json'} 
 body={"status":"reset"} 
 </msg>
<arg>epc</arg>
<arg>/reset</arg>
<arg>expected_status=any</arg>
<doc>Sends a POST request on a previously created HTTP Session.</doc>
<status status="PASS" start="2026-04-26T15:05:40.007221" elapsed="0.008136"/>
</kw>
<status status="PASS" start="2026-04-26T15:05:40.007025" elapsed="0.008359"/>
</kw>
<doc>Verify that attaching UE 1 while it is already registered
returns a duplicate-attachment error.</doc>
<tag>attach</tag>
<tag>negative</tag>
<status status="PASS" start="2026-04-26T15:05:39.996550" elapsed="0.018862"/>
</test>
<test id="s1-s1-t4" name="TC-004 Detach Attached UE 1 Successfully" line="31">
<kw name="Attach UE 1" owner="epc_keywords" source_name="Attach UE ${ue_id}">
<kw name="Convert To Integer" owner="BuiltIn">
<msg time="2026-04-26T15:05:40.015998" level="INFO">${ue_id_int} = 1</msg>
<var>${ue_id_int}</var>
<arg>${ue_id}</arg>
<doc>Converts the given item to an integer number.</doc>
<status status="PASS" start="2026-04-26T15:05:40.015882" elapsed="0.000126"/>
</kw>
<kw name="Create Dictionary" owner="BuiltIn">
<msg time="2026-04-26T15:05:40.016196" level="INFO">${body} = {'ue_id': 1}</msg>
<var>${body}</var>
<arg>ue_id=${ue_id_int}</arg>
<doc>Creates and returns a dictionary based on the given ``items``.</doc>
<status status="PASS" start="2026-04-26T15:05:40.016074" elapsed="0.000132"/>
</kw>
<kw name="POST On Session" owner="RequestsLibrary">
<msg time="2026-04-26T15:05:40.020171" level="INFO">POST Request : url=http://localhost:8000/ues 
 path_url=/ues 
 headers={'User-Agent': 'python-requests/2.32.5', 'Accept-Encoding': 'gzip, deflate', 'Accept': '*/*', 'Connection': 'keep-alive', 'Content-Length': '12', 'Content-Type': 'application/json'} 
 body=b'{"ue_id": 1}' 
 </msg>
<msg time="2026-04-26T15:05:40.020208" level="INFO">POST Response : url=http://localhost:8000/ues 
 status=200, reason=OK 
 headers={'date': 'Sun, 26 Apr 2026 13:05:39 GMT', 'server': 'uvicorn', 'content-length': '31', 'content-type': 'application/json'} 
 body={"status":"attached","ue_id":1} 
 </msg>
<msg time="2026-04-26T15:05:40.020266" level="INFO">${response} = &lt;Response [200]&gt;</msg>
<var>${response}</var>
<arg>epc</arg>
<arg>/ues</arg>
<arg>json=${body}</arg>
<arg>expected_status=any</arg>
<doc>Sends a POST request on a previously created HTTP Session.</doc>
<status status="PASS" start="2026-04-26T15:05:40.016285" elapsed="0.003993"/>
</kw>
<kw name="Set Test Variable" owner="BuiltIn">
<msg time="2026-04-26T15:05:40.020730" level="INFO">${LAST_RESPONSE} = &lt;Response [200]&gt;</msg>
<arg>${LAST_RESPONSE}</arg>
<arg>${response}</arg>
<doc>Makes a variable available everywhere within the scope of the current test.</doc>
<status status="PASS" start="2026-04-26T15:05:40.020373" elapsed="0.000376"/>
</kw>
<status status="PASS" start="2026-04-26T15:05:40.015769" elapsed="0.005009"/>
</kw>
<kw name="Detach UE 1" owner="epc_keywords" source_name="Detach UE ${ue_id}">
<kw name="Convert To Integer" owner="BuiltIn">
<msg time="2026-04-26T15:05:40.021127" level="INFO">${ue_id_int} = 1</msg>
<var>${ue_id_int}</var>
<arg>${ue_id}</arg>
<doc>Converts the given item to an integer number.</doc>
<status status="PASS" start="2026-04-26T15:05:40.021011" elapsed="0.000126"/>
</kw>
<kw name="DELETE On Session" owner="RequestsLibrary">
<msg time="2026-04-26T15:05:40.026369" level="INFO">DELETE Request : url=http://localhost:8000/ues/1 
 path_url=/ues/1 
 headers={'User-Agent': 'python-requests/2.32.5', 'Accept-Encoding': 'gzip, deflate', 'Accept': '*/*', 'Connection': 'keep-alive', 'Content-Length': '0'} 
 body=None 
 </msg>
<msg time="2026-04-26T15:05:40.026424" level="INFO">DELETE Response : url=http://localhost:8000/ues/1 
 status=200, reason=OK 
 headers={'date': 'Sun, 26 Apr 2026 13:05:39 GMT', 'server': 'uvicorn', 'content-length': '31', 'content-type': 'application/json'} 
 body={"status":"detached","ue_id":1} 
 </msg>
<msg time="2026-04-26T15:05:40.026489" level="INFO">${response} = &lt;Response [200]&gt;</msg>
<var>${response}</var>
<arg>epc</arg>
<arg>/ues/${ue_id_int}</arg>
<arg>expected_status=any</arg>
<doc>Sends a DELETE request on a previously created HTTP Session.</doc>
<status status="PASS" start="2026-04-26T15:05:40.021197" elapsed="0.005304"/>
</kw>
<kw name="Set Test Variable" owner="BuiltIn">
<msg time="2026-04-26T15:05:40.026759" level="INFO">${LAST_RESPONSE} = &lt;Response [200]&gt;</msg>
<arg>${LAST_RESPONSE}</arg>
<arg>${response}</arg>
<doc>Makes a variable available everywhere within the scope of the current test.</doc>
<status status="PASS" start="2026-04-26T15:05:40.026600" elapsed="0.000177"/>
</kw>
<status status="PASS" start="2026-04-26T15:05:40.020884" elapsed="0.005921"/>
</kw>
<kw name="Verify UE 1 Detached Successfully" owner="epc_keywords" source_name="Verify UE ${ue_id} Detached Successfully">
<kw name="Should Be Equal As Integers" owner="BuiltIn">
<msg time="2026-04-26T15:05:40.027278" level="INFO">Argument types are:
&lt;class 'int'&gt;
&lt;class 'str'&gt;</msg>
<arg>${LAST_RESPONSE.status_code}</arg>
<arg>200</arg>
<doc>Fails if objects are unequal after converting them to integers.</doc>
<status status="PASS" start="2026-04-26T15:05:40.027040" elapsed="0.000262"/>
</kw>
<kw name="Should Be Equal" owner="BuiltIn">
<arg>${LAST_RESPONSE.json()}[status]</arg>
<arg>detached</arg>
<doc>Fails if the given objects are unequal.</doc>
<status status="PASS" start="2026-04-26T15:05:40.027396" elapsed="0.000236"/>
</kw>
<status status="PASS" start="2026-04-26T15:05:40.026912" elapsed="0.000746"/>
</kw>
<kw name="Reset Simulator" owner="epc_keywords" type="TEARDOWN">
<kw name="POST On Session" owner="RequestsLibrary">
<msg time="2026-04-26T15:05:40.030840" level="INFO">POST Request : url=http://localhost:8000/reset 
 path_url=/reset 
 headers={'User-Agent': 'python-requests/2.32.5', 'Accept-Encoding': 'gzip, deflate', 'Accept': '*/*', 'Connection': 'keep-alive', 'Content-Length': '0'} 
 body=None 
 </msg>
<msg time="2026-04-26T15:05:40.030882" level="INFO">POST Response : url=http://localhost:8000/reset 
 status=200, reason=OK 
 headers={'date': 'Sun, 26 Apr 2026 13:05:39 GMT', 'server': 'uvicorn', 'content-length': '18', 'content-type': 'application/json'} 
 body={"status":"reset"} 
 </msg>
<arg>epc</arg>
<arg>/reset</arg>
<arg>expected_status=any</arg>
<doc>Sends a POST request on a previously created HTTP Session.</doc>
<status status="PASS" start="2026-04-26T15:05:40.027949" elapsed="0.002963"/>
</kw>
<status status="PASS" start="2026-04-26T15:05:40.027787" elapsed="0.003158"/>
</kw>
<doc>Verify UE 1 can be detached after a successful attach.
Attach is a prerequisite for detach, both operations are
combined to ensure correct state.</doc>
<tag>detach</tag>
<tag>positive</tag>
<status status="PASS" start="2026-04-26T15:05:40.015502" elapsed="0.015476"/>
</test>
<test id="s1-s1-t5" name="TC-005 Reject Detach For Non-Existent UE 10" line="40">
<kw name="Detach UE 10" owner="epc_keywords" source_name="Detach UE ${ue_id}">
<kw name="Convert To Integer" owner="BuiltIn">
<msg time="2026-04-26T15:05:40.031645" level="INFO">${ue_id_int} = 10</msg>
<var>${ue_id_int}</var>
<arg>${ue_id}</arg>
<doc>Converts the given item to an integer number.</doc>
<status status="PASS" start="2026-04-26T15:05:40.031508" elapsed="0.000150"/>
</kw>
<kw name="DELETE On Session" owner="RequestsLibrary">
<msg time="2026-04-26T15:05:40.034187" level="INFO">DELETE Request : url=http://localhost:8000/ues/10 
 path_url=/ues/10 
 headers={'User-Agent': 'python-requests/2.32.5', 'Accept-Encoding': 'gzip, deflate', 'Accept': '*/*', 'Connection': 'keep-alive', 'Content-Length': '0'} 
 body=None 
 </msg>
<msg time="2026-04-26T15:05:40.034224" level="INFO">DELETE Response : url=http://localhost:8000/ues/10 
 status=400, reason=Bad Request 
 headers={'date': 'Sun, 26 Apr 2026 13:05:39 GMT', 'server': 'uvicorn', 'content-length': '25', 'content-type': 'application/json'} 
 body={"detail":"UE not found"} 
 </msg>
<msg time="2026-04-26T15:05:40.034286" level="INFO">${response} = &lt;Response [400]&gt;</msg>
<var>${response}</var>
<arg>epc</arg>
<arg>/ues/${ue_id_int}</arg>
<arg>expected_status=any</arg>
<doc>Sends a DELETE request on a previously created HTTP Session.</doc>
<status status="PASS" start="2026-04-26T15:05:40.031725" elapsed="0.002574"/>
</kw>
<kw name="Set Test Variable" owner="BuiltIn">
<msg time="2026-04-26T15:05:40.034736" level="INFO">${LAST_RESPONSE} = &lt;Response [400]&gt;</msg>
<arg>${LAST_RESPONSE}</arg>
<arg>${response}</arg>
<doc>Makes a variable available everywhere within the scope of the current test.</doc>
<status status="PASS" start="2026-04-26T15:05:40.034389" elapsed="0.000367"/>
</kw>
<status status="PASS" start="2026-04-26T15:05:40.031372" elapsed="0.003414"/>
</kw>
<kw name="Verify UE Detachment Rejected As Not Found" owner="epc_keywords">
<kw name="Verify Response Contains Error Matching" owner="epc_keywords">
<kw name="Should Not Be Equal As Integers" owner="BuiltIn">
<msg time="2026-04-26T15:05:40.035475" level="INFO">Argument types are:
&lt;class 'int'&gt;
&lt;class 'str'&gt;</msg>
<arg>${LAST_RESPONSE.status_code}</arg>
<arg>200</arg>
<doc>Fails if objects are equal after converting them to integers.</doc>
<status status="PASS" start="2026-04-26T15:05:40.035088" elapsed="0.000415"/>
</kw>
<kw name="Get From Dictionary" owner="Collections">
<msg time="2026-04-26T15:05:40.035935" level="INFO">${detail} = UE not found</msg>
<var>${detail}</var>
<arg>${LAST_RESPONSE.json()}</arg>
<arg>detail</arg>
<doc>Returns a value from the given ``dictionary`` based on the given ``key``.</doc>
<status status="PASS" start="2026-04-26T15:05:40.035704" elapsed="0.000243"/>
</kw>
<kw name="Convert To String" owner="BuiltIn">
<msg time="2026-04-26T15:05:40.036135" level="INFO">${detail_str} = UE not found</msg>
<var>${detail_str}</var>
<arg>${detail}</arg>
<doc>Converts the given item to a Unicode string.</doc>
<status status="PASS" start="2026-04-26T15:05:40.036015" elapsed="0.000130"/>
</kw>
<kw name="Should Contain" owner="BuiltIn">
<arg>${detail_str}</arg>
<arg>${expected_text}</arg>
<arg>ignore_case=True</arg>
<doc>Fails if ``container`` does not contain ``item`` one or more times.</doc>
<status status="PASS" start="2026-04-26T15:05:40.036230" elapsed="0.000221"/>
</kw>
<arg>not found</arg>
<status status="PASS" start="2026-04-26T15:05:40.034973" elapsed="0.001506"/>
</kw>
<status status="PASS" start="2026-04-26T15:05:40.034863" elapsed="0.001635"/>
</kw>
<kw name="Reset Simulator" owner="epc_keywords" type="TEARDOWN">
<kw name="POST On Session" owner="RequestsLibrary">
<msg time="2026-04-26T15:05:40.039371" level="INFO">POST Request : url=http://localhost:8000/reset 
 path_url=/reset 
 headers={'User-Agent': 'python-requests/2.32.5', 'Accept-Encoding': 'gzip, deflate', 'Accept': '*/*', 'Connection': 'keep-alive', 'Content-Length': '0'} 
 body=None 
 </msg>
<msg time="2026-04-26T15:05:40.039397" level="INFO">POST Response : url=http://localhost:8000/reset 
 status=200, reason=OK 
 headers={'date': 'Sun, 26 Apr 2026 13:05:39 GMT', 'server': 'uvicorn', 'content-length': '18', 'content-type': 'application/json'} 
 body={"status":"reset"} 
 </msg>
<arg>epc</arg>
<arg>/reset</arg>
<arg>expected_status=any</arg>
<doc>Sends a POST request on a previously created HTTP Session.</doc>
<status status="PASS" start="2026-04-26T15:05:40.036763" elapsed="0.002657"/>
</kw>
<status status="PASS" start="2026-04-26T15:05:40.036642" elapsed="0.002807"/>
</kw>
<doc>Verify that detaching UE 10 which was never attached
returns a not-found error.</doc>
<tag>detach</tag>
<tag>negative</tag>
<status status="PASS" start="2026-04-26T15:05:40.031077" elapsed="0.008415"/>
</test>
<test id="s1-s1-t6" name="TC-006 Verify Default Bearer 9 Created Automatically For UE 1" line="47">
<kw name="Attach UE 1" owner="epc_keywords" source_name="Attach UE ${ue_id}">
<kw name="Convert To Integer" owner="BuiltIn">
<msg time="2026-04-26T15:05:40.040078" level="INFO">${ue_id_int} = 1</msg>
<var>${ue_id_int}</var>
<arg>${ue_id}</arg>
<doc>Converts the given item to an integer number.</doc>
<status status="PASS" start="2026-04-26T15:05:40.039957" elapsed="0.000132"/>
</kw>
<kw name="Create Dictionary" owner="BuiltIn">
<msg time="2026-04-26T15:05:40.040286" level="INFO">${body} = {'ue_id': 1}</msg>
<var>${body}</var>
<arg>ue_id=${ue_id_int}</arg>
<doc>Creates and returns a dictionary based on the given ``items``.</doc>
<status status="PASS" start="2026-04-26T15:05:40.040156" elapsed="0.000140"/>
</kw>
<kw name="POST On Session" owner="RequestsLibrary">
<msg time="2026-04-26T15:05:40.046467" level="INFO">POST Request : url=http://localhost:8000/ues 
 path_url=/ues 
 headers={'User-Agent': 'python-requests/2.32.5', 'Accept-Encoding': 'gzip, deflate', 'Accept': '*/*', 'Connection': 'keep-alive', 'Content-Length': '12', 'Content-Type': 'application/json'} 
 body=b'{"ue_id": 1}' 
 </msg>
<msg time="2026-04-26T15:05:40.046494" level="INFO">POST Response : url=http://localhost:8000/ues 
 status=200, reason=OK 
 headers={'date': 'Sun, 26 Apr 2026 13:05:39 GMT', 'server': 'uvicorn', 'content-length': '31', 'content-type': 'application/json'} 
 body={"status":"attached","ue_id":1} 
 </msg>
<msg time="2026-04-26T15:05:40.046544" level="INFO">${response} = &lt;Response [200]&gt;</msg>
<var>${response}</var>
<arg>epc</arg>
<arg>/ues</arg>
<arg>json=${body}</arg>
<arg>expected_status=any</arg>
<doc>Sends a POST request on a previously created HTTP Session.</doc>
<status status="PASS" start="2026-04-26T15:05:40.040356" elapsed="0.006199"/>
</kw>
<kw name="Set Test Variable" owner="BuiltIn">
<msg time="2026-04-26T15:05:40.047024" level="INFO">${LAST_RESPONSE} = &lt;Response [200]&gt;</msg>
<arg>${LAST_RESPONSE}</arg>
<arg>${response}</arg>
<doc>Makes a variable available everywhere within the scope of the current test.</doc>
<status status="PASS" start="2026-04-26T15:05:40.046677" elapsed="0.000366"/>
</kw>
<status status="PASS" start="2026-04-26T15:05:40.039842" elapsed="0.007227"/>
</kw>
<kw name="Verify Default Bearer 9 Exists For UE 1" owner="epc_keywords" source_name="Verify Default Bearer ${bearer_id} Exists For UE ${ue_id}">
<kw name="Retrieve Traffic Stats For UE ${ue_id} Bearer ${bearer_id}" owner="epc_keywords" source_name="Retrieve Traffic Stats For UE ${ue_id} Bearer ${bearer_id}">
<kw name="Convert To Integer" owner="BuiltIn">
<msg time="2026-04-26T15:05:40.047691" level="INFO">${ue_id_int} = 1</msg>
<var>${ue_id_int}</var>
<arg>${ue_id}</arg>
<doc>Converts the given item to an integer number.</doc>
<status status="PASS" start="2026-04-26T15:05:40.047574" elapsed="0.000128"/>
</kw>
<kw name="Convert To Integer" owner="BuiltIn">
<msg time="2026-04-26T15:05:40.047868" level="INFO">${bearer_id_int} = 9</msg>
<var>${bearer_id_int}</var>
<arg>${bearer_id}</arg>
<doc>Converts the given item to an integer number.</doc>
<status status="PASS" start="2026-04-26T15:05:40.047763" elapsed="0.000114"/>
</kw>
<kw name="GET On Session" owner="RequestsLibrary">
<msg time="2026-04-26T15:05:40.052495" level="INFO">GET Request : url=http://localhost:8000/ues/1/bearers/9/traffic 
 path_url=/ues/1/bearers/9/traffic 
 headers={'User-Agent': 'python-requests/2.32.5', 'Accept-Encoding': 'gzip, deflate', 'Accept': '*/*', 'Connection': 'keep-alive'} 
 body=None 
 </msg>
<msg time="2026-04-26T15:05:40.052524" level="INFO">GET Response : url=http://localhost:8000/ues/1/bearers/9/traffic 
 status=200, reason=OK 
 headers={'date': 'Sun, 26 Apr 2026 13:05:39 GMT', 'server': 'uvicorn', 'content-length': '96', 'content-type': 'application/json'} 
 body={"ue_id":1,"bearer_id":9,"protocol":null,"target_bps":null,"tx_bps":0,"rx_bps":0,"duration":0.0} 
 </msg>
<msg time="2026-04-26T15:05:40.052572" level="INFO">${response} = &lt;Response [200]&gt;</msg>
<var>${response}</var>
<arg>epc</arg>
<arg>/ues/${ue_id_int}/bearers/${bearer_id_int}/traffic</arg>
<arg>expected_status=any</arg>
<doc>Sends a GET request on a previously created HTTP Session.</doc>
<status status="PASS" start="2026-04-26T15:05:40.047937" elapsed="0.004649"/>
</kw>
<kw name="Set Test Variable" owner="BuiltIn">
<msg time="2026-04-26T15:05:40.053463" level="INFO">${LAST_RESPONSE} = &lt;Response [200]&gt;</msg>
<arg>${LAST_RESPONSE}</arg>
<arg>${response}</arg>
<doc>Makes a variable available everywhere within the scope of the current test.</doc>
<status status="PASS" start="2026-04-26T15:05:40.052670" elapsed="0.000821"/>
</kw>
<status status="PASS" start="2026-04-26T15:05:40.047438" elapsed="0.006128"/>
</kw>
<kw name="Should Be Equal As Integers" owner="BuiltIn">
<msg time="2026-04-26T15:05:40.054437" level="INFO">Argument types are:
&lt;class 'int'&gt;
&lt;class 'str'&gt;</msg>
<arg>${LAST_RESPONSE.status_code}</arg>
<arg>200</arg>
<doc>Fails if objects are unequal after converting them to integers.</doc>
<status status="PASS" start="2026-04-26T15:05:40.053796" elapsed="0.000671"/>
</kw>
<status status="PASS" start="2026-04-26T15:05:40.047170" elapsed="0.007329"/>
</kw>
<kw name="Reset Simulator" owner="epc_keywords" type="TEARDOWN">
<kw name="POST On Session" owner="RequestsLibrary">
<msg time="2026-04-26T15:05:40.063241" level="INFO">POST Request : url=http://localhost:8000/reset 
 path_url=/reset 
 headers={'User-Agent': 'python-requests/2.32.5', 'Accept-Encoding': 'gzip, deflate', 'Accept': '*/*', 'Connection': 'keep-alive', 'Content-Length': '0'} 
 body=None 
 </msg>
<msg time="2026-04-26T15:05:40.063276" level="INFO">POST Response : url=http://localhost:8000/reset 
 status=200, reason=OK 
 headers={'date': 'Sun, 26 Apr 2026 13:05:39 GMT', 'server': 'uvicorn', 'content-length': '18', 'content-type': 'application/json'} 
 body={"status":"reset"} 
 </msg>
<arg>epc</arg>
<arg>/reset</arg>
<arg>expected_status=any</arg>
<doc>Sends a POST request on a previously created HTTP Session.</doc>
<status status="PASS" start="2026-04-26T15:05:40.054858" elapsed="0.008447"/>
</kw>
<status status="PASS" start="2026-04-26T15:05:40.054717" elapsed="0.008624"/>
</kw>
<doc>Verify UE 1 receives default bearer 9 automatically on attach.</doc>
<tag>attach</tag>
<tag>compliance</tag>
<tag>positive</tag>
<status status="PASS" start="2026-04-26T15:05:40.039600" elapsed="0.023777"/>
</test>
<test id="s1-s1-t7" name="TC-007 Attach UE 0 At Lower Boundary Successfully" line="53">
<kw name="Attach UE 0" owner="epc_keywords" source_name="Attach UE ${ue_id}">
<kw name="Convert To Integer" owner="BuiltIn">
<msg time="2026-04-26T15:05:40.064021" level="INFO">${ue_id_int} = 0</msg>
<var>${ue_id_int}</var>
<arg>${ue_id}</arg>
<doc>Converts the given item to an integer number.</doc>
<status status="PASS" start="2026-04-26T15:05:40.063880" elapsed="0.000153"/>
</kw>
<kw name="Create Dictionary" owner="BuiltIn">
<msg time="2026-04-26T15:05:40.064240" level="INFO">${body} = {'ue_id': 0}</msg>
<var>${body}</var>
<arg>ue_id=${ue_id_int}</arg>
<doc>Creates and returns a dictionary based on the given ``items``.</doc>
<status status="PASS" start="2026-04-26T15:05:40.064102" elapsed="0.000148"/>
</kw>
<kw name="POST On Session" owner="RequestsLibrary">
<msg time="2026-04-26T15:05:40.066436" level="INFO">POST Request : url=http://localhost:8000/ues 
 path_url=/ues 
 headers={'User-Agent': 'python-requests/2.32.5', 'Accept-Encoding': 'gzip, deflate', 'Accept': '*/*', 'Connection': 'keep-alive', 'Content-Length': '12', 'Content-Type': 'application/json'} 
 body=b'{"ue_id": 0}' 
 </msg>
<msg time="2026-04-26T15:05:40.066548" level="INFO">POST Response : url=http://localhost:8000/ues 
 status=422, reason=Unprocessable Entity 
 headers={'date': 'Sun, 26 Apr 2026 13:05:39 GMT', 'server': 'uvicorn', 'content-length': '141', 'content-type': 'application/json'} 
 body={"detail":[{"type":"greater_than_equal","loc":["body","ue_id"],"msg":"Input should be greater than or equal to 1","input":0,"ctx":{"ge":1}}]} 
 </msg>
<msg time="2026-04-26T15:05:40.066662" level="INFO">${response} = &lt;Response [422]&gt;</msg>
<var>${response}</var>
<arg>epc</arg>
<arg>/ues</arg>
<arg>json=${body}</arg>
<arg>expected_status=any</arg>
<doc>Sends a POST request on a previously created HTTP Session.</doc>
<status status="PASS" start="2026-04-26T15:05:40.064313" elapsed="0.002361"/>
</kw>
<kw name="Set Test Variable" owner="BuiltIn">
<msg time="2026-04-26T15:05:40.067130" level="INFO">${LAST_RESPONSE} = &lt;Response [422]&gt;</msg>
<arg>${LAST_RESPONSE}</arg>
<arg>${response}</arg>
<doc>Makes a variable available everywhere within the scope of the current test.</doc>
<status status="PASS" start="2026-04-26T15:05:40.066757" elapsed="0.000392"/>
</kw>
<status status="PASS" start="2026-04-26T15:05:40.063744" elapsed="0.003432"/>
</kw>
<kw name="Verify UE 0 Attached Successfully" owner="epc_keywords" source_name="Verify UE ${ue_id} Attached Successfully">
<kw name="Should Be Equal As Integers" owner="BuiltIn">
<msg time="2026-04-26T15:05:40.067835" level="INFO">Argument types are:
&lt;class 'int'&gt;
&lt;class 'str'&gt;</msg>
<msg time="2026-04-26T15:05:40.067905" level="FAIL">422 != 200</msg>
<arg>${LAST_RESPONSE.status_code}</arg>
<arg>200</arg>
<doc>Fails if objects are unequal after converting them to integers.</doc>
<status status="FAIL" start="2026-04-26T15:05:40.067432" elapsed="0.000558">422 != 200</status>
</kw>
<kw name="Should Be Equal" owner="BuiltIn">
<arg>${LAST_RESPONSE.json()}[status]</arg>
<arg>attached</arg>
<doc>Fails if the given objects are unequal.</doc>
<status status="NOT RUN" start="2026-04-26T15:05:40.068285" elapsed="0.000168"/>
</kw>
<status status="FAIL" start="2026-04-26T15:05:40.067306" elapsed="0.001349">422 != 200</status>
</kw>
<kw name="Reset Simulator" owner="epc_keywords" type="TEARDOWN">
<kw name="POST On Session" owner="RequestsLibrary">
<msg time="2026-04-26T15:05:40.072047" level="INFO">POST Request : url=http://localhost:8000/reset 
 path_url=/reset 
 headers={'User-Agent': 'python-requests/2.32.5', 'Accept-Encoding': 'gzip, deflate', 'Accept': '*/*', 'Connection': 'keep-alive', 'Content-Length': '0'} 
 body=None 
 </msg>
<msg time="2026-04-26T15:05:40.072085" level="INFO">POST Response : url=http://localhost:8000/reset 
 status=200, reason=OK 
 headers={'date': 'Sun, 26 Apr 2026 13:05:39 GMT', 'server': 'uvicorn', 'content-length': '18', 'content-type': 'application/json'} 
 body={"status":"reset"} 
 </msg>
<arg>epc</arg>
<arg>/reset</arg>
<arg>expected_status=any</arg>
<doc>Sends a POST request on a previously created HTTP Session.</doc>
<status status="PASS" start="2026-04-26T15:05:40.069380" elapsed="0.002733"/>
</kw>
<status status="PASS" start="2026-04-26T15:05:40.069174" elapsed="0.002973"/>
</kw>
<doc>DEF-001, Verify UE ID 0 (lower boundary of range 0-100) is accepted.</doc>
<tag>attach</tag>
<tag>boundary</tag>
<tag>positive</tag>
<status status="FAIL" start="2026-04-26T15:05:40.063485" elapsed="0.008699">422 != 200</status>
</test>
<test id="s1-s1-t8" name="TC-008 Attach UE 100 At Upper Boundary Successfully" line="59">
<kw name="Attach UE 100" owner="epc_keywords" source_name="Attach UE ${ue_id}">
<kw name="Convert To Integer" owner="BuiltIn">
<msg time="2026-04-26T15:05:40.072815" level="INFO">${ue_id_int} = 100</msg>
<var>${ue_id_int}</var>
<arg>${ue_id}</arg>
<doc>Converts the given item to an integer number.</doc>
<status status="PASS" start="2026-04-26T15:05:40.072668" elapsed="0.000158"/>
</kw>
<kw name="Create Dictionary" owner="BuiltIn">
<msg time="2026-04-26T15:05:40.073035" level="INFO">${body} = {'ue_id': 100}</msg>
<var>${body}</var>
<arg>ue_id=${ue_id_int}</arg>
<doc>Creates and returns a dictionary based on the given ``items``.</doc>
<status status="PASS" start="2026-04-26T15:05:40.072897" elapsed="0.000148"/>
</kw>
<kw name="POST On Session" owner="RequestsLibrary">
<msg time="2026-04-26T15:05:40.078277" level="INFO">POST Request : url=http://localhost:8000/ues 
 path_url=/ues 
 headers={'User-Agent': 'python-requests/2.32.5', 'Accept-Encoding': 'gzip, deflate', 'Accept': '*/*', 'Connection': 'keep-alive', 'Content-Length': '14', 'Content-Type': 'application/json'} 
 body=b'{"ue_id": 100}' 
 </msg>
<msg time="2026-04-26T15:05:40.078316" level="INFO">POST Response : url=http://localhost:8000/ues 
 status=200, reason=OK 
 headers={'date': 'Sun, 26 Apr 2026 13:05:39 GMT', 'server': 'uvicorn', 'content-length': '33', 'content-type': 'application/json'} 
 body={"status":"attached","ue_id":100} 
 </msg>
<msg time="2026-04-26T15:05:40.078380" level="INFO">${response} = &lt;Response [200]&gt;</msg>
<var>${response}</var>
<arg>epc</arg>
<arg>/ues</arg>
<arg>json=${body}</arg>
<arg>expected_status=any</arg>
<doc>Sends a POST request on a previously created HTTP Session.</doc>
<status status="PASS" start="2026-04-26T15:05:40.073108" elapsed="0.005283"/>
</kw>
<kw name="Set Test Variable" owner="BuiltIn">
<msg time="2026-04-26T15:05:40.078865" level="INFO">${LAST_RESPONSE} = &lt;Response [200]&gt;</msg>
<arg>${LAST_RESPONSE}</arg>
<arg>${response}</arg>
<doc>Makes a variable available everywhere within the scope of the current test.</doc>
<status status="PASS" start="2026-04-26T15:05:40.078489" elapsed="0.000396"/>
</kw>
<status status="PASS" start="2026-04-26T15:05:40.072542" elapsed="0.006374"/>
</kw>
<kw name="Verify UE 100 Attached Successfully" owner="epc_keywords" source_name="Verify UE ${ue_id} Attached Successfully">
<kw name="Should Be Equal As Integers" owner="BuiltIn">
<msg time="2026-04-26T15:05:40.079398" level="INFO">Argument types are:
&lt;class 'int'&gt;
&lt;class 'str'&gt;</msg>
<arg>${LAST_RESPONSE.status_code}</arg>
<arg>200</arg>
<doc>Fails if objects are unequal after converting them to integers.</doc>
<status status="PASS" start="2026-04-26T15:05:40.079161" elapsed="0.000262"/>
</kw>
<kw name="Should Be Equal" owner="BuiltIn">
<arg>${LAST_RESPONSE.json()}[status]</arg>
<arg>attached</arg>
<doc>Fails if the given objects are unequal.</doc>
<status status="PASS" start="2026-04-26T15:05:40.079487" elapsed="0.000272"/>
</kw>
<status status="PASS" start="2026-04-26T15:05:40.079032" elapsed="0.000751"/>
</kw>
<kw name="Reset Simulator" owner="epc_keywords" type="TEARDOWN">
<kw name="POST On Session" owner="RequestsLibrary">
<msg time="2026-04-26T15:05:40.084293" level="INFO">POST Request : url=http://localhost:8000/reset 
 path_url=/reset 
 headers={'User-Agent': 'python-requests/2.32.5', 'Accept-Encoding': 'gzip, deflate', 'Accept': '*/*', 'Connection': 'keep-alive', 'Content-Length': '0'} 
 body=None 
 </msg>
<msg time="2026-04-26T15:05:40.084335" level="INFO">POST Response : url=http://localhost:8000/reset 
 status=200, reason=OK 
 headers={'date': 'Sun, 26 Apr 2026 13:05:39 GMT', 'server': 'uvicorn', 'content-length': '18', 'content-type': 'application/json'} 
 body={"status":"reset"} 
 </msg>
<arg>epc</arg>
<arg>/reset</arg>
<arg>expected_status=any</arg>
<doc>Sends a POST request on a previously created HTTP Session.</doc>
<status status="PASS" start="2026-04-26T15:05:40.079995" elapsed="0.004371"/>
</kw>
<status status="PASS" start="2026-04-26T15:05:40.079879" elapsed="0.004526"/>
</kw>
<doc>Verify UE ID 100 (upper boundary of range 0-100) is accepted.</doc>
<tag>attach</tag>
<tag>boundary</tag>
<tag>positive</tag>
<status status="PASS" start="2026-04-26T15:05:40.072295" elapsed="0.012149"/>
</test>
<kw name="Reset Simulator" owner="epc_keywords" type="TEARDOWN">
<kw name="POST On Session" owner="RequestsLibrary">
<msg time="2026-04-26T15:05:40.087782" level="INFO">POST Request : url=http://localhost:8000/reset 
 path_url=/reset 
 headers={'User-Agent': 'python-requests/2.32.5', 'Accept-Encoding': 'gzip, deflate', 'Accept': '*/*', 'Connection': 'keep-alive', 'Content-Length': '0'} 
 body=None 
 </msg>
<msg time="2026-04-26T15:05:40.087824" level="INFO">POST Response : url=http://localhost:8000/reset 
 status=200, reason=OK 
 headers={'date': 'Sun, 26 Apr 2026 13:05:39 GMT', 'server': 'uvicorn', 'content-length': '18', 'content-type': 'application/json'} 
 body={"status":"reset"} 
 </msg>
<arg>epc</arg>
<arg>/reset</arg>
<arg>expected_status=any</arg>
<doc>Sends a POST request on a previously created HTTP Session.</doc>
<status status="PASS" start="2026-04-26T15:05:40.084896" elapsed="0.002966"/>
</kw>
<status status="PASS" start="2026-04-26T15:05:40.084776" elapsed="0.003123"/>
</kw>
<doc>UE attachment and detachment tests.</doc>
<status status="FAIL" start="2026-04-26T15:05:39.957479" elapsed="0.130434"/>
</suite>
<suite id="s1-s2" name="02 Bearer Management" source="/Users/sandy/rf-testing-labs-1/tests/02_bearer_management.robot">
<kw name="Initialize Simulator Session" owner="epc_keywords" type="SETUP">
<kw name="Create Session" owner="RequestsLibrary">
<msg time="2026-04-26T15:05:40.089254" level="INFO">Creating Session using : alias=epc, url=http://localhost:8000, headers={},                     cookies={}, auth=None, timeout=None, proxies=None, verify=False,                     debug=0 </msg>
<arg>epc</arg>
<arg>${BASE_URL}</arg>
<doc>Create Session: create a HTTP session to a server</doc>
<status status="PASS" start="2026-04-26T15:05:40.089176" elapsed="0.000526"/>
</kw>
<status status="PASS" start="2026-04-26T15:05:40.089038" elapsed="0.000703"/>
</kw>
<test id="s1-s2-t1" name="TC-009 Add Dedicated Bearer 3 To UE 5 Successfully" line="10">
<kw name="Attach UE 5" owner="epc_keywords" source_name="Attach UE ${ue_id}">
<kw name="Convert To Integer" owner="BuiltIn">
<msg time="2026-04-26T15:05:40.090365" level="INFO">${ue_id_int} = 5</msg>
<var>${ue_id_int}</var>
<arg>${ue_id}</arg>
<doc>Converts the given item to an integer number.</doc>
<status status="PASS" start="2026-04-26T15:05:40.090204" elapsed="0.000175"/>
</kw>
<kw name="Create Dictionary" owner="BuiltIn">
<msg time="2026-04-26T15:05:40.090593" level="INFO">${body} = {'ue_id': 5}</msg>
<var>${body}</var>
<arg>ue_id=${ue_id_int}</arg>
<doc>Creates and returns a dictionary based on the given ``items``.</doc>
<status status="PASS" start="2026-04-26T15:05:40.090452" elapsed="0.000152"/>
</kw>
<kw name="POST On Session" owner="RequestsLibrary">
<msg time="2026-04-26T15:05:40.095808" level="INFO">POST Request : url=http://localhost:8000/ues 
 path_url=/ues 
 headers={'User-Agent': 'python-requests/2.32.5', 'Accept-Encoding': 'gzip, deflate', 'Accept': '*/*', 'Connection': 'keep-alive', 'Content-Length': '12', 'Content-Type': 'application/json'} 
 body=b'{"ue_id": 5}' 
 </msg>
<msg time="2026-04-26T15:05:40.095836" level="INFO">POST Response : url=http://localhost:8000/ues 
 status=200, reason=OK 
 headers={'date': 'Sun, 26 Apr 2026 13:05:39 GMT', 'server': 'uvicorn', 'content-length': '31', 'content-type': 'application/json'} 
 body={"status":"attached","ue_id":5} 
 </msg>
<msg time="2026-04-26T15:05:40.095886" level="INFO">${response} = &lt;Response [200]&gt;</msg>
<var>${response}</var>
<arg>epc</arg>
<arg>/ues</arg>
<arg>json=${body}</arg>
<arg>expected_status=any</arg>
<doc>Sends a POST request on a previously created HTTP Session.</doc>
<status status="PASS" start="2026-04-26T15:05:40.090712" elapsed="0.005184"/>
</kw>
<kw name="Set Test Variable" owner="BuiltIn">
<msg time="2026-04-26T15:05:40.096325" level="INFO">${LAST_RESPONSE} = &lt;Response [200]&gt;</msg>
<arg>${LAST_RESPONSE}</arg>
<arg>${response}</arg>
<doc>Makes a variable available everywhere within the scope of the current test.</doc>
<status status="PASS" start="2026-04-26T15:05:40.095978" elapsed="0.000366"/>
</kw>
<status status="PASS" start="2026-04-26T15:05:40.090056" elapsed="0.006313"/>
</kw>
<kw name="Add Bearer 3 To UE 5" owner="epc_keywords" source_name="Add Bearer ${bearer_id} To UE ${ue_id}">
<kw name="Convert To Integer" owner="BuiltIn">
<msg time="2026-04-26T15:05:40.096714" level="INFO">${ue_id_int} = 5</msg>
<var>${ue_id_int}</var>
<arg>${ue_id}</arg>
<doc>Converts the given item to an integer number.</doc>
<status status="PASS" start="2026-04-26T15:05:40.096598" elapsed="0.000127"/>
</kw>
<kw name="Convert To Integer" owner="BuiltIn">
<msg time="2026-04-26T15:05:40.096885" level="INFO">${bearer_id_int} = 3</msg>
<var>${bearer_id_int}</var>
<arg>${bearer_id}</arg>
<doc>Converts the given item to an integer number.</doc>
<status status="PASS" start="2026-04-26T15:05:40.096784" elapsed="0.000111"/>
</kw>
<kw name="Create Dictionary" owner="BuiltIn">
<msg time="2026-04-26T15:05:40.097080" level="INFO">${body} = {'bearer_id': 3}</msg>
<var>${body}</var>
<arg>bearer_id=${bearer_id_int}</arg>
<doc>Creates and returns a dictionary based on the given ``items``.</doc>
<status status="PASS" start="2026-04-26T15:05:40.096954" elapsed="0.000136"/>
</kw>
<kw name="POST On Session" owner="RequestsLibrary">
<msg time="2026-04-26T15:05:40.100774" level="INFO">POST Request : url=http://localhost:8000/ues/5/bearers 
 path_url=/ues/5/bearers 
 headers={'User-Agent': 'python-requests/2.32.5', 'Accept-Encoding': 'gzip, deflate', 'Accept': '*/*', 'Connection': 'keep-alive', 'Content-Length': '16', 'Content-Type': 'application/json'} 
 body=b'{"bearer_id": 3}' 
 </msg>
<msg time="2026-04-26T15:05:40.100799" level="INFO">POST Response : url=http://localhost:8000/ues/5/bearers 
 status=200, reason=OK 
 headers={'date': 'Sun, 26 Apr 2026 13:05:39 GMT', 'server': 'uvicorn', 'content-length': '49', 'content-type': 'application/json'} 
 body={"status":"bearer_added","ue_id":5,"bearer_id":3} 
 </msg>
<msg time="2026-04-26T15:05:40.100841" level="INFO">${response} = &lt;Response [200]&gt;</msg>
<var>${response}</var>
<arg>epc</arg>
<arg>/ues/${ue_id_int}/bearers</arg>
<arg>json=${body}</arg>
<arg>expected_status=any</arg>
<doc>Sends a POST request on a previously created HTTP Session.</doc>
<status status="PASS" start="2026-04-26T15:05:40.097147" elapsed="0.003705"/>
</kw>
<kw name="Set Test Variable" owner="BuiltIn">
<msg time="2026-04-26T15:05:40.101134" level="INFO">${LAST_RESPONSE} = &lt;Response [200]&gt;</msg>
<arg>${LAST_RESPONSE}</arg>
<arg>${response}</arg>
<doc>Makes a variable available everywhere within the scope of the current test.</doc>
<status status="PASS" start="2026-04-26T15:05:40.100928" elapsed="0.000230"/>
</kw>
<status status="PASS" start="2026-04-26T15:05:40.096472" elapsed="0.004716"/>
</kw>
<kw name="Verify Bearer 3 Added To UE 5 Successfully" owner="epc_keywords" source_name="Verify Bearer ${bearer_id} Added To UE ${ue_id} Successfully">
<kw name="Should Be Equal As Integers" owner="BuiltIn">
<msg time="2026-04-26T15:05:40.101662" level="INFO">Argument types are:
&lt;class 'int'&gt;
&lt;class 'str'&gt;</msg>
<arg>${LAST_RESPONSE.status_code}</arg>
<arg>200</arg>
<doc>Fails if objects are unequal after converting them to integers.</doc>
<status status="PASS" start="2026-04-26T15:05:40.101418" elapsed="0.000268"/>
</kw>
<status status="PASS" start="2026-04-26T15:05:40.101290" elapsed="0.000419"/>
</kw>
<kw name="Reset Simulator" owner="epc_keywords" type="TEARDOWN">
<kw name="POST On Session" owner="RequestsLibrary">
<msg time="2026-04-26T15:05:40.105695" level="INFO">POST Request : url=http://localhost:8000/reset 
 path_url=/reset 
 headers={'User-Agent': 'python-requests/2.32.5', 'Accept-Encoding': 'gzip, deflate', 'Accept': '*/*', 'Connection': 'keep-alive', 'Content-Length': '0'} 
 body=None 
 </msg>
<msg time="2026-04-26T15:05:40.105729" level="INFO">POST Response : url=http://localhost:8000/reset 
 status=200, reason=OK 
 headers={'date': 'Sun, 26 Apr 2026 13:05:39 GMT', 'server': 'uvicorn', 'content-length': '18', 'content-type': 'application/json'} 
 body={"status":"reset"} 
 </msg>
<arg>epc</arg>
<arg>/reset</arg>
<arg>expected_status=any</arg>
<doc>Sends a POST request on a previously created HTTP Session.</doc>
<status status="PASS" start="2026-04-26T15:05:40.101942" elapsed="0.003814"/>
</kw>
<status status="PASS" start="2026-04-26T15:05:40.101798" elapsed="0.003992"/>
</kw>
<doc>Verify bearer 3 can be added to attached UE 5.
Attach is required before any bearer operation, both steps
are combined intentionally.</doc>
<tag>bearer</tag>
<tag>positive</tag>
<status status="PASS" start="2026-04-26T15:05:40.089766" elapsed="0.016058"/>
</test>
<test id="s1-s2-t2" name="TC-010 Reject Bearer 999 As Out Of Range For UE 5" line="19">
<kw name="Attach UE 5" owner="epc_keywords" source_name="Attach UE ${ue_id}">
<kw name="Convert To Integer" owner="BuiltIn">
<msg time="2026-04-26T15:05:40.106439" level="INFO">${ue_id_int} = 5</msg>
<var>${ue_id_int}</var>
<arg>${ue_id}</arg>
<doc>Converts the given item to an integer number.</doc>
<status status="PASS" start="2026-04-26T15:05:40.106308" elapsed="0.000142"/>
</kw>
<kw name="Create Dictionary" owner="BuiltIn">
<msg time="2026-04-26T15:05:40.106646" level="INFO">${body} = {'ue_id': 5}</msg>
<var>${body}</var>
<arg>ue_id=${ue_id_int}</arg>
<doc>Creates and returns a dictionary based on the given ``items``.</doc>
<status status="PASS" start="2026-04-26T15:05:40.106516" elapsed="0.000140"/>
</kw>
<kw name="POST On Session" owner="RequestsLibrary">
<msg time="2026-04-26T15:05:40.109816" level="INFO">POST Request : url=http://localhost:8000/ues 
 path_url=/ues 
 headers={'User-Agent': 'python-requests/2.32.5', 'Accept-Encoding': 'gzip, deflate', 'Accept': '*/*', 'Connection': 'keep-alive', 'Content-Length': '12', 'Content-Type': 'application/json'} 
 body=b'{"ue_id": 5}' 
 </msg>
<msg time="2026-04-26T15:05:40.109841" level="INFO">POST Response : url=http://localhost:8000/ues 
 status=200, reason=OK 
 headers={'date': 'Sun, 26 Apr 2026 13:05:39 GMT', 'server': 'uvicorn', 'content-length': '31', 'content-type': 'application/json'} 
 body={"status":"attached","ue_id":5} 
 </msg>
<msg time="2026-04-26T15:05:40.109888" level="INFO">${response} = &lt;Response [200]&gt;</msg>
<var>${response}</var>
<arg>epc</arg>
<arg>/ues</arg>
<arg>json=${body}</arg>
<arg>expected_status=any</arg>
<doc>Sends a POST request on a previously created HTTP Session.</doc>
<status status="PASS" start="2026-04-26T15:05:40.106714" elapsed="0.003184"/>
</kw>
<kw name="Set Test Variable" owner="BuiltIn">
<msg time="2026-04-26T15:05:40.110292" level="INFO">${LAST_RESPONSE} = &lt;Response [200]&gt;</msg>
<arg>${LAST_RESPONSE}</arg>
<arg>${response}</arg>
<doc>Makes a variable available everywhere within the scope of the current test.</doc>
<status status="PASS" start="2026-04-26T15:05:40.109975" elapsed="0.000334"/>
</kw>
<status status="PASS" start="2026-04-26T15:05:40.106187" elapsed="0.004176"/>
</kw>
<kw name="Add Bearer 999 To UE 5" owner="epc_keywords" source_name="Add Bearer ${bearer_id} To UE ${ue_id}">
<kw name="Convert To Integer" owner="BuiltIn">
<msg time="2026-04-26T15:05:40.110787" level="INFO">${ue_id_int} = 5</msg>
<var>${ue_id_int}</var>
<arg>${ue_id}</arg>
<doc>Converts the given item to an integer number.</doc>
<status status="PASS" start="2026-04-26T15:05:40.110669" elapsed="0.000129"/>
</kw>
<kw name="Convert To Integer" owner="BuiltIn">
<msg time="2026-04-26T15:05:40.110958" level="INFO">${bearer_id_int} = 999</msg>
<var>${bearer_id_int}</var>
<arg>${bearer_id}</arg>
<doc>Converts the given item to an integer number.</doc>
<status status="PASS" start="2026-04-26T15:05:40.110856" elapsed="0.000111"/>
</kw>
<kw name="Create Dictionary" owner="BuiltIn">
<msg time="2026-04-26T15:05:40.111148" level="INFO">${body} = {'bearer_id': 999}</msg>
<var>${body}</var>
<arg>bearer_id=${bearer_id_int}</arg>
<doc>Creates and returns a dictionary based on the given ``items``.</doc>
<status status="PASS" start="2026-04-26T15:05:40.111028" elapsed="0.000130"/>
</kw>
<kw name="POST On Session" owner="RequestsLibrary">
<msg time="2026-04-26T15:05:40.112779" level="INFO">POST Request : url=http://localhost:8000/ues/5/bearers 
 path_url=/ues/5/bearers 
 headers={'User-Agent': 'python-requests/2.32.5', 'Accept-Encoding': 'gzip, deflate', 'Accept': '*/*', 'Connection': 'keep-alive', 'Content-Length': '18', 'Content-Type': 'application/json'} 
 body=b'{"bearer_id": 999}' 
 </msg>
<msg time="2026-04-26T15:05:40.112807" level="INFO">POST Response : url=http://localhost:8000/ues/5/bearers 
 status=422, reason=Unprocessable Entity 
 headers={'date': 'Sun, 26 Apr 2026 13:05:39 GMT', 'server': 'uvicorn', 'content-length': '141', 'content-type': 'application/json'} 
 body={"detail":[{"type":"less_than_equal","loc":["body","bearer_id"],"msg":"Input should be less than or equal to 9","input":999,"ctx":{"le":9}}]} 
 </msg>
<msg time="2026-04-26T15:05:40.112850" level="INFO">${response} = &lt;Response [422]&gt;</msg>
<var>${response}</var>
<arg>epc</arg>
<arg>/ues/${ue_id_int}/bearers</arg>
<arg>json=${body}</arg>
<arg>expected_status=any</arg>
<doc>Sends a POST request on a previously created HTTP Session.</doc>
<status status="PASS" start="2026-04-26T15:05:40.111214" elapsed="0.001646"/>
</kw>
<kw name="Set Test Variable" owner="BuiltIn">
<msg time="2026-04-26T15:05:40.113074" level="INFO">${LAST_RESPONSE} = &lt;Response [422]&gt;</msg>
<arg>${LAST_RESPONSE}</arg>
<arg>${response}</arg>
<doc>Makes a variable available everywhere within the scope of the current test.</doc>
<status status="PASS" start="2026-04-26T15:05:40.112940" elapsed="0.000153"/>
</kw>
<status status="PASS" start="2026-04-26T15:05:40.110478" elapsed="0.002640"/>
</kw>
<kw name="Verify Bearer ID Rejected As Out Of Range" owner="epc_keywords">
<kw name="Verify Response Contains Range Error For Boundary" owner="epc_keywords">
<kw name="Should Not Be Equal As Integers" owner="BuiltIn">
<msg time="2026-04-26T15:05:40.113640" level="INFO">Argument types are:
&lt;class 'int'&gt;
&lt;class 'str'&gt;</msg>
<arg>${LAST_RESPONSE.status_code}</arg>
<arg>200</arg>
<doc>Fails if objects are equal after converting them to integers.</doc>
<status status="PASS" start="2026-04-26T15:05:40.113408" elapsed="0.000253"/>
</kw>
<kw name="Convert To String" owner="BuiltIn">
<msg time="2026-04-26T15:05:40.113946" level="INFO">${detail} = [{'type': 'less_than_equal', 'loc': ['body', 'bearer_id'], 'msg': 'Input should be less than or equal to 9', 'input': 999, 'ctx': {'le': 9}}]</msg>
<var>${detail}</var>
<arg>${LAST_RESPONSE.json()}[detail]</arg>
<doc>Converts the given item to a Unicode string.</doc>
<status status="PASS" start="2026-04-26T15:05:40.113722" elapsed="0.000234"/>
</kw>
<kw name="Run Keyword And Return Status" owner="BuiltIn">
<kw name="Should Contain" owner="BuiltIn">
<msg time="2026-04-26T15:05:40.114276" level="FAIL">'[{'type': 'less_than_equal', 'loc': ['body', 'bearer_id'], 'msg': 'Input should be less than or equal to 9', 'input': 999, 'ctx': {'le': 9}}]' does not contain '1'</msg>
<arg>${detail}</arg>
<arg>${lower}</arg>
<doc>Fails if ``container`` does not contain ``item`` one or more times.</doc>
<status status="FAIL" start="2026-04-26T15:05:40.114137" elapsed="0.000179">'[{'type': 'less_than_equal', 'loc': ['body', 'bearer_id'], 'msg': 'Input should be less than or equal to 9', 'input': 999, 'ctx': {'le': 9}}]' does not contain '1'</status>
</kw>
<msg time="2026-04-26T15:05:40.114352" level="INFO">${has_lower} = False</msg>
<var>${has_lower}</var>
<arg>Should Contain</arg>
<arg>${detail}</arg>
<arg>${lower}</arg>
<doc>Runs the specified keyword and returns the status as a Boolean value.</doc>
<status status="PASS" start="2026-04-26T15:05:40.114018" elapsed="0.000341"/>
</kw>
<kw name="Run Keyword And Return Status" owner="BuiltIn">
<kw name="Should Contain" owner="BuiltIn">
<arg>${detail}</arg>
<arg>${upper}</arg>
<doc>Fails if ``container`` does not contain ``item`` one or more times.</doc>
<status status="PASS" start="2026-04-26T15:05:40.114533" elapsed="0.000105"/>
</kw>
<msg time="2026-04-26T15:05:40.114668" level="INFO">${has_upper} = True</msg>
<var>${has_upper}</var>
<arg>Should Contain</arg>
<arg>${detail}</arg>
<arg>${upper}</arg>
<doc>Runs the specified keyword and returns the status as a Boolean value.</doc>
<status status="PASS" start="2026-04-26T15:05:40.114417" elapsed="0.000260"/>
</kw>
<kw name="Run Keyword If" owner="BuiltIn">
<arg>not ${has_lower} and not ${has_upper}</arg>
<arg>Fail</arg>
<arg>Error message should reference range ${lower}-${upper}. Got: ${detail}</arg>
<doc>Runs the given keyword with the given arguments, if ``condition`` is true.</doc>
<status status="PASS" start="2026-04-26T15:05:40.114737" elapsed="0.000122"/>
</kw>
<arg>1</arg>
<arg>9</arg>
<status status="PASS" start="2026-04-26T15:05:40.113295" elapsed="0.001586"/>
</kw>
<status status="PASS" start="2026-04-26T15:05:40.113189" elapsed="0.001709"/>
</kw>
<kw name="Reset Simulator" owner="epc_keywords" type="TEARDOWN">
<kw name="POST On Session" owner="RequestsLibrary">
<msg time="2026-04-26T15:05:40.120058" level="INFO">POST Request : url=http://localhost:8000/reset 
 path_url=/reset 
 headers={'User-Agent': 'python-requests/2.32.5', 'Accept-Encoding': 'gzip, deflate', 'Accept': '*/*', 'Connection': 'keep-alive', 'Content-Length': '0'} 
 body=None 
 </msg>
<msg time="2026-04-26T15:05:40.120096" level="INFO">POST Response : url=http://localhost:8000/reset 
 status=200, reason=OK 
 headers={'date': 'Sun, 26 Apr 2026 13:05:39 GMT', 'server': 'uvicorn', 'content-length': '18', 'content-type': 'application/json'} 
 body={"status":"reset"} 
 </msg>
<arg>epc</arg>
<arg>/reset</arg>
<arg>expected_status=any</arg>
<doc>Sends a POST request on a previously created HTTP Session.</doc>
<status status="PASS" start="2026-04-26T15:05:40.115092" elapsed="0.005037"/>
</kw>
<status status="PASS" start="2026-04-26T15:05:40.114985" elapsed="0.005184"/>
</kw>
<doc>Verify bearer ID 999 is outside the allowed range 1-9 and
the error message references the valid boundary values.</doc>
<tag>bearer</tag>
<tag>boundary</tag>
<tag>negative</tag>
<status status="PASS" start="2026-04-26T15:05:40.105927" elapsed="0.014278"/>
</test>
<test id="s1-s2-t3" name="TC-011 Reject Adding Duplicate Bearer 3 To UE 5" line="27">
<kw name="Attach UE 5" owner="epc_keywords" source_name="Attach UE ${ue_id}">
<kw name="Convert To Integer" owner="BuiltIn">
<msg time="2026-04-26T15:05:40.120833" level="INFO">${ue_id_int} = 5</msg>
<var>${ue_id_int}</var>
<arg>${ue_id}</arg>
<doc>Converts the given item to an integer number.</doc>
<status status="PASS" start="2026-04-26T15:05:40.120692" elapsed="0.000152"/>
</kw>
<kw name="Create Dictionary" owner="BuiltIn">
<msg time="2026-04-26T15:05:40.121041" level="INFO">${body} = {'ue_id': 5}</msg>
<var>${body}</var>
<arg>ue_id=${ue_id_int}</arg>
<doc>Creates and returns a dictionary based on the given ``items``.</doc>
<status status="PASS" start="2026-04-26T15:05:40.120908" elapsed="0.000146"/>
</kw>
<kw name="POST On Session" owner="RequestsLibrary">
<msg time="2026-04-26T15:05:40.124881" level="INFO">POST Request : url=http://localhost:8000/ues 
 path_url=/ues 
 headers={'User-Agent': 'python-requests/2.32.5', 'Accept-Encoding': 'gzip, deflate', 'Accept': '*/*', 'Connection': 'keep-alive', 'Content-Length': '12', 'Content-Type': 'application/json'} 
 body=b'{"ue_id": 5}' 
 </msg>
<msg time="2026-04-26T15:05:40.124914" level="INFO">POST Response : url=http://localhost:8000/ues 
 status=200, reason=OK 
 headers={'date': 'Sun, 26 Apr 2026 13:05:39 GMT', 'server': 'uvicorn', 'content-length': '31', 'content-type': 'application/json'} 
 body={"status":"attached","ue_id":5} 
 </msg>
<msg time="2026-04-26T15:05:40.124971" level="INFO">${response} = &lt;Response [200]&gt;</msg>
<var>${response}</var>
<arg>epc</arg>
<arg>/ues</arg>
<arg>json=${body}</arg>
<arg>expected_status=any</arg>
<doc>Sends a POST request on a previously created HTTP Session.</doc>
<status status="PASS" start="2026-04-26T15:05:40.121149" elapsed="0.003833"/>
</kw>
<kw name="Set Test Variable" owner="BuiltIn">
<msg time="2026-04-26T15:05:40.125410" level="INFO">${LAST_RESPONSE} = &lt;Response [200]&gt;</msg>
<arg>${LAST_RESPONSE}</arg>
<arg>${response}</arg>
<doc>Makes a variable available everywhere within the scope of the current test.</doc>
<status status="PASS" start="2026-04-26T15:05:40.125069" elapsed="0.000359"/>
</kw>
<status status="PASS" start="2026-04-26T15:05:40.120564" elapsed="0.004890"/>
</kw>
<kw name="Add Bearer 3 To UE 5" owner="epc_keywords" source_name="Add Bearer ${bearer_id} To UE ${ue_id}">
<kw name="Convert To Integer" owner="BuiltIn">
<msg time="2026-04-26T15:05:40.125803" level="INFO">${ue_id_int} = 5</msg>
<var>${ue_id_int}</var>
<arg>${ue_id}</arg>
<doc>Converts the given item to an integer number.</doc>
<status status="PASS" start="2026-04-26T15:05:40.125691" elapsed="0.000122"/>
</kw>
<kw name="Convert To Integer" owner="BuiltIn">
<msg time="2026-04-26T15:05:40.125964" level="INFO">${bearer_id_int} = 3</msg>
<var>${bearer_id_int}</var>
<arg>${bearer_id}</arg>
<doc>Converts the given item to an integer number.</doc>
<status status="PASS" start="2026-04-26T15:05:40.125870" elapsed="0.000102"/>
</kw>
<kw name="Create Dictionary" owner="BuiltIn">
<msg time="2026-04-26T15:05:40.126142" level="INFO">${body} = {'bearer_id': 3}</msg>
<var>${body}</var>
<arg>bearer_id=${bearer_id_int}</arg>
<doc>Creates and returns a dictionary based on the given ``items``.</doc>
<status status="PASS" start="2026-04-26T15:05:40.126028" elapsed="0.000123"/>
</kw>
<kw name="POST On Session" owner="RequestsLibrary">
<msg time="2026-04-26T15:05:40.129554" level="INFO">POST Request : url=http://localhost:8000/ues/5/bearers 
 path_url=/ues/5/bearers 
 headers={'User-Agent': 'python-requests/2.32.5', 'Accept-Encoding': 'gzip, deflate', 'Accept': '*/*', 'Connection': 'keep-alive', 'Content-Length': '16', 'Content-Type': 'application/json'} 
 body=b'{"bearer_id": 3}' 
 </msg>
<msg time="2026-04-26T15:05:40.129670" level="INFO">POST Response : url=http://localhost:8000/ues/5/bearers 
 status=200, reason=OK 
 headers={'date': 'Sun, 26 Apr 2026 13:05:39 GMT', 'server': 'uvicorn', 'content-length': '49', 'content-type': 'application/json'} 
 body={"status":"bearer_added","ue_id":5,"bearer_id":3} 
 </msg>
<msg time="2026-04-26T15:05:40.129717" level="INFO">${response} = &lt;Response [200]&gt;</msg>
<var>${response}</var>
<arg>epc</arg>
<arg>/ues/${ue_id_int}/bearers</arg>
<arg>json=${body}</arg>
<arg>expected_status=any</arg>
<doc>Sends a POST request on a previously created HTTP Session.</doc>
<status status="PASS" start="2026-04-26T15:05:40.126205" elapsed="0.003522"/>
</kw>
<kw name="Set Test Variable" owner="BuiltIn">
<msg time="2026-04-26T15:05:40.129925" level="INFO">${LAST_RESPONSE} = &lt;Response [200]&gt;</msg>
<arg>${LAST_RESPONSE}</arg>
<arg>${response}</arg>
<doc>Makes a variable available everywhere within the scope of the current test.</doc>
<status status="PASS" start="2026-04-26T15:05:40.129800" elapsed="0.000141"/>
</kw>
<status status="PASS" start="2026-04-26T15:05:40.125564" elapsed="0.004401"/>
</kw>
<kw name="Add Bearer 3 To UE 5" owner="epc_keywords" source_name="Add Bearer ${bearer_id} To UE ${ue_id}">
<kw name="Convert To Integer" owner="BuiltIn">
<msg time="2026-04-26T15:05:40.130284" level="INFO">${ue_id_int} = 5</msg>
<var>${ue_id_int}</var>
<arg>${ue_id}</arg>
<doc>Converts the given item to an integer number.</doc>
<status status="PASS" start="2026-04-26T15:05:40.130181" elapsed="0.000113"/>
</kw>
<kw name="Convert To Integer" owner="BuiltIn">
<msg time="2026-04-26T15:05:40.130436" level="INFO">${bearer_id_int} = 3</msg>
<var>${bearer_id_int}</var>
<arg>${bearer_id}</arg>
<doc>Converts the given item to an integer number.</doc>
<status status="PASS" start="2026-04-26T15:05:40.130347" elapsed="0.000101"/>
</kw>
<kw name="Create Dictionary" owner="BuiltIn">
<msg time="2026-04-26T15:05:40.130622" level="INFO">${body} = {'bearer_id': 3}</msg>
<var>${body}</var>
<arg>bearer_id=${bearer_id_int}</arg>
<doc>Creates and returns a dictionary based on the given ``items``.</doc>
<status status="PASS" start="2026-04-26T15:05:40.130507" elapsed="0.000125"/>
</kw>
<kw name="POST On Session" owner="RequestsLibrary">
<msg time="2026-04-26T15:05:40.132750" level="INFO">POST Request : url=http://localhost:8000/ues/5/bearers 
 path_url=/ues/5/bearers 
 headers={'User-Agent': 'python-requests/2.32.5', 'Accept-Encoding': 'gzip, deflate', 'Accept': '*/*', 'Connection': 'keep-alive', 'Content-Length': '16', 'Content-Type': 'application/json'} 
 body=b'{"bearer_id": 3}' 
 </msg>
<msg time="2026-04-26T15:05:40.132780" level="INFO">POST Response : url=http://localhost:8000/ues/5/bearers 
 status=400, reason=Bad Request 
 headers={'date': 'Sun, 26 Apr 2026 13:05:39 GMT', 'server': 'uvicorn', 'content-length': '34', 'content-type': 'application/json'} 
 body={"detail":"Bearer already exists"} 
 </msg>
<msg time="2026-04-26T15:05:40.132823" level="INFO">${response} = &lt;Response [400]&gt;</msg>
<var>${response}</var>
<arg>epc</arg>
<arg>/ues/${ue_id_int}/bearers</arg>
<arg>json=${body}</arg>
<arg>expected_status=any</arg>
<doc>Sends a POST request on a previously created HTTP Session.</doc>
<status status="PASS" start="2026-04-26T15:05:40.130687" elapsed="0.002146"/>
</kw>
<kw name="Set Test Variable" owner="BuiltIn">
<msg time="2026-04-26T15:05:40.133060" level="INFO">${LAST_RESPONSE} = &lt;Response [400]&gt;</msg>
<arg>${LAST_RESPONSE}</arg>
<arg>${response}</arg>
<doc>Makes a variable available everywhere within the scope of the current test.</doc>
<status status="PASS" start="2026-04-26T15:05:40.132915" elapsed="0.000170"/>
</kw>
<status status="PASS" start="2026-04-26T15:05:40.130061" elapsed="0.003068"/>
</kw>
<kw name="Verify Bearer Addition Rejected As Duplicate" owner="epc_keywords">
<kw name="Verify Response Contains Error Matching" owner="epc_keywords">
<kw name="Should Not Be Equal As Integers" owner="BuiltIn">
<msg time="2026-04-26T15:05:40.133684" level="INFO">Argument types are:
&lt;class 'int'&gt;
&lt;class 'str'&gt;</msg>
<arg>${LAST_RESPONSE.status_code}</arg>
<arg>200</arg>
<doc>Fails if objects are equal after converting them to integers.</doc>
<status status="PASS" start="2026-04-26T15:05:40.133430" elapsed="0.000276"/>
</kw>
<kw name="Get From Dictionary" owner="Collections">
<msg time="2026-04-26T15:05:40.133964" level="INFO">${detail} = Bearer already exists</msg>
<var>${detail}</var>
<arg>${LAST_RESPONSE.json()}</arg>
<arg>detail</arg>
<doc>Returns a value from the given ``dictionary`` based on the given ``key``.</doc>
<status status="PASS" start="2026-04-26T15:05:40.133769" elapsed="0.000205"/>
</kw>
<kw name="Convert To String" owner="BuiltIn">
<msg time="2026-04-26T15:05:40.134137" level="INFO">${detail_str} = Bearer already exists</msg>
<var>${detail_str}</var>
<arg>${detail}</arg>
<doc>Converts the given item to a Unicode string.</doc>
<status status="PASS" start="2026-04-26T15:05:40.134033" elapsed="0.000113"/>
</kw>
<kw name="Should Contain" owner="BuiltIn">
<arg>${detail_str}</arg>
<arg>${expected_text}</arg>
<arg>ignore_case=True</arg>
<doc>Fails if ``container`` does not contain ``item`` one or more times.</doc>
<status status="PASS" start="2026-04-26T15:05:40.134239" elapsed="0.000132"/>
</kw>
<arg>already exists</arg>
<status status="PASS" start="2026-04-26T15:05:40.133322" elapsed="0.001074"/>
</kw>
<status status="PASS" start="2026-04-26T15:05:40.133210" elapsed="0.001202"/>
</kw>
<kw name="Reset Simulator" owner="epc_keywords" type="TEARDOWN">
<kw name="POST On Session" owner="RequestsLibrary">
<msg time="2026-04-26T15:05:40.138376" level="INFO">POST Request : url=http://localhost:8000/reset 
 path_url=/reset 
 headers={'User-Agent': 'python-requests/2.32.5', 'Accept-Encoding': 'gzip, deflate', 'Accept': '*/*', 'Connection': 'keep-alive', 'Content-Length': '0'} 
 body=None 
 </msg>
<msg time="2026-04-26T15:05:40.138406" level="INFO">POST Response : url=http://localhost:8000/reset 
 status=200, reason=OK 
 headers={'date': 'Sun, 26 Apr 2026 13:05:39 GMT', 'server': 'uvicorn', 'content-length': '18', 'content-type': 'application/json'} 
 body={"status":"reset"} 
 </msg>
<arg>epc</arg>
<arg>/reset</arg>
<arg>expected_status=any</arg>
<doc>Sends a POST request on a previously created HTTP Session.</doc>
<status status="PASS" start="2026-04-26T15:05:40.134683" elapsed="0.003747"/>
</kw>
<status status="PASS" start="2026-04-26T15:05:40.134499" elapsed="0.003963"/>
</kw>
<doc>Verify that adding bearer 3 a second time to UE 5
returns a duplicate-bearer error.</doc>
<tag>bearer</tag>
<tag>negative</tag>
<status status="PASS" start="2026-04-26T15:05:40.120309" elapsed="0.018183"/>
</test>
<test id="s1-s2-t4" name="TC-012 Retrieve Status For UE 5 With Active Bearer 3" line="36">
<kw name="Attach UE 5" owner="epc_keywords" source_name="Attach UE ${ue_id}">
<kw name="Convert To Integer" owner="BuiltIn">
<msg time="2026-04-26T15:05:40.139128" level="INFO">${ue_id_int} = 5</msg>
<var>${ue_id_int}</var>
<arg>${ue_id}</arg>
<doc>Converts the given item to an integer number.</doc>
<status status="PASS" start="2026-04-26T15:05:40.138994" elapsed="0.000146"/>
</kw>
<kw name="Create Dictionary" owner="BuiltIn">
<msg time="2026-04-26T15:05:40.139335" level="INFO">${body} = {'ue_id': 5}</msg>
<var>${body}</var>
<arg>ue_id=${ue_id_int}</arg>
<doc>Creates and returns a dictionary based on the given ``items``.</doc>
<status status="PASS" start="2026-04-26T15:05:40.139206" elapsed="0.000139"/>
</kw>
<kw name="POST On Session" owner="RequestsLibrary">
<msg time="2026-04-26T15:05:40.142569" level="INFO">POST Request : url=http://localhost:8000/ues 
 path_url=/ues 
 headers={'User-Agent': 'python-requests/2.32.5', 'Accept-Encoding': 'gzip, deflate', 'Accept': '*/*', 'Connection': 'keep-alive', 'Content-Length': '12', 'Content-Type': 'application/json'} 
 body=b'{"ue_id": 5}' 
 </msg>
<msg time="2026-04-26T15:05:40.142602" level="INFO">POST Response : url=http://localhost:8000/ues 
 status=200, reason=OK 
 headers={'date': 'Sun, 26 Apr 2026 13:05:39 GMT', 'server': 'uvicorn', 'content-length': '31', 'content-type': 'application/json'} 
 body={"status":"attached","ue_id":5} 
 </msg>
<msg time="2026-04-26T15:05:40.142676" level="INFO">${response} = &lt;Response [200]&gt;</msg>
<var>${response}</var>
<arg>epc</arg>
<arg>/ues</arg>
<arg>json=${body}</arg>
<arg>expected_status=any</arg>
<doc>Sends a POST request on a previously created HTTP Session.</doc>
<status status="PASS" start="2026-04-26T15:05:40.139403" elapsed="0.003285"/>
</kw>
<kw name="Set Test Variable" owner="BuiltIn">
<msg time="2026-04-26T15:05:40.143114" level="INFO">${LAST_RESPONSE} = &lt;Response [200]&gt;</msg>
<arg>${LAST_RESPONSE}</arg>
<arg>${response}</arg>
<doc>Makes a variable available everywhere within the scope of the current test.</doc>
<status status="PASS" start="2026-04-26T15:05:40.142772" elapsed="0.000361"/>
</kw>
<status status="PASS" start="2026-04-26T15:05:40.138862" elapsed="0.004297"/>
</kw>
<kw name="Add Bearer 3 To UE 5" owner="epc_keywords" source_name="Add Bearer ${bearer_id} To UE ${ue_id}">
<kw name="Convert To Integer" owner="BuiltIn">
<msg time="2026-04-26T15:05:40.143508" level="INFO">${ue_id_int} = 5</msg>
<var>${ue_id_int}</var>
<arg>${ue_id}</arg>
<doc>Converts the given item to an integer number.</doc>
<status status="PASS" start="2026-04-26T15:05:40.143390" elapsed="0.000129"/>
</kw>
<kw name="Convert To Integer" owner="BuiltIn">
<msg time="2026-04-26T15:05:40.143673" level="INFO">${bearer_id_int} = 3</msg>
<var>${bearer_id_int}</var>
<arg>${bearer_id}</arg>
<doc>Converts the given item to an integer number.</doc>
<status status="PASS" start="2026-04-26T15:05:40.143576" elapsed="0.000107"/>
</kw>
<kw name="Create Dictionary" owner="BuiltIn">
<msg time="2026-04-26T15:05:40.143862" level="INFO">${body} = {'bearer_id': 3}</msg>
<var>${body}</var>
<arg>bearer_id=${bearer_id_int}</arg>
<doc>Creates and returns a dictionary based on the given ``items``.</doc>
<status status="PASS" start="2026-04-26T15:05:40.143742" elapsed="0.000129"/>
</kw>
<kw name="POST On Session" owner="RequestsLibrary">
<msg time="2026-04-26T15:05:40.147876" level="INFO">POST Request : url=http://localhost:8000/ues/5/bearers 
 path_url=/ues/5/bearers 
 headers={'User-Agent': 'python-requests/2.32.5', 'Accept-Encoding': 'gzip, deflate', 'Accept': '*/*', 'Connection': 'keep-alive', 'Content-Length': '16', 'Content-Type': 'application/json'} 
 body=b'{"bearer_id": 3}' 
 </msg>
<msg time="2026-04-26T15:05:40.147904" level="INFO">POST Response : url=http://localhost:8000/ues/5/bearers 
 status=200, reason=OK 
 headers={'date': 'Sun, 26 Apr 2026 13:05:39 GMT', 'server': 'uvicorn', 'content-length': '49', 'content-type': 'application/json'} 
 body={"status":"bearer_added","ue_id":5,"bearer_id":3} 
 </msg>
<msg time="2026-04-26T15:05:40.147949" level="INFO">${response} = &lt;Response [200]&gt;</msg>
<var>${response}</var>
<arg>epc</arg>
<arg>/ues/${ue_id_int}/bearers</arg>
<arg>json=${body}</arg>
<arg>expected_status=any</arg>
[...]
<kw name="Reset Simulator" owner="epc_keywords" type="TEARDOWN">
<kw name="POST On Session" owner="RequestsLibrary">
<msg time="2026-04-26T15:05:40.546581" level="INFO">POST Request : url=http://localhost:8000/reset 
 path_url=/reset 
 headers={'User-Agent': 'python-requests/2.32.5', 'Accept-Encoding': 'gzip, deflate', 'Accept': '*/*', 'Connection': 'keep-alive', 'Content-Length': '0'} 
 body=None 
 </msg>
<msg time="2026-04-26T15:05:40.546607" level="INFO">POST Response : url=http://localhost:8000/reset 
 status=200, reason=OK 
 headers={'date': 'Sun, 26 Apr 2026 13:05:40 GMT', 'server': 'uvicorn', 'content-length': '18', 'content-type': 'application/json'} 
 body={"status":"reset"} 
 </msg>
<arg>epc</arg>
<arg>/reset</arg>
<arg>expected_status=any</arg>
<doc>Sends a POST request on a previously created HTTP Session.</doc>
<status status="PASS" start="2026-04-26T15:05:40.543380" elapsed="0.003249"/>
</kw>
<status status="PASS" start="2026-04-26T15:05:40.543238" elapsed="0.003418"/>
</kw>
<doc>DEF-008, Verify the traffic endpoint accepts the TCP protocol.
The API documentation does not mention a `protocol` parameter, but
the request schema appears to require it and only allows `udp` or
`tcp`. This test validates that `tcp` is accepted, indicating a
likely documentation defect or missing requirement. Attach is a
prerequisite, and bearer 9 is the default bearer.</doc>
<tag>compliance</tag>
<tag>positive</tag>
<tag>protocol</tag>
<tag>traffic</tag>
<status status="PASS" start="2026-04-26T15:05:40.523977" elapsed="0.022730"/>
</test>
<test id="s1-s3-t13" name="TC-031 Retrieve Aggregate Traffic Stats For UE 5 Across Multiple Bearers" line="136">
<kw name="Attach UE 5" owner="epc_keywords" source_name="Attach UE ${ue_id}">
<kw name="Convert To Integer" owner="BuiltIn">
<msg time="2026-04-26T15:05:40.547230" level="INFO">${ue_id_int} = 5</msg>
<var>${ue_id_int}</var>
<arg>${ue_id}</arg>
<doc>Converts the given item to an integer number.</doc>
<status status="PASS" start="2026-04-26T15:05:40.547112" elapsed="0.000127"/>
</kw>
<kw name="Create Dictionary" owner="BuiltIn">
<msg time="2026-04-26T15:05:40.547407" level="INFO">${body} = {'ue_id': 5}</msg>
<var>${body}</var>
<arg>ue_id=${ue_id_int}</arg>
<doc>Creates and returns a dictionary based on the given ``items``.</doc>
<status status="PASS" start="2026-04-26T15:05:40.547294" elapsed="0.000122"/>
</kw>
<kw name="POST On Session" owner="RequestsLibrary">
<msg time="2026-04-26T15:05:40.550408" level="INFO">POST Request : url=http://localhost:8000/ues 
 path_url=/ues 
 headers={'User-Agent': 'python-requests/2.32.5', 'Accept-Encoding': 'gzip, deflate', 'Accept': '*/*', 'Connection': 'keep-alive', 'Content-Length': '12', 'Content-Type': 'application/json'} 
 body=b'{"ue_id": 5}' 
 </msg>
<msg time="2026-04-26T15:05:40.550433" level="INFO">POST Response : url=http://localhost:8000/ues 
 status=200, reason=OK 
 headers={'date': 'Sun, 26 Apr 2026 13:05:40 GMT', 'server': 'uvicorn', 'content-length': '31', 'content-type': 'application/json'} 
 body={"status":"attached","ue_id":5} 
 </msg>
<msg time="2026-04-26T15:05:40.550482" level="INFO">${response} = &lt;Response [200]&gt;</msg>
<var>${response}</var>
<arg>epc</arg>
<arg>/ues</arg>
<arg>json=${body}</arg>
<arg>expected_status=any</arg>
<doc>Sends a POST request on a previously created HTTP Session.</doc>
<status status="PASS" start="2026-04-26T15:05:40.547467" elapsed="0.003025"/>
</kw>
<kw name="Set Test Variable" owner="BuiltIn">
<msg time="2026-04-26T15:05:40.550878" level="INFO">${LAST_RESPONSE} = &lt;Response [200]&gt;</msg>
<arg>${LAST_RESPONSE}</arg>
<arg>${response}</arg>
<doc>Makes a variable available everywhere within the scope of the current test.</doc>
<status status="PASS" start="2026-04-26T15:05:40.550567" elapsed="0.000326"/>
</kw>
<status status="PASS" start="2026-04-26T15:05:40.547002" elapsed="0.003914"/>
</kw>
<kw name="Add Bearer 1 To UE 5" owner="epc_keywords" source_name="Add Bearer ${bearer_id} To UE ${ue_id}">
<kw name="Convert To Integer" owner="BuiltIn">
<msg time="2026-04-26T15:05:40.551237" level="INFO">${ue_id_int} = 5</msg>
<var>${ue_id_int}</var>
<arg>${ue_id}</arg>
<doc>Converts the given item to an integer number.</doc>
<status status="PASS" start="2026-04-26T15:05:40.551134" elapsed="0.000112"/>
</kw>
<kw name="Convert To Integer" owner="BuiltIn">
<msg time="2026-04-26T15:05:40.551765" level="INFO">${bearer_id_int} = 1</msg>
<var>${bearer_id_int}</var>
<arg>${bearer_id}</arg>
<doc>Converts the given item to an integer number.</doc>
<status status="PASS" start="2026-04-26T15:05:40.551333" elapsed="0.000474"/>
</kw>
<kw name="Create Dictionary" owner="BuiltIn">
<msg time="2026-04-26T15:05:40.552099" level="INFO">${body} = {'bearer_id': 1}</msg>
<var>${body}</var>
<arg>bearer_id=${bearer_id_int}</arg>
<doc>Creates and returns a dictionary based on the given ``items``.</doc>
<status status="PASS" start="2026-04-26T15:05:40.551910" elapsed="0.000204"/>
</kw>
<kw name="POST On Session" owner="RequestsLibrary">
<msg time="2026-04-26T15:05:40.555762" level="INFO">POST Request : url=http://localhost:8000/ues/5/bearers 
 path_url=/ues/5/bearers 
 headers={'User-Agent': 'python-requests/2.32.5', 'Accept-Encoding': 'gzip, deflate', 'Accept': '*/*', 'Connection': 'keep-alive', 'Content-Length': '16', 'Content-Type': 'application/json'} 
 body=b'{"bearer_id": 1}' 
 </msg>
<msg time="2026-04-26T15:05:40.555787" level="INFO">POST Response : url=http://localhost:8000/ues/5/bearers 
 status=200, reason=OK 
 headers={'date': 'Sun, 26 Apr 2026 13:05:40 GMT', 'server': 'uvicorn', 'content-length': '49', 'content-type': 'application/json'} 
 body={"status":"bearer_added","ue_id":5,"bearer_id":1} 
 </msg>
<msg time="2026-04-26T15:05:40.555830" level="INFO">${response} = &lt;Response [200]&gt;</msg>
<var>${response}</var>
<arg>epc</arg>
<arg>/ues/${ue_id_int}/bearers</arg>
<arg>json=${body}</arg>
<arg>expected_status=any</arg>
<doc>Sends a POST request on a previously created HTTP Session.</doc>
<status status="PASS" start="2026-04-26T15:05:40.552191" elapsed="0.003649"/>
</kw>
<kw name="Set Test Variable" owner="BuiltIn">
<msg time="2026-04-26T15:05:40.556038" level="INFO">${LAST_RESPONSE} = &lt;Response [200]&gt;</msg>
<arg>${LAST_RESPONSE}</arg>
<arg>${response}</arg>
<doc>Makes a variable available everywhere within the scope of the current test.</doc>
<status status="PASS" start="2026-04-26T15:05:40.555913" elapsed="0.000140"/>
</kw>
<status status="PASS" start="2026-04-26T15:05:40.551015" elapsed="0.005063"/>
</kw>
<kw name="Start Traffic On UE 5 Bearer 9 At 10 Mbps" owner="epc_keywords" source_name="Start Traffic On UE ${ue_id} Bearer ${bearer_id} At ${mbps} Mbps">
<kw name="Convert To Integer" owner="BuiltIn">
<msg time="2026-04-26T15:05:40.556433" level="INFO">${ue_id_int} = 5</msg>
<var>${ue_id_int}</var>
<arg>${ue_id}</arg>
<doc>Converts the given item to an integer number.</doc>
<status status="PASS" start="2026-04-26T15:05:40.556316" elapsed="0.000128"/>
</kw>
<kw name="Convert To Integer" owner="BuiltIn">
<msg time="2026-04-26T15:05:40.556621" level="INFO">${bearer_id_int} = 9</msg>
<var>${bearer_id_int}</var>
<arg>${bearer_id}</arg>
<doc>Converts the given item to an integer number.</doc>
<status status="PASS" start="2026-04-26T15:05:40.556510" elapsed="0.000122"/>
</kw>
<kw name="Convert To Integer" owner="BuiltIn">
<msg time="2026-04-26T15:05:40.556801" level="INFO">${mbps_int} = 10</msg>
<var>${mbps_int}</var>
<arg>${mbps}</arg>
<doc>Converts the given item to an integer number.</doc>
<status status="PASS" start="2026-04-26T15:05:40.556695" elapsed="0.000115"/>
</kw>
<kw name="Create Dictionary" owner="BuiltIn">
<msg time="2026-04-26T15:05:40.556986" level="INFO">${body} = {'protocol': 'udp', 'Mbps': 10}</msg>
<var>${body}</var>
<arg>protocol=udp</arg>
<arg>Mbps=${mbps_int}</arg>
<doc>Creates and returns a dictionary based on the given ``items``.</doc>
<status status="PASS" start="2026-04-26T15:05:40.556866" elapsed="0.000129"/>
</kw>
<kw name="POST On Session" owner="RequestsLibrary">
<msg time="2026-04-26T15:05:40.561434" level="INFO">POST Request : url=http://localhost:8000/ues/5/bearers/9/traffic 
 path_url=/ues/5/bearers/9/traffic 
 headers={'User-Agent': 'python-requests/2.32.5', 'Accept-Encoding': 'gzip, deflate', 'Accept': '*/*', 'Connection': 'keep-alive', 'Content-Length': '31', 'Content-Type': 'application/json'} 
 body=b'{"protocol": "udp", "Mbps": 10}' 
 </msg>
<msg time="2026-04-26T15:05:40.561462" level="INFO">POST Response : url=http://localhost:8000/ues/5/bearers/9/traffic 
 status=200, reason=OK 
 headers={'date': 'Sun, 26 Apr 2026 13:05:40 GMT', 'server': 'uvicorn', 'content-length': '74', 'content-type': 'application/json'} 
 body={"status":"traffic_started","ue_id":5,"bearer_id":9,"target_bps":10000000} 
 </msg>
<msg time="2026-04-26T15:05:40.561508" level="INFO">${response} = &lt;Response [200]&gt;</msg>
<var>${response}</var>
<arg>epc</arg>
<arg>/ues/${ue_id_int}/bearers/${bearer_id_int}/traffic</arg>
<arg>json=${body}</arg>
<arg>expected_status=any</arg>
<doc>Sends a POST request on a previously created HTTP Session.</doc>
<status status="PASS" start="2026-04-26T15:05:40.557050" elapsed="0.004469"/>
</kw>
<kw name="Set Test Variable" owner="BuiltIn">
<msg time="2026-04-26T15:05:40.561753" level="INFO">${LAST_RESPONSE} = &lt;Response [200]&gt;</msg>
<arg>${LAST_RESPONSE}</arg>
<arg>${response}</arg>
<doc>Makes a variable available everywhere within the scope of the current test.</doc>
<status status="PASS" start="2026-04-26T15:05:40.561620" elapsed="0.000150"/>
</kw>
<status status="PASS" start="2026-04-26T15:05:40.556190" elapsed="0.005606"/>
</kw>
<kw name="Start Traffic On UE 5 Bearer 1 At 5 Mbps" owner="epc_keywords" source_name="Start Traffic On UE ${ue_id} Bearer ${bearer_id} At ${mbps} Mbps">
<kw name="Convert To Integer" owner="BuiltIn">
<msg time="2026-04-26T15:05:40.562129" level="INFO">${ue_id_int} = 5</msg>
<var>${ue_id_int}</var>
<arg>${ue_id}</arg>
<doc>Converts the given item to an integer number.</doc>
<status status="PASS" start="2026-04-26T15:05:40.562023" elapsed="0.000116"/>
</kw>
<kw name="Convert To Integer" owner="BuiltIn">
<msg time="2026-04-26T15:05:40.562289" level="INFO">${bearer_id_int} = 1</msg>
<var>${bearer_id_int}</var>
<arg>${bearer_id}</arg>
<doc>Converts the given item to an integer number.</doc>
<status status="PASS" start="2026-04-26T15:05:40.562195" elapsed="0.000103"/>
</kw>
<kw name="Convert To Integer" owner="BuiltIn">
<msg time="2026-04-26T15:05:40.562442" level="INFO">${mbps_int} = 5</msg>
<var>${mbps_int}</var>
<arg>${mbps}</arg>
<doc>Converts the given item to an integer number.</doc>
<status status="PASS" start="2026-04-26T15:05:40.562352" elapsed="0.000098"/>
</kw>
<kw name="Create Dictionary" owner="BuiltIn">
<msg time="2026-04-26T15:05:40.562640" level="INFO">${body} = {'protocol': 'udp', 'Mbps': 5}</msg>
<var>${body}</var>
<arg>protocol=udp</arg>
<arg>Mbps=${mbps_int}</arg>
<doc>Creates and returns a dictionary based on the given ``items``.</doc>
<status status="PASS" start="2026-04-26T15:05:40.562522" elapsed="0.000128"/>
</kw>
<kw name="POST On Session" owner="RequestsLibrary">
<msg time="2026-04-26T15:05:40.567277" level="INFO">POST Request : url=http://localhost:8000/ues/5/bearers/1/traffic 
 path_url=/ues/5/bearers/1/traffic 
 headers={'User-Agent': 'python-requests/2.32.5', 'Accept-Encoding': 'gzip, deflate', 'Accept': '*/*', 'Connection': 'keep-alive', 'Content-Length': '30', 'Content-Type': 'application/json'} 
 body=b'{"protocol": "udp", "Mbps": 5}' 
 </msg>
<msg time="2026-04-26T15:05:40.567308" level="INFO">POST Response : url=http://localhost:8000/ues/5/bearers/1/traffic 
 status=200, reason=OK 
 headers={'date': 'Sun, 26 Apr 2026 13:05:40 GMT', 'server': 'uvicorn', 'content-length': '73', 'content-type': 'application/json'} 
 body={"status":"traffic_started","ue_id":5,"bearer_id":1,"target_bps":5000000} 
 </msg>
<msg time="2026-04-26T15:05:40.567357" level="INFO">${response} = &lt;Response [200]&gt;</msg>
<var>${response}</var>
<arg>epc</arg>
<arg>/ues/${ue_id_int}/bearers/${bearer_id_int}/traffic</arg>
<arg>json=${body}</arg>
<arg>expected_status=any</arg>
<doc>Sends a POST request on a previously created HTTP Session.</doc>
<status status="PASS" start="2026-04-26T15:05:40.562706" elapsed="0.004661"/>
</kw>
<kw name="Set Test Variable" owner="BuiltIn">
<msg time="2026-04-26T15:05:40.567591" level="INFO">${LAST_RESPONSE} = &lt;Response [200]&gt;</msg>
<arg>${LAST_RESPONSE}</arg>
<arg>${response}</arg>
<doc>Makes a variable available everywhere within the scope of the current test.</doc>
<status status="PASS" start="2026-04-26T15:05:40.567454" elapsed="0.000154"/>
</kw>
<status status="PASS" start="2026-04-26T15:05:40.561896" elapsed="0.005738"/>
</kw>
<kw name="Retrieve Aggregate Traffic Stats For UE 5" owner="epc_keywords" source_name="Retrieve Aggregate Traffic Stats For UE ${ue_id}">
<kw name="Convert To Integer" owner="BuiltIn">
<msg time="2026-04-26T15:05:40.568206" level="INFO">${ue_id_int} = 5</msg>
<var>${ue_id_int}</var>
<arg>${ue_id}</arg>
<doc>Converts the given item to an integer number.</doc>
<status status="PASS" start="2026-04-26T15:05:40.568024" elapsed="0.000193"/>
</kw>
<kw name="GET On Session" owner="RequestsLibrary">
<msg time="2026-04-26T15:05:40.569772" level="INFO">GET Request : url=http://localhost:8000/ues/5/traffic 
 path_url=/ues/5/traffic 
 headers={'User-Agent': 'python-requests/2.32.5', 'Accept-Encoding': 'gzip, deflate', 'Accept': '*/*', 'Connection': 'keep-alive'} 
 body=None 
 </msg>
<msg time="2026-04-26T15:05:40.569797" level="INFO">GET Response : url=http://localhost:8000/ues/5/traffic 
 status=404, reason=Not Found 
 headers={'date': 'Sun, 26 Apr 2026 13:05:40 GMT', 'server': 'uvicorn', 'content-length': '22', 'content-type': 'application/json'} 
 body={"detail":"Not Found"} 
 </msg>
<msg time="2026-04-26T15:05:40.569837" level="INFO">${response} = &lt;Response [404]&gt;</msg>
<var>${response}</var>
<arg>epc</arg>
<arg>/ues/${ue_id_int}/traffic</arg>
<arg>expected_status=any</arg>
<doc>Sends a GET request on a previously created HTTP Session.</doc>
<status status="PASS" start="2026-04-26T15:05:40.568319" elapsed="0.001527"/>
</kw>
<kw name="Set Test Variable" owner="BuiltIn">
<msg time="2026-04-26T15:05:40.570052" level="INFO">${LAST_RESPONSE} = &lt;Response [404]&gt;</msg>
<arg>${LAST_RESPONSE}</arg>
<arg>${response}</arg>
<doc>Makes a variable available everywhere within the scope of the current test.</doc>
<status status="PASS" start="2026-04-26T15:05:40.569922" elapsed="0.000145"/>
</kw>
<status status="PASS" start="2026-04-26T15:05:40.567736" elapsed="0.002356"/>
</kw>
<kw name="Verify Traffic Stats Returned In kbps" owner="epc_keywords">
<kw name="Set Variable" owner="BuiltIn">
<msg time="2026-04-26T15:05:40.570540" level="INFO">${response_json} = {'detail': 'Not Found'}</msg>
<var>${response_json}</var>
<arg>${LAST_RESPONSE.json()}</arg>
<doc>Returns the given values which can then be assigned to a variables.</doc>
<status status="PASS" start="2026-04-26T15:05:40.570287" elapsed="0.000262"/>
</kw>
<kw name="Should Be Equal As Integers" owner="BuiltIn">
<msg time="2026-04-26T15:05:40.570822" level="INFO">Argument types are:
&lt;class 'int'&gt;
&lt;class 'str'&gt;</msg>
<msg time="2026-04-26T15:05:40.570867" level="FAIL">404 != 200</msg>
<arg>${LAST_RESPONSE.status_code}</arg>
<arg>200</arg>
<doc>Fails if objects are unequal after converting them to integers.</doc>
<status status="FAIL" start="2026-04-26T15:05:40.570603" elapsed="0.000295">404 != 200</status>
</kw>
<kw name="Run Keyword And Return Status" owner="BuiltIn">
<var>${has_unit}</var>
<arg>Dictionary Should Contain Key</arg>
<arg>${response_json}</arg>
<arg>unit</arg>
<doc>Runs the specified keyword and returns the status as a Boolean value.</doc>
<status status="NOT RUN" start="2026-04-26T15:05:40.570964" elapsed="0.000008"/>
</kw>
<kw name="Run Keyword If" owner="BuiltIn">
<arg>${has_unit}</arg>
<arg>Should Be Equal</arg>
<arg>${response_json}[unit]</arg>
<arg>kbps</arg>
<doc>Runs the given keyword with the given arguments, if ``condition`` is true.</doc>
<status status="NOT RUN" start="2026-04-26T15:05:40.571030" elapsed="0.000006"/>
</kw>
<status status="FAIL" start="2026-04-26T15:05:40.570177" elapsed="0.000892">404 != 200</status>
</kw>
<kw name="Reset Simulator" owner="epc_keywords" type="TEARDOWN">
<kw name="POST On Session" owner="RequestsLibrary">
<msg time="2026-04-26T15:05:40.574364" level="INFO">POST Request : url=http://localhost:8000/reset 
 path_url=/reset 
 headers={'User-Agent': 'python-requests/2.32.5', 'Accept-Encoding': 'gzip, deflate', 'Accept': '*/*', 'Connection': 'keep-alive', 'Content-Length': '0'} 
 body=None 
 </msg>
<msg time="2026-04-26T15:05:40.574391" level="INFO">POST Response : url=http://localhost:8000/reset 
 status=200, reason=OK 
 headers={'date': 'Sun, 26 Apr 2026 13:05:40 GMT', 'server': 'uvicorn', 'content-length': '18', 'content-type': 'application/json'} 
 body={"status":"reset"} 
 </msg>
<arg>epc</arg>
<arg>/reset</arg>
<arg>expected_status=any</arg>
<doc>Sends a POST request on a previously created HTTP Session.</doc>
<status status="PASS" start="2026-04-26T15:05:40.571282" elapsed="0.003135"/>
</kw>
<status status="PASS" start="2026-04-26T15:05:40.571174" elapsed="0.003274"/>
</kw>
<doc>DEF-009, Verify traffic stats can be retrieved as an aggregate for all
active bearers of a given UE.</doc>
<tag>positive</tag>
<tag>stats</tag>
<tag>traffic</tag>
<status status="FAIL" start="2026-04-26T15:05:40.546802" elapsed="0.027679">404 != 200</status>
</test>
<kw name="Reset Simulator" owner="epc_keywords" type="TEARDOWN">
<kw name="POST On Session" owner="RequestsLibrary">
<msg time="2026-04-26T15:05:40.576374" level="INFO">POST Request : url=http://localhost:8000/reset 
 path_url=/reset 
 headers={'User-Agent': 'python-requests/2.32.5', 'Accept-Encoding': 'gzip, deflate', 'Accept': '*/*', 'Connection': 'keep-alive', 'Content-Length': '0'} 
 body=None 
 </msg>
<msg time="2026-04-26T15:05:40.576400" level="INFO">POST Response : url=http://localhost:8000/reset 
 status=200, reason=OK 
 headers={'date': 'Sun, 26 Apr 2026 13:05:40 GMT', 'server': 'uvicorn', 'content-length': '18', 'content-type': 'application/json'} 
 body={"status":"reset"} 
 </msg>
<arg>epc</arg>
<arg>/reset</arg>
<arg>expected_status=any</arg>
<doc>Sends a POST request on a previously created HTTP Session.</doc>
<status status="PASS" start="2026-04-26T15:05:40.574790" elapsed="0.001639"/>
</kw>
<status status="PASS" start="2026-04-26T15:05:40.574699" elapsed="0.001759"/>
</kw>
<doc>Traffic control and data transfer tests.</doc>
<status status="FAIL" start="2026-04-26T15:05:40.245950" elapsed="0.330520"/>
</suite>
<doc>EPC Simulator</doc>
<status status="FAIL" start="2026-04-26T15:05:39.888313" elapsed="0.688433"/>
</suite>
<statistics>
<total>
<stat pass="23" fail="8" skip="0">All Tests</stat>
</total>
<tag>
<stat pass="5" fail="1" skip="0">attach</stat>
<stat pass="9" fail="1" skip="0">bearer</stat>
<stat pass="5" fail="3" skip="0">boundary</stat>
<stat pass="6" fail="4" skip="0">compliance</stat>
<stat pass="2" fail="0" skip="0">detach</stat>
<stat pass="10" fail="5" skip="0">negative</stat>
<stat pass="12" fail="3" skip="0">positive</stat>
<stat pass="1" fail="0" skip="0">protocol</stat>
<stat pass="1" fail="0" skip="0">start</stat>
<stat pass="2" fail="1" skip="0">stats</stat>
<stat pass="1" fail="0" skip="0">stop</stat>
<stat pass="7" fail="6" skip="0">traffic</stat>
</tag>
<suite>
<stat name="Tests" id="s1" pass="23" fail="8" skip="0">Tests</stat>
<stat name="01 Ue Attachment" id="s1-s1" pass="7" fail="1" skip="0">Tests.01 Ue Attachment</stat>
<stat name="02 Bearer Management" id="s1-s2" pass="9" fail="1" skip="0">Tests.02 Bearer Management</stat>
<stat name="03 Traffic Control" id="s1-s3" pass="7" fail="6" skip="0">Tests.03 Traffic Control</stat>
</suite>
</statistics>
<errors>
</errors>
</robot>
