<?xml version="1.0" encoding="UTF-8"?>
<robot generator="Robot 7.4.2 (Python 3.12.13 on linux)" generated="2026-04-25T11:13:24.108799" rpa="false" schemaversion="5">
<suite id="s1" name="Tests" source="/tests">
<kw name="Initialize Simulator Session" owner="epc_keywords" type="SETUP">
<kw name="Create Session" owner="RequestsLibrary">
<msg time="2026-04-25T11:13:24.151560" level="INFO">Creating Session using : alias=epc, url=http://epc-simulator:8000, headers={},                     cookies={}, auth=None, timeout=None, proxies=None, verify=False,                     debug=0 </msg>
<arg>epc</arg>
<arg>${BASE_URL}</arg>
<doc>Create Session: create a HTTP session to a server</doc>
<status status="PASS" start="2026-04-25T11:13:24.151446" elapsed="0.000215"/>
</kw>
<status status="PASS" start="2026-04-25T11:13:24.151172" elapsed="0.000535"/>
</kw>
<suite id="s1-s1" name="01 Ue Attachment" source="/tests/01_ue_attachment.robot">
<kw name="Initialize Simulator Session" owner="epc_keywords" type="SETUP">
<kw name="Create Session" owner="RequestsLibrary">
<msg time="2026-04-25T11:13:24.152826" level="INFO">Creating Session using : alias=epc, url=http://epc-simulator:8000, headers={},                     cookies={}, auth=None, timeout=None, proxies=None, verify=False,                     debug=0 </msg>
<arg>epc</arg>
<arg>${BASE_URL}</arg>
<doc>Create Session: create a HTTP session to a server</doc>
<status status="PASS" start="2026-04-25T11:13:24.152766" elapsed="0.000123"/>
</kw>
<status status="PASS" start="2026-04-25T11:13:24.152644" elapsed="0.000273"/>
</kw>
<test id="s1-s1-t1" name="TC-001 Attach UE 1 Successfully" line="10">
<kw name="Attach UE 1" owner="epc_keywords" source_name="Attach UE ${ue_id}">
<kw name="Convert To Integer" owner="BuiltIn">
<msg time="2026-04-25T11:13:24.153315" level="INFO">${ue_id_int} = 1</msg>
<var>${ue_id_int}</var>
<arg>${ue_id}</arg>
<doc>Converts the given item to an integer number.</doc>
<status status="PASS" start="2026-04-25T11:13:24.153204" elapsed="0.000119"/>
</kw>
<kw name="Create Dictionary" owner="BuiltIn">
<msg time="2026-04-25T11:13:24.153653" level="INFO">${dane} = {'ue_id': 1}</msg>
<var>${dane}</var>
<arg>ue_id=${ue_id_int}</arg>
<doc>Creates and returns a dictionary based on the given ``items``.</doc>
<status status="PASS" start="2026-04-25T11:13:24.153390" elapsed="0.000271"/>
</kw>
<kw name="POST On Session" owner="RequestsLibrary">
<msg time="2026-04-25T11:13:24.162026" level="INFO">POST Request : url=http://epc-simulator:8000/ues 
 path_url=/ues 
 headers={'User-Agent': 'python-requests/2.33.1', 'Accept-Encoding': 'gzip, deflate', 'Accept': '*/*', 'Connection': 'keep-alive', 'Content-Length': '12', 'Content-Type': 'application/json'} 
 body=b'{"ue_id": 1}' 
 </msg>
<msg time="2026-04-25T11:13:24.162087" level="INFO">POST Response : url=http://epc-simulator:8000/ues 
 status=200, reason=OK 
 headers={'date': 'Sat, 25 Apr 2026 11:13:23 GMT', 'server': 'uvicorn', 'content-length': '31', 'content-type': 'application/json'} 
 body={"status":"attached","ue_id":1} 
 </msg>
<msg time="2026-04-25T11:13:24.162148" level="INFO">${response} = &lt;Response [200]&gt;</msg>
<var>${response}</var>
<arg>epc</arg>
<arg>/ues</arg>
<arg>json=${dane}</arg>
<arg>expected_status=any</arg>
<doc>Sends a POST request on a previously created HTTP Session.</doc>
<status status="PASS" start="2026-04-25T11:13:24.153707" elapsed="0.008451"/>
</kw>
<kw name="Set Test Variable" owner="BuiltIn">
<msg time="2026-04-25T11:13:24.162634" level="INFO">${LAST_RESPONSE} = &lt;Response [200]&gt;</msg>
<arg>${LAST_RESPONSE}</arg>
<arg>${response}</arg>
<doc>Makes a variable available everywhere within the scope of the current test.</doc>
<status status="PASS" start="2026-04-25T11:13:24.162260" elapsed="0.000392"/>
</kw>
<status status="PASS" start="2026-04-25T11:13:24.153119" elapsed="0.009562"/>
</kw>
<kw name="Verify UE 1 Is Attached Successfully" owner="epc_keywords" source_name="Verify UE ${ue_id} Is Attached Successfully">
<kw name="Response Should Be Successful" owner="epc_keywords">
<kw name="Should Be Equal As Integers" owner="BuiltIn">
<msg time="2026-04-25T11:13:24.163263" level="INFO">Argument types are:
&lt;class 'int'&gt;
&lt;class 'str'&gt;</msg>
<arg>${LAST_RESPONSE.status_code}</arg>
<arg>200</arg>
<doc>Fails if objects are unequal after converting them to integers.</doc>
<status status="PASS" start="2026-04-25T11:13:24.162967" elapsed="0.000326"/>
</kw>
<status status="PASS" start="2026-04-25T11:13:24.162875" elapsed="0.000444"/>
</kw>
<kw name="Should Be Equal" owner="BuiltIn">
<arg>${LAST_RESPONSE.json()}[status]</arg>
<arg>attached</arg>
<doc>Fails if the given objects are unequal.</doc>
<status status="PASS" start="2026-04-25T11:13:24.163396" elapsed="0.000231"/>
</kw>
<status status="PASS" start="2026-04-25T11:13:24.162765" elapsed="0.000885"/>
</kw>
<kw name="Reset Machine" owner="epc_keywords" type="TEARDOWN">
<kw name="POST On Session" owner="RequestsLibrary">
<msg time="2026-04-25T11:13:24.167515" level="INFO">POST Request : url=http://epc-simulator:8000/reset 
 path_url=/reset 
 headers={'User-Agent': 'python-requests/2.33.1', 'Accept-Encoding': 'gzip, deflate', 'Accept': '*/*', 'Connection': 'keep-alive', 'Content-Length': '0'} 
 body=None 
 </msg>
<msg time="2026-04-25T11:13:24.167545" level="INFO">POST Response : url=http://epc-simulator:8000/reset 
 status=200, reason=OK 
 headers={'date': 'Sat, 25 Apr 2026 11:13:23 GMT', 'server': 'uvicorn', 'content-length': '18', 'content-type': 'application/json'} 
 body={"status":"reset"} 
 </msg>
<arg>epc</arg>
<arg>/reset</arg>
<arg>expected_status=any</arg>
<doc>Sends a POST request on a previously created HTTP Session.</doc>
<status status="PASS" start="2026-04-25T11:13:24.163855" elapsed="0.003714"/>
</kw>
<status status="PASS" start="2026-04-25T11:13:24.163748" elapsed="0.003851"/>
</kw>
<doc>Requirement: Verify successful UE attachment.</doc>
<tag>attach</tag>
<tag>positive</tag>
<status status="PASS" start="2026-04-25T11:13:24.152937" elapsed="0.014678"/>
</test>
<test id="s1-s1-t2" name="TC-002 Reject UE ID 101 Out Of Range" line="16">
<kw name="Attach UE 101" owner="epc_keywords" source_name="Attach UE ${ue_id}">
<kw name="Convert To Integer" owner="BuiltIn">
<msg time="2026-04-25T11:13:24.168122" level="INFO">${ue_id_int} = 101</msg>
<var>${ue_id_int}</var>
<arg>${ue_id}</arg>
<doc>Converts the given item to an integer number.</doc>
<status status="PASS" start="2026-04-25T11:13:24.168013" elapsed="0.000117"/>
</kw>
<kw name="Create Dictionary" owner="BuiltIn">
<msg time="2026-04-25T11:13:24.168285" level="INFO">${dane} = {'ue_id': 101}</msg>
<var>${dane}</var>
<arg>ue_id=${ue_id_int}</arg>
<doc>Creates and returns a dictionary based on the given ``items``.</doc>
<status status="PASS" start="2026-04-25T11:13:24.168178" elapsed="0.000114"/>
</kw>
<kw name="POST On Session" owner="RequestsLibrary">
<msg time="2026-04-25T11:13:24.170028" level="INFO">POST Request : url=http://epc-simulator:8000/ues 
 path_url=/ues 
 headers={'User-Agent': 'python-requests/2.33.1', 'Accept-Encoding': 'gzip, deflate', 'Accept': '*/*', 'Connection': 'keep-alive', 'Content-Length': '14', 'Content-Type': 'application/json'} 
 body=b'{"ue_id": 101}' 
 </msg>
<msg time="2026-04-25T11:13:24.170051" level="INFO">POST Response : url=http://epc-simulator:8000/ues 
 status=422, reason=Unprocessable Entity 
 headers={'date': 'Sat, 25 Apr 2026 11:13:23 GMT', 'server': 'uvicorn', 'content-length': '141', 'content-type': 'application/json'} 
 body={"detail":[{"type":"less_than_equal","loc":["body","ue_id"],"msg":"Input should be less than or equal to 100","input":101,"ctx":{"le":100}}]} 
 </msg>
<msg time="2026-04-25T11:13:24.170094" level="INFO">${response} = &lt;Response [422]&gt;</msg>
<var>${response}</var>
<arg>epc</arg>
<arg>/ues</arg>
<arg>json=${dane}</arg>
<arg>expected_status=any</arg>
<doc>Sends a POST request on a previously created HTTP Session.</doc>
<status status="PASS" start="2026-04-25T11:13:24.168334" elapsed="0.001769"/>
</kw>
<kw name="Set Test Variable" owner="BuiltIn">
<msg time="2026-04-25T11:13:24.170453" level="INFO">${LAST_RESPONSE} = &lt;Response [422]&gt;</msg>
<arg>${LAST_RESPONSE}</arg>
<arg>${response}</arg>
<doc>Makes a variable available everywhere within the scope of the current test.</doc>
<status status="PASS" start="2026-04-25T11:13:24.170167" elapsed="0.000426"/>
</kw>
<status status="PASS" start="2026-04-25T11:13:24.167916" elapsed="0.002702"/>
</kw>
<kw name="Verify Error Message For UE ID Out Of Range" owner="epc_keywords">
<kw name="Verify Message Contains Boundary" owner="epc_keywords">
<kw name="Convert To String" owner="BuiltIn">
<msg time="2026-04-25T11:13:24.171060" level="INFO">${detail} = [{'type': 'less_than_equal', 'loc': ['body', 'ue_id'], 'msg': 'Input should be less than or equal to 100', 'input': 101, 'ctx': {'le': 100}}]</msg>
<var>${detail}</var>
<arg>${LAST_RESPONSE.json()}[detail]</arg>
<doc>Converts the given item to a Unicode string.</doc>
<status status="PASS" start="2026-04-25T11:13:24.170859" elapsed="0.000209"/>
</kw>
<kw name="Run Keyword If" owner="BuiltIn">
<kw name="Return From Keyword" owner="BuiltIn">
<msg time="2026-04-25T11:13:24.171378" level="INFO">Returning from the enclosing user keyword.</msg>
<doc>Returns from the enclosing user keyword.</doc>
<status status="PASS" start="2026-04-25T11:13:24.171308" elapsed="0.000100"/>
</kw>
<arg>'${lower}' in """${detail}""" or '${upper}' in """${detail}"""</arg>
<arg>Return From Keyword</arg>
<doc>Runs the given keyword with the given arguments, if ``condition`` is true.</doc>
<status status="PASS" start="2026-04-25T11:13:24.171116" elapsed="0.000310"/>
</kw>
<kw name="Fail" owner="BuiltIn">
<arg>Komunikat błędu nie odnosi się do granic zakresu ${lower}-${upper} określonego w dokumentacji (Otrzymano: ${detail})</arg>
<doc>Fails the test with the given message and optionally alters its tags.</doc>
<status status="NOT RUN" start="2026-04-25T11:13:24.171474" elapsed="0.000007"/>
</kw>
<arg>0</arg>
<arg>100</arg>
<status status="PASS" start="2026-04-25T11:13:24.170763" elapsed="0.000737"/>
</kw>
<doc>Dokumentacja: zakres 0-100.</doc>
<status status="PASS" start="2026-04-25T11:13:24.170669" elapsed="0.000847"/>
</kw>
<kw name="Reset Machine" owner="epc_keywords" type="TEARDOWN">
<kw name="POST On Session" owner="RequestsLibrary">
<msg time="2026-04-25T11:13:24.173631" level="INFO">POST Request : url=http://epc-simulator:8000/reset 
 path_url=/reset 
 headers={'User-Agent': 'python-requests/2.33.1', 'Accept-Encoding': 'gzip, deflate', 'Accept': '*/*', 'Connection': 'keep-alive', 'Content-Length': '0'} 
 body=None 
 </msg>
<msg time="2026-04-25T11:13:24.173654" level="INFO">POST Response : url=http://epc-simulator:8000/reset 
 status=200, reason=OK 
 headers={'date': 'Sat, 25 Apr 2026 11:13:23 GMT', 'server': 'uvicorn', 'content-length': '18', 'content-type': 'application/json'} 
 body={"status":"reset"} 
 </msg>
<arg>epc</arg>
<arg>/reset</arg>
<arg>expected_status=any</arg>
<doc>Sends a POST request on a previously created HTTP Session.</doc>
<status status="PASS" start="2026-04-25T11:13:24.171671" elapsed="0.002002"/>
</kw>
<status status="PASS" start="2026-04-25T11:13:24.171582" elapsed="0.002117"/>
</kw>
<doc>Verify that UE ID 101 is rejected by the system.</doc>
<tag>negative</tag>
<status status="PASS" start="2026-04-25T11:13:24.167720" elapsed="0.005993"/>
</test>
<test id="s1-s1-t3" name="TC-003 Reject Duplicate UE 1 Attachment" line="22">
<kw name="Attach UE 1" owner="epc_keywords" source_name="Attach UE ${ue_id}">
<kw name="Convert To Integer" owner="BuiltIn">
<msg time="2026-04-25T11:13:24.174184" level="INFO">${ue_id_int} = 1</msg>
<var>${ue_id_int}</var>
<arg>${ue_id}</arg>
<doc>Converts the given item to an integer number.</doc>
<status status="PASS" start="2026-04-25T11:13:24.174078" elapsed="0.000114"/>
</kw>
<kw name="Create Dictionary" owner="BuiltIn">
<msg time="2026-04-25T11:13:24.174376" level="INFO">${dane} = {'ue_id': 1}</msg>
<var>${dane}</var>
<arg>ue_id=${ue_id_int}</arg>
<doc>Creates and returns a dictionary based on the given ``items``.</doc>
<status status="PASS" start="2026-04-25T11:13:24.174249" elapsed="0.000136"/>
</kw>
<kw name="POST On Session" owner="RequestsLibrary">
<msg time="2026-04-25T11:13:24.177807" level="INFO">POST Request : url=http://epc-simulator:8000/ues 
 path_url=/ues 
 headers={'User-Agent': 'python-requests/2.33.1', 'Accept-Encoding': 'gzip, deflate', 'Accept': '*/*', 'Connection': 'keep-alive', 'Content-Length': '12', 'Content-Type': 'application/json'} 
 body=b'{"ue_id": 1}' 
 </msg>
<msg time="2026-04-25T11:13:24.177846" level="INFO">POST Response : url=http://epc-simulator:8000/ues 
 status=200, reason=OK 
 headers={'date': 'Sat, 25 Apr 2026 11:13:23 GMT', 'server': 'uvicorn', 'content-length': '31', 'content-type': 'application/json'} 
 body={"status":"attached","ue_id":1} 
 </msg>
<msg time="2026-04-25T11:13:24.177907" level="INFO">${response} = &lt;Response [200]&gt;</msg>
<var>${response}</var>
<arg>epc</arg>
<arg>/ues</arg>
<arg>json=${dane}</arg>
<arg>expected_status=any</arg>
<doc>Sends a POST request on a previously created HTTP Session.</doc>
<status status="PASS" start="2026-04-25T11:13:24.174433" elapsed="0.003484"/>
</kw>
<kw name="Set Test Variable" owner="BuiltIn">
<msg time="2026-04-25T11:13:24.178305" level="INFO">${LAST_RESPONSE} = &lt;Response [200]&gt;</msg>
<arg>${LAST_RESPONSE}</arg>
<arg>${response}</arg>
<doc>Makes a variable available everywhere within the scope of the current test.</doc>
<status status="PASS" start="2026-04-25T11:13:24.178011" elapsed="0.000312"/>
</kw>
<status status="PASS" start="2026-04-25T11:13:24.173981" elapsed="0.004378"/>
</kw>
<kw name="Attach UE 1" owner="epc_keywords" source_name="Attach UE ${ue_id}">
<kw name="Convert To Integer" owner="BuiltIn">
<msg time="2026-04-25T11:13:24.178664" level="INFO">${ue_id_int} = 1</msg>
<var>${ue_id_int}</var>
<arg>${ue_id}</arg>
<doc>Converts the given item to an integer number.</doc>
<status status="PASS" start="2026-04-25T11:13:24.178557" elapsed="0.000115"/>
</kw>
<kw name="Create Dictionary" owner="BuiltIn">
<msg time="2026-04-25T11:13:24.178837" level="INFO">${dane} = {'ue_id': 1}</msg>
<var>${dane}</var>
<arg>ue_id=${ue_id_int}</arg>
<doc>Creates and returns a dictionary based on the given ``items``.</doc>
<status status="PASS" start="2026-04-25T11:13:24.178724" elapsed="0.000121"/>
</kw>
<kw name="POST On Session" owner="RequestsLibrary">
<msg time="2026-04-25T11:13:24.181057" level="INFO">POST Request : url=http://epc-simulator:8000/ues 
 path_url=/ues 
 headers={'User-Agent': 'python-requests/2.33.1', 'Accept-Encoding': 'gzip, deflate', 'Accept': '*/*', 'Connection': 'keep-alive', 'Content-Length': '12', 'Content-Type': 'application/json'} 
 body=b'{"ue_id": 1}' 
 </msg>
<msg time="2026-04-25T11:13:24.181077" level="INFO">POST Response : url=http://epc-simulator:8000/ues 
 status=400, reason=Bad Request 
 headers={'date': 'Sat, 25 Apr 2026 11:13:23 GMT', 'server': 'uvicorn', 'content-length': '32', 'content-type': 'application/json'} 
 body={"detail":"UE already attached"} 
 </msg>
<msg time="2026-04-25T11:13:24.181110" level="INFO">${response} = &lt;Response [400]&gt;</msg>
<var>${response}</var>
<arg>epc</arg>
<arg>/ues</arg>
<arg>json=${dane}</arg>
<arg>expected_status=any</arg>
<doc>Sends a POST request on a previously created HTTP Session.</doc>
<status status="PASS" start="2026-04-25T11:13:24.178893" elapsed="0.002224"/>
</kw>
<kw name="Set Test Variable" owner="BuiltIn">
<msg time="2026-04-25T11:13:24.181284" level="INFO">${LAST_RESPONSE} = &lt;Response [400]&gt;</msg>
<arg>${LAST_RESPONSE}</arg>
<arg>${response}</arg>
<doc>Makes a variable available everywhere within the scope of the current test.</doc>
<status status="PASS" start="2026-04-25T11:13:24.181178" elapsed="0.000120"/>
</kw>
<status status="PASS" start="2026-04-25T11:13:24.178444" elapsed="0.002875"/>
</kw>
<kw name="Verify Error Message For Duplicate UE Attachment" owner="epc_keywords">
<kw name="Verify Error Message Contains" owner="epc_keywords">
<kw name="Should Not Be Equal As Integers" owner="BuiltIn">
<msg time="2026-04-25T11:13:24.181860" level="INFO">Argument types are:
&lt;class 'int'&gt;
&lt;class 'str'&gt;</msg>
<arg>${LAST_RESPONSE.status_code}</arg>
<arg>200</arg>
<doc>Fails if objects are equal after converting them to integers.</doc>
<status status="PASS" start="2026-04-25T11:13:24.181564" elapsed="0.000317"/>
</kw>
<kw name="Set Variable" owner="BuiltIn">
<msg time="2026-04-25T11:13:24.182203" level="INFO">${response_json} = {'detail': 'UE already attached'}</msg>
<var>${response_json}</var>
<arg>${LAST_RESPONSE.json()}</arg>
<doc>Returns the given values which can then be assigned to a variables.</doc>
<status status="PASS" start="2026-04-25T11:13:24.182036" elapsed="0.000174"/>
</kw>
<kw name="Get From Dictionary" owner="Collections">
<msg time="2026-04-25T11:13:24.182307" level="INFO">${detail} = UE already attached</msg>
<var>${detail}</var>
<arg>${response_json}</arg>
<arg>detail</arg>
<doc>Returns a value from the given ``dictionary`` based on the given ``key``.</doc>
<status status="PASS" start="2026-04-25T11:13:24.182254" elapsed="0.000061"/>
</kw>
<kw name="Convert To String" owner="BuiltIn">
<msg time="2026-04-25T11:13:24.182456" level="INFO">${detail_str} = UE already attached</msg>
<var>${detail_str}</var>
<arg>${detail}</arg>
<doc>Converts the given item to a Unicode string.</doc>
<status status="PASS" start="2026-04-25T11:13:24.182373" elapsed="0.000090"/>
</kw>
<kw name="Should Contain" owner="BuiltIn">
<arg>${detail_str}</arg>
<arg>${expected_text}</arg>
<arg>ignore_case=True</arg>
<doc>Fails if ``container`` does not contain ``item`` one or more times.</doc>
<status status="PASS" start="2026-04-25T11:13:24.182506" elapsed="0.000164"/>
</kw>
<arg>already attached</arg>
<status status="PASS" start="2026-04-25T11:13:24.181473" elapsed="0.001216"/>
</kw>
<status status="PASS" start="2026-04-25T11:13:24.181378" elapsed="0.001323"/>
</kw>
<kw name="Reset Machine" owner="epc_keywords" type="TEARDOWN">
<kw name="POST On Session" owner="RequestsLibrary">
<msg time="2026-04-25T11:13:24.185087" level="INFO">POST Request : url=http://epc-simulator:8000/reset 
 path_url=/reset 
 headers={'User-Agent': 'python-requests/2.33.1', 'Accept-Encoding': 'gzip, deflate', 'Accept': '*/*', 'Connection': 'keep-alive', 'Content-Length': '0'} 
 body=None 
 </msg>
<msg time="2026-04-25T11:13:24.185115" level="INFO">POST Response : url=http://epc-simulator:8000/reset 
 status=200, reason=OK 
 headers={'date': 'Sat, 25 Apr 2026 11:13:23 GMT', 'server': 'uvicorn', 'content-length': '18', 'content-type': 'application/json'} 
 body={"status":"reset"} 
 </msg>
<arg>epc</arg>
<arg>/reset</arg>
<arg>expected_status=any</arg>
<doc>Sends a POST request on a previously created HTTP Session.</doc>
<status status="PASS" start="2026-04-25T11:13:24.182838" elapsed="0.002301"/>
</kw>
<status status="PASS" start="2026-04-25T11:13:24.182758" elapsed="0.002410"/>
</kw>
<doc>Verify that attaching an already attached UE returns an error.</doc>
<tag>negative</tag>
<status status="PASS" start="2026-04-25T11:13:24.173798" elapsed="0.011385"/>
</test>
<test id="s1-s1-t4" name="TC-004 Detach UE 1 Successfully" line="29">
<kw name="Attach UE 1" owner="epc_keywords" source_name="Attach UE ${ue_id}">
<kw name="Convert To Integer" owner="BuiltIn">
<msg time="2026-04-25T11:13:24.185755" level="INFO">${ue_id_int} = 1</msg>
<var>${ue_id_int}</var>
<arg>${ue_id}</arg>
<doc>Converts the given item to an integer number.</doc>
<status status="PASS" start="2026-04-25T11:13:24.185630" elapsed="0.000134"/>
</kw>
<kw name="Create Dictionary" owner="BuiltIn">
<msg time="2026-04-25T11:13:24.185934" level="INFO">${dane} = {'ue_id': 1}</msg>
<var>${dane}</var>
<arg>ue_id=${ue_id_int}</arg>
<doc>Creates and returns a dictionary based on the given ``items``.</doc>
<status status="PASS" start="2026-04-25T11:13:24.185819" elapsed="0.000124"/>
</kw>
<kw name="POST On Session" owner="RequestsLibrary">
<msg time="2026-04-25T11:13:24.188663" level="INFO">POST Request : url=http://epc-simulator:8000/ues 
 path_url=/ues 
 headers={'User-Agent': 'python-requests/2.33.1', 'Accept-Encoding': 'gzip, deflate', 'Accept': '*/*', 'Connection': 'keep-alive', 'Content-Length': '12', 'Content-Type': 'application/json'} 
 body=b'{"ue_id": 1}' 
 </msg>
<msg time="2026-04-25T11:13:24.188698" level="INFO">POST Response : url=http://epc-simulator:8000/ues 
 status=200, reason=OK 
 headers={'date': 'Sat, 25 Apr 2026 11:13:23 GMT', 'server': 'uvicorn', 'content-length': '31', 'content-type': 'application/json'} 
 body={"status":"attached","ue_id":1} 
 </msg>
<msg time="2026-04-25T11:13:24.188763" level="INFO">${response} = &lt;Response [200]&gt;</msg>
<var>${response}</var>
<arg>epc</arg>
<arg>/ues</arg>
<arg>json=${dane}</arg>
<arg>expected_status=any</arg>
<doc>Sends a POST request on a previously created HTTP Session.</doc>
<status status="PASS" start="2026-04-25T11:13:24.185990" elapsed="0.002788"/>
</kw>
<kw name="Set Test Variable" owner="BuiltIn">
<msg time="2026-04-25T11:13:24.189166" level="INFO">${LAST_RESPONSE} = &lt;Response [200]&gt;</msg>
<arg>${LAST_RESPONSE}</arg>
<arg>${response}</arg>
<doc>Makes a variable available everywhere within the scope of the current test.</doc>
<status status="PASS" start="2026-04-25T11:13:24.188870" elapsed="0.000309"/>
</kw>
<status status="PASS" start="2026-04-25T11:13:24.185482" elapsed="0.003718"/>
</kw>
<kw name="Detach UE 1" owner="epc_keywords" source_name="Detach UE ${ue_id}">
<kw name="Convert To Integer" owner="BuiltIn">
<msg time="2026-04-25T11:13:24.189461" level="INFO">${ue_id_int} = 1</msg>
<var>${ue_id_int}</var>
<arg>${ue_id}</arg>
<doc>Converts the given item to an integer number.</doc>
<status status="PASS" start="2026-04-25T11:13:24.189373" elapsed="0.000095"/>
</kw>
<kw name="DELETE On Session" owner="RequestsLibrary">
<msg time="2026-04-25T11:13:24.192044" level="INFO">DELETE Request : url=http://epc-simulator:8000/ues/1 
 path_url=/ues/1 
 headers={'User-Agent': 'python-requests/2.33.1', 'Accept-Encoding': 'gzip, deflate', 'Accept': '*/*', 'Connection': 'keep-alive', 'Content-Length': '0'} 
 body=None 
 </msg>
<msg time="2026-04-25T11:13:24.192071" level="INFO">DELETE Response : url=http://epc-simulator:8000/ues/1 
 status=200, reason=OK 
 headers={'date': 'Sat, 25 Apr 2026 11:13:23 GMT', 'server': 'uvicorn', 'content-length': '31', 'content-type': 'application/json'} 
 body={"status":"detached","ue_id":1} 
 </msg>
<msg time="2026-04-25T11:13:24.192111" level="INFO">${response} = &lt;Response [200]&gt;</msg>
<var>${response}</var>
<arg>epc</arg>
<arg>/ues/${ue_id_int}</arg>
<arg>expected_status=any</arg>
<doc>Sends a DELETE request on a previously created HTTP Session.</doc>
<status status="PASS" start="2026-04-25T11:13:24.189510" elapsed="0.002610"/>
</kw>
<kw name="Set Test Variable" owner="BuiltIn">
<msg time="2026-04-25T11:13:24.192314" level="INFO">${LAST_RESPONSE} = &lt;Response [200]&gt;</msg>
<arg>${LAST_RESPONSE}</arg>
<arg>${response}</arg>
<doc>Makes a variable available everywhere within the scope of the current test.</doc>
<status status="PASS" start="2026-04-25T11:13:24.192191" elapsed="0.000138"/>
</kw>
<status status="PASS" start="2026-04-25T11:13:24.189267" elapsed="0.003098"/>
</kw>
<kw name="Verify UE 1 Is Detached Successfully" owner="epc_keywords" source_name="Verify UE ${ue_id} Is Detached Successfully">
<kw name="Response Should Be Successful" owner="epc_keywords">
<kw name="Should Be Equal As Integers" owner="BuiltIn">
<msg time="2026-04-25T11:13:24.192833" level="INFO">Argument types are:
&lt;class 'int'&gt;
&lt;class 'str'&gt;</msg>
<arg>${LAST_RESPONSE.status_code}</arg>
<arg>200</arg>
<doc>Fails if objects are unequal after converting them to integers.</doc>
<status status="PASS" start="2026-04-25T11:13:24.192630" elapsed="0.000226"/>
</kw>
<status status="PASS" start="2026-04-25T11:13:24.192548" elapsed="0.000327"/>
</kw>
<kw name="Should Be Equal" owner="BuiltIn">
<arg>${LAST_RESPONSE.json()}[status]</arg>
<arg>detached</arg>
<doc>Fails if the given objects are unequal.</doc>
<status status="PASS" start="2026-04-25T11:13:24.192923" elapsed="0.000193"/>
</kw>
<status status="PASS" start="2026-04-25T11:13:24.192445" elapsed="0.000691"/>
</kw>
<kw name="Reset Machine" owner="epc_keywords" type="TEARDOWN">
<kw name="POST On Session" owner="RequestsLibrary">
<msg time="2026-04-25T11:13:24.194902" level="INFO">POST Request : url=http://epc-simulator:8000/reset 
 path_url=/reset 
 headers={'User-Agent': 'python-requests/2.33.1', 'Accept-Encoding': 'gzip, deflate', 'Accept': '*/*', 'Connection': 'keep-alive', 'Content-Length': '0'} 
 body=None 
 </msg>
<msg time="2026-04-25T11:13:24.195045" level="INFO">POST Response : url=http://epc-simulator:8000/reset 
 status=200, reason=OK 
 headers={'date': 'Sat, 25 Apr 2026 11:13:23 GMT', 'server': 'uvicorn', 'content-length': '18', 'content-type': 'application/json'} 
 body={"status":"reset"} 
 </msg>
<arg>epc</arg>
<arg>/reset</arg>
<arg>expected_status=any</arg>
<doc>Sends a POST request on a previously created HTTP Session.</doc>
<status status="PASS" start="2026-04-25T11:13:24.193294" elapsed="0.001774"/>
</kw>
<status status="PASS" start="2026-04-25T11:13:24.193204" elapsed="0.001890"/>
</kw>
<doc>Verify successful removal of UE from network.</doc>
<tag>detach</tag>
<tag>positive</tag>
<status status="PASS" start="2026-04-25T11:13:24.185271" elapsed="0.009837"/>
</test>
<test id="s1-s1-t5" name="TC-005 Reject Detach For Non-Existent UE 10" line="36">
<kw name="Detach UE 10" owner="epc_keywords" source_name="Detach UE ${ue_id}">
<kw name="Convert To Integer" owner="BuiltIn">
<msg time="2026-04-25T11:13:24.195712" level="INFO">${ue_id_int} = 10</msg>
<var>${ue_id_int}</var>
<arg>${ue_id}</arg>
<doc>Converts the given item to an integer number.</doc>
<status status="PASS" start="2026-04-25T11:13:24.195579" elapsed="0.000142"/>
</kw>
<kw name="DELETE On Session" owner="RequestsLibrary">
<msg time="2026-04-25T11:13:24.196952" level="INFO">DELETE Request : url=http://epc-simulator:8000/ues/10 
 path_url=/ues/10 
 headers={'User-Agent': 'python-requests/2.33.1', 'Accept-Encoding': 'gzip, deflate', 'Accept': '*/*', 'Connection': 'keep-alive', 'Content-Length': '0'} 
 body=None 
 </msg>
<msg time="2026-04-25T11:13:24.196972" level="INFO">DELETE Response : url=http://epc-simulator:8000/ues/10 
 status=400, reason=Bad Request 
 headers={'date': 'Sat, 25 Apr 2026 11:13:23 GMT', 'server': 'uvicorn', 'content-length': '25', 'content-type': 'application/json'} 
 body={"detail":"UE not found"} 
 </msg>
<msg time="2026-04-25T11:13:24.197009" level="INFO">${response} = &lt;Response [400]&gt;</msg>
<var>${response}</var>
<arg>epc</arg>
<arg>/ues/${ue_id_int}</arg>
<arg>expected_status=any</arg>
<doc>Sends a DELETE request on a previously created HTTP Session.</doc>
<status status="PASS" start="2026-04-25T11:13:24.195795" elapsed="0.001223"/>
</kw>
<kw name="Set Test Variable" owner="BuiltIn">
<msg time="2026-04-25T11:13:24.197327" level="INFO">${LAST_RESPONSE} = &lt;Response [400]&gt;</msg>
<arg>${LAST_RESPONSE}</arg>
<arg>${response}</arg>
<doc>Makes a variable available everywhere within the scope of the current test.</doc>
<status status="PASS" start="2026-04-25T11:13:24.197077" elapsed="0.000263"/>
</kw>
<status status="PASS" start="2026-04-25T11:13:24.195373" elapsed="0.001999"/>
</kw>
<kw name="Verify Error Message For Non-Existent UE" owner="epc_keywords">
<kw name="Verify Error Message Contains" owner="epc_keywords">
<kw name="Should Not Be Equal As Integers" owner="BuiltIn">
<msg time="2026-04-25T11:13:24.197767" level="INFO">Argument types are:
&lt;class 'int'&gt;
&lt;class 'str'&gt;</msg>
<arg>${LAST_RESPONSE.status_code}</arg>
<arg>200</arg>
<doc>Fails if objects are equal after converting them to integers.</doc>
<status status="PASS" start="2026-04-25T11:13:24.197590" elapsed="0.000196"/>
</kw>
<kw name="Set Variable" owner="BuiltIn">
<msg time="2026-04-25T11:13:24.198011" level="INFO">${response_json} = {'detail': 'UE not found'}</msg>
<var>${response_json}</var>
<arg>${LAST_RESPONSE.json()}</arg>
<doc>Returns the given values which can then be assigned to a variables.</doc>
<status status="PASS" start="2026-04-25T11:13:24.197836" elapsed="0.000183"/>
</kw>
<kw name="Get From Dictionary" owner="Collections">
<msg time="2026-04-25T11:13:24.198199" level="INFO">${detail} = UE not found</msg>
<var>${detail}</var>
<arg>${response_json}</arg>
<arg>detail</arg>
<doc>Returns a value from the given ``dictionary`` based on the given ``key``.</doc>
<status status="PASS" start="2026-04-25T11:13:24.198068" elapsed="0.000139"/>
</kw>
<kw name="Convert To String" owner="BuiltIn">
<msg time="2026-04-25T11:13:24.198344" level="INFO">${detail_str} = UE not found</msg>
<var>${detail_str}</var>
<arg>${detail}</arg>
<doc>Converts the given item to a Unicode string.</doc>
<status status="PASS" start="2026-04-25T11:13:24.198255" elapsed="0.000110"/>
</kw>
<kw name="Should Contain" owner="BuiltIn">
<arg>${detail_str}</arg>
<arg>${expected_text}</arg>
<arg>ignore_case=True</arg>
<doc>Fails if ``container`` does not contain ``item`` one or more times.</doc>
<status status="PASS" start="2026-04-25T11:13:24.198480" elapsed="0.000131"/>
</kw>
<arg>not found</arg>
<status status="PASS" start="2026-04-25T11:13:24.197507" elapsed="0.001126"/>
</kw>
<status status="PASS" start="2026-04-25T11:13:24.197420" elapsed="0.001227"/>
</kw>
<kw name="Reset Machine" owner="epc_keywords" type="TEARDOWN">
<kw name="POST On Session" owner="RequestsLibrary">
<msg time="2026-04-25T11:13:24.201462" level="INFO">POST Request : url=http://epc-simulator:8000/reset 
 path_url=/reset 
 headers={'User-Agent': 'python-requests/2.33.1', 'Accept-Encoding': 'gzip, deflate', 'Accept': '*/*', 'Connection': 'keep-alive', 'Content-Length': '0'} 
 body=None 
 </msg>
<msg time="2026-04-25T11:13:24.201488" level="INFO">POST Response : url=http://epc-simulator:8000/reset 
 status=200, reason=OK 
 headers={'date': 'Sat, 25 Apr 2026 11:13:24 GMT', 'server': 'uvicorn', 'content-length': '18', 'content-type': 'application/json'} 
 body={"status":"reset"} 
 </msg>
<arg>epc</arg>
<arg>/reset</arg>
<arg>expected_status=any</arg>
<doc>Sends a POST request on a previously created HTTP Session.</doc>
<status status="PASS" start="2026-04-25T11:13:24.198805" elapsed="0.002705"/>
</kw>
<status status="PASS" start="2026-04-25T11:13:24.198712" elapsed="0.002824"/>
</kw>
<doc>Verify error when detaching a UE that is not in the system.</doc>
<tag>negative</tag>
<status status="PASS" start="2026-04-25T11:13:24.195188" elapsed="0.006361"/>
</test>
<test id="s1-s1-t6" name="TC-006 Verify Default Bearer 9 Creation For UE 1" line="42">
<kw name="Attach UE 1" owner="epc_keywords" source_name="Attach UE ${ue_id}">
<kw name="Convert To Integer" owner="BuiltIn">
<msg time="2026-04-25T11:13:24.202133" level="INFO">${ue_id_int} = 1</msg>
<var>${ue_id_int}</var>
<arg>${ue_id}</arg>
<doc>Converts the given item to an integer number.</doc>
<status status="PASS" start="2026-04-25T11:13:24.202007" elapsed="0.000134"/>
</kw>
<kw name="Create Dictionary" owner="BuiltIn">
<msg time="2026-04-25T11:13:24.202315" level="INFO">${dane} = {'ue_id': 1}</msg>
<var>${dane}</var>
<arg>ue_id=${ue_id_int}</arg>
<doc>Creates and returns a dictionary based on the given ``items``.</doc>
<status status="PASS" start="2026-04-25T11:13:24.202196" elapsed="0.000127"/>
</kw>
<kw name="POST On Session" owner="RequestsLibrary">
<msg time="2026-04-25T11:13:24.205328" level="INFO">POST Request : url=http://epc-simulator:8000/ues 
 path_url=/ues 
 headers={'User-Agent': 'python-requests/2.33.1', 'Accept-Encoding': 'gzip, deflate', 'Accept': '*/*', 'Connection': 'keep-alive', 'Content-Length': '12', 'Content-Type': 'application/json'} 
 body=b'{"ue_id": 1}' 
 </msg>
<msg time="2026-04-25T11:13:24.205362" level="INFO">POST Response : url=http://epc-simulator:8000/ues 
 status=200, reason=OK 
 headers={'date': 'Sat, 25 Apr 2026 11:13:24 GMT', 'server': 'uvicorn', 'content-length': '31', 'content-type': 'application/json'} 
 body={"status":"attached","ue_id":1} 
 </msg>
<msg time="2026-04-25T11:13:24.205402" level="INFO">${response} = &lt;Response [200]&gt;</msg>
<var>${response}</var>
<arg>epc</arg>
<arg>/ues</arg>
<arg>json=${dane}</arg>
<arg>expected_status=any</arg>
<doc>Sends a POST request on a previously created HTTP Session.</doc>
<status status="PASS" start="2026-04-25T11:13:24.202379" elapsed="0.003034"/>
</kw>
<kw name="Set Test Variable" owner="BuiltIn">
<msg time="2026-04-25T11:13:24.205707" level="INFO">${LAST_RESPONSE} = &lt;Response [200]&gt;</msg>
<arg>${LAST_RESPONSE}</arg>
<arg>${response}</arg>
<doc>Makes a variable available everywhere within the scope of the current test.</doc>
<status status="PASS" start="2026-04-25T11:13:24.205480" elapsed="0.000240"/>
</kw>
<status status="PASS" start="2026-04-25T11:13:24.201893" elapsed="0.003965"/>
</kw>
<kw name="Retrieve Status Of UE 1" owner="epc_keywords" source_name="Retrieve Status Of UE ${ue_id}">
<kw name="Convert To Integer" owner="BuiltIn">
<msg time="2026-04-25T11:13:24.206127" level="INFO">${ue_id_int} = 1</msg>
<var>${ue_id_int}</var>
<arg>${ue_id}</arg>
<doc>Converts the given item to an integer number.</doc>
<status status="PASS" start="2026-04-25T11:13:24.206034" elapsed="0.000101"/>
</kw>
<kw name="GET On Session" owner="RequestsLibrary">
<msg time="2026-04-25T11:13:24.207465" level="INFO">GET Request : url=http://epc-simulator:8000/ues/1 
 path_url=/ues/1 
 headers={'User-Agent': 'python-requests/2.33.1', 'Accept-Encoding': 'gzip, deflate', 'Accept': '*/*', 'Connection': 'keep-alive'} 
 body=None 
 </msg>
<msg time="2026-04-25T11:13:24.207485" level="INFO">GET Response : url=http://epc-simulator:8000/ues/1 
 status=200, reason=OK 
 headers={'date': 'Sat, 25 Apr 2026 11:13:24 GMT', 'server': 'uvicorn', 'content-length': '103', 'content-type': 'application/json'} 
 body={"ue_id":1,"bearers":{"9":{"bearer_id":9,"protocol":null,"target_bps":null,"active":false}},"stats":{}} 
 </msg>
<msg time="2026-04-25T11:13:24.207518" level="INFO">${response} = &lt;Response [200]&gt;</msg>
<var>${response}</var>
<arg>epc</arg>
<arg>/ues/${ue_id_int}</arg>
<arg>expected_status=any</arg>
<doc>Sends a GET request on a previously created HTTP Session.</doc>
<status status="PASS" start="2026-04-25T11:13:24.206180" elapsed="0.001347"/>
</kw>
<kw name="Set Test Variable" owner="BuiltIn">
<msg time="2026-04-25T11:13:24.207697" level="INFO">${LAST_RESPONSE} = &lt;Response [200]&gt;</msg>
<arg>${LAST_RESPONSE}</arg>
<arg>${response}</arg>
<doc>Makes a variable available everywhere within the scope of the current test.</doc>
<status status="PASS" start="2026-04-25T11:13:24.207584" elapsed="0.000130"/>
</kw>
<status status="PASS" start="2026-04-25T11:13:24.205936" elapsed="0.001799"/>
</kw>
<kw name="Retrieve Traffic Stats For UE 1 On Bearer 9" owner="epc_keywords" source_name="Retrieve Traffic Stats For UE ${ue_id} On Bearer ${bearer_id}">
<kw name="Convert To Integer" owner="BuiltIn">
<msg time="2026-04-25T11:13:24.208000" level="INFO">${ue_id_int} = 1</msg>
<var>${ue_id_int}</var>
<arg>${ue_id}</arg>
<doc>Converts the given item to an integer number.</doc>
<status status="PASS" start="2026-04-25T11:13:24.207907" elapsed="0.000103"/>
</kw>
<kw name="Convert To Integer" owner="BuiltIn">
<msg time="2026-04-25T11:13:24.208143" level="INFO">${bearer_id_int} = 9</msg>
<var>${bearer_id_int}</var>
<arg>${bearer_id}</arg>
<doc>Converts the given item to an integer number.</doc>
<status status="PASS" start="2026-04-25T11:13:24.208056" elapsed="0.000095"/>
</kw>
<kw name="GET On Session" owner="RequestsLibrary">
<msg time="2026-04-25T11:13:24.209945" level="INFO">GET Request : url=http://epc-simulator:8000/ues/1/bearers/9/traffic 
 path_url=/ues/1/bearers/9/traffic 
 headers={'User-Agent': 'python-requests/2.33.1', 'Accept-Encoding': 'gzip, deflate', 'Accept': '*/*', 'Connection': 'keep-alive'} 
 body=None 
 </msg>
<msg time="2026-04-25T11:13:24.209971" level="INFO">GET Response : url=http://epc-simulator:8000/ues/1/bearers/9/traffic 
 status=200, reason=OK 
 headers={'date': 'Sat, 25 Apr 2026 11:13:24 GMT', 'server': 'uvicorn', 'content-length': '96', 'content-type': 'application/json'} 
 body={"ue_id":1,"bearer_id":9,"protocol":null,"target_bps":null,"tx_bps":0,"rx_bps":0,"duration":0.0} 
 </msg>
<msg time="2026-04-25T11:13:24.210011" level="INFO">${response} = &lt;Response [200]&gt;</msg>
<var>${response}</var>
<arg>epc</arg>
<arg>/ues/${ue_id_int}/bearers/${bearer_id_int}/traffic</arg>
<arg>expected_status=any</arg>
<doc>Sends a GET request on a previously created HTTP Session.</doc>
<status status="PASS" start="2026-04-25T11:13:24.208197" elapsed="0.001823"/>
</kw>
<kw name="Set Test Variable" owner="BuiltIn">
<msg time="2026-04-25T11:13:24.210208" level="INFO">${LAST_RESPONSE} = &lt;Response [200]&gt;</msg>
<arg>${LAST_RESPONSE}</arg>
<arg>${response}</arg>
<doc>Makes a variable available everywhere within the scope of the current test.</doc>
<status status="PASS" start="2026-04-25T11:13:24.210087" elapsed="0.000134"/>
</kw>
<status status="PASS" start="2026-04-25T11:13:24.207803" elapsed="0.002443"/>
</kw>
<kw name="Response Should Be Successful" owner="epc_keywords">
<kw name="Should Be Equal As Integers" owner="BuiltIn">
<msg time="2026-04-25T11:13:24.210620" level="INFO">Argument types are:
&lt;class 'int'&gt;
&lt;class 'str'&gt;</msg>
<arg>${LAST_RESPONSE.status_code}</arg>
<arg>200</arg>
<doc>Fails if objects are unequal after converting them to integers.</doc>
<status status="PASS" start="2026-04-25T11:13:24.210411" elapsed="0.000232"/>
</kw>
<status status="PASS" start="2026-04-25T11:13:24.210297" elapsed="0.000365"/>
</kw>
<kw name="Reset Machine" owner="epc_keywords" type="TEARDOWN">
<kw name="POST On Session" owner="RequestsLibrary">
<msg time="2026-04-25T11:13:24.213155" level="INFO">POST Request : url=http://epc-simulator:8000/reset 
 path_url=/reset 
 headers={'User-Agent': 'python-requests/2.33.1', 'Accept-Encoding': 'gzip, deflate', 'Accept': '*/*', 'Connection': 'keep-alive', 'Content-Length': '0'} 
 body=None 
 </msg>
<msg time="2026-04-25T11:13:24.213175" level="INFO">POST Response : url=http://epc-simulator:8000/reset 
 status=200, reason=OK 
 headers={'date': 'Sat, 25 Apr 2026 11:13:24 GMT', 'server': 'uvicorn', 'content-length': '18', 'content-type': 'application/json'} 
 body={"status":"reset"} 
 </msg>
<arg>epc</arg>
<arg>/reset</arg>
<arg>expected_status=any</arg>
<doc>Sends a POST request on a previously created HTTP Session.</doc>
<status status="PASS" start="2026-04-25T11:13:24.210813" elapsed="0.002381"/>
</kw>
<status status="PASS" start="2026-04-25T11:13:24.210725" elapsed="0.002492"/>
</kw>
<doc>Requirement: "Podłączony do sieci UE automatycznie otrzymuje domyślny bearer o ID 9".</doc>
<tag>compliance</tag>
<tag>positive</tag>
<status status="PASS" start="2026-04-25T11:13:24.201657" elapsed="0.011573"/>
</test>
<test id="s1-s1-t7" name="TC-007 Support UE ID Boundary 0" line="52">
<kw name="Attach UE 0" owner="epc_keywords" source_name="Attach UE ${ue_id}">
<kw name="Convert To Integer" owner="BuiltIn">
<msg time="2026-04-25T11:13:24.213744" level="INFO">${ue_id_int} = 0</msg>
<var>${ue_id_int}</var>
<arg>${ue_id}</arg>
<doc>Converts the given item to an integer number.</doc>
<status status="PASS" start="2026-04-25T11:13:24.213612" elapsed="0.000142"/>
</kw>
<kw name="Create Dictionary" owner="BuiltIn">
<msg time="2026-04-25T11:13:24.214088" level="INFO">${dane} = {'ue_id': 0}</msg>
<var>${dane}</var>
<arg>ue_id=${ue_id_int}</arg>
<doc>Creates and returns a dictionary based on the given ``items``.</doc>
<status status="PASS" start="2026-04-25T11:13:24.213808" elapsed="0.000321"/>
</kw>
<kw name="POST On Session" owner="RequestsLibrary">
<msg time="2026-04-25T11:13:24.215476" level="INFO">POST Request : url=http://epc-simulator:8000/ues 
 path_url=/ues 
 headers={'User-Agent': 'python-requests/2.33.1', 'Accept-Encoding': 'gzip, deflate', 'Accept': '*/*', 'Connection': 'keep-alive', 'Content-Length': '12', 'Content-Type': 'application/json'} 
 body=b'{"ue_id": 0}' 
 </msg>
<msg time="2026-04-25T11:13:24.215496" level="INFO">POST Response : url=http://epc-simulator:8000/ues 
 status=422, reason=Unprocessable Entity 
 headers={'date': 'Sat, 25 Apr 2026 11:13:24 GMT', 'server': 'uvicorn', 'content-length': '141', 'content-type': 'application/json'} 
 body={"detail":[{"type":"greater_than_equal","loc":["body","ue_id"],"msg":"Input should be greater than or equal to 1","input":0,"ctx":{"ge":1}}]} 
 </msg>
<msg time="2026-04-25T11:13:24.215535" level="INFO">${response} = &lt;Response [422]&gt;</msg>
<var>${response}</var>
<arg>epc</arg>
<arg>/ues</arg>
<arg>json=${dane}</arg>
<arg>expected_status=any</arg>
<doc>Sends a POST request on a previously created HTTP Session.</doc>
<status status="PASS" start="2026-04-25T11:13:24.214186" elapsed="0.001358"/>
</kw>
<kw name="Set Test Variable" owner="BuiltIn">
<msg time="2026-04-25T11:13:24.215842" level="INFO">${LAST_RESPONSE} = &lt;Response [422]&gt;</msg>
<arg>${LAST_RESPONSE}</arg>
<arg>${response}</arg>
<doc>Makes a variable available everywhere within the scope of the current test.</doc>
<status status="PASS" start="2026-04-25T11:13:24.215602" elapsed="0.000368"/>
</kw>
<status status="PASS" start="2026-04-25T11:13:24.213501" elapsed="0.002490"/>
</kw>
<kw name="Verify UE 0 Is Attached Successfully" owner="epc_keywords" source_name="Verify UE ${ue_id} Is Attached Successfully">
<kw name="Response Should Be Successful" owner="epc_keywords">
<kw name="Should Be Equal As Integers" owner="BuiltIn">
<msg time="2026-04-25T11:13:24.216405" level="INFO">Argument types are:
&lt;class 'int'&gt;
&lt;class 'str'&gt;</msg>
<msg time="2026-04-25T11:13:24.216459" level="FAIL">422 != 200</msg>
<arg>${LAST_RESPONSE.status_code}</arg>
<arg>200</arg>
<doc>Fails if objects are unequal after converting them to integers.</doc>
<status status="FAIL" start="2026-04-25T11:13:24.216228" elapsed="0.000295">422 != 200</status>
</kw>
<status status="FAIL" start="2026-04-25T11:13:24.216144" elapsed="0.000427">422 != 200</status>
</kw>
<kw name="Should Be Equal" owner="BuiltIn">
<arg>${LAST_RESPONSE.json()}[status]</arg>
<arg>attached</arg>
<doc>Fails if the given objects are unequal.</doc>
<status status="NOT RUN" start="2026-04-25T11:13:24.216621" elapsed="0.000007"/>
</kw>
<status status="FAIL" start="2026-04-25T11:13:24.216058" elapsed="0.000599">422 != 200</status>
</kw>
<kw name="Reset Machine" owner="epc_keywords" type="TEARDOWN">
<kw name="POST On Session" owner="RequestsLibrary">
<msg time="2026-04-25T11:13:24.218079" level="INFO">POST Request : url=http://epc-simulator:8000/reset 
 path_url=/reset 
 headers={'User-Agent': 'python-requests/2.33.1', 'Accept-Encoding': 'gzip, deflate', 'Accept': '*/*', 'Connection': 'keep-alive', 'Content-Length': '0'} 
 body=None 
 </msg>
<msg time="2026-04-25T11:13:24.218100" level="INFO">POST Response : url=http://epc-simulator:8000/reset 
 status=200, reason=OK 
 headers={'date': 'Sat, 25 Apr 2026 11:13:24 GMT', 'server': 'uvicorn', 'content-length': '18', 'content-type': 'application/json'} 
 body={"status":"reset"} 
 </msg>
<arg>epc</arg>
<arg>/reset</arg>
<arg>expected_status=any</arg>
<doc>Sends a POST request on a previously created HTTP Session.</doc>
<status status="PASS" start="2026-04-25T11:13:24.216821" elapsed="0.001298"/>
</kw>
<status status="PASS" start="2026-04-25T11:13:24.216732" elapsed="0.001410"/>
</kw>
<doc>Requirement: "zakres dostępnych UE: 0-100".</doc>
<tag>boundary</tag>
<tag>bug-discovery</tag>
<tag>compliance</tag>
<status status="FAIL" start="2026-04-25T11:13:24.213312" elapsed="0.004844">422 != 200</status>
</test>
<test id="s1-s1-t8" name="TC-008 Support UE ID Boundary 100" line="58">
<kw name="Attach UE 100" owner="epc_keywords" source_name="Attach UE ${ue_id}">
<kw name="Convert To Integer" owner="BuiltIn">
<msg time="2026-04-25T11:13:24.218680" level="INFO">${ue_id_int} = 100</msg>
<var>${ue_id_int}</var>
<arg>${ue_id}</arg>
<doc>Converts the given item to an integer number.</doc>
<status status="PASS" start="2026-04-25T11:13:24.218521" elapsed="0.000167"/>
</kw>
<kw name="Create Dictionary" owner="BuiltIn">
<msg time="2026-04-25T11:13:24.218858" level="INFO">${dane} = {'ue_id': 100}</msg>
<var>${dane}</var>
<arg>ue_id=${ue_id_int}</arg>
<doc>Creates and returns a dictionary based on the given ``items``.</doc>
<status status="PASS" start="2026-04-25T11:13:24.218743" elapsed="0.000123"/>
</kw>
<kw name="POST On Session" owner="RequestsLibrary">
<msg time="2026-04-25T11:13:24.221484" level="INFO">POST Request : url=http://epc-simulator:8000/ues 
 path_url=/ues 
 headers={'User-Agent': 'python-requests/2.33.1', 'Accept-Encoding': 'gzip, deflate', 'Accept': '*/*', 'Connection': 'keep-alive', 'Content-Length': '14', 'Content-Type': 'application/json'} 
 body=b'{"ue_id": 100}' 
 </msg>
<msg time="2026-04-25T11:13:24.221507" level="INFO">POST Response : url=http://epc-simulator:8000/ues 
 status=200, reason=OK 
 headers={'date': 'Sat, 25 Apr 2026 11:13:24 GMT', 'server': 'uvicorn', 'content-length': '33', 'content-type': 'application/json'} 
 body={"status":"attached","ue_id":100} 
 </msg>
<msg time="2026-04-25T11:13:24.221547" level="INFO">${response} = &lt;Response [200]&gt;</msg>
<var>${response}</var>
<arg>epc</arg>
<arg>/ues</arg>
<arg>json=${dane}</arg>
<arg>expected_status=any</arg>
<doc>Sends a POST request on a previously created HTTP Session.</doc>
<status status="PASS" start="2026-04-25T11:13:24.218911" elapsed="0.002646"/>
</kw>
<kw name="Set Test Variable" owner="BuiltIn">
<msg time="2026-04-25T11:13:24.221855" level="INFO">${LAST_RESPONSE} = &lt;Response [200]&gt;</msg>
<arg>${LAST_RESPONSE}</arg>
<arg>${response}</arg>
<doc>Makes a variable available everywhere within the scope of the current test.</doc>
<status status="PASS" start="2026-04-25T11:13:24.221619" elapsed="0.000249"/>
</kw>
<status status="PASS" start="2026-04-25T11:13:24.218416" elapsed="0.003471"/>
</kw>
<kw name="Verify UE 100 Is Attached Successfully" owner="epc_keywords" source_name="Verify UE ${ue_id} Is Attached Successfully">
<kw name="Response Should Be Successful" owner="epc_keywords">
<kw name="Should Be Equal As Integers" owner="BuiltIn">
<msg time="2026-04-25T11:13:24.222255" level="INFO">Argument types are:
&lt;class 'int'&gt;
&lt;class 'str'&gt;</msg>
<arg>${LAST_RESPONSE.status_code}</arg>
<arg>200</arg>
<doc>Fails if objects are unequal after converting them to integers.</doc>
<status status="PASS" start="2026-04-25T11:13:24.222098" elapsed="0.000175"/>
</kw>
<status status="PASS" start="2026-04-25T11:13:24.222029" elapsed="0.000260"/>
</kw>
<kw name="Should Be Equal" owner="BuiltIn">
<arg>${LAST_RESPONSE.json()}[status]</arg>
<arg>attached</arg>
<doc>Fails if the given objects are unequal.</doc>
<status status="PASS" start="2026-04-25T11:13:24.222328" elapsed="0.000196"/>
</kw>
<status status="PASS" start="2026-04-25T11:13:24.221948" elapsed="0.000596"/>
</kw>
<kw name="Reset Machine" owner="epc_keywords" type="TEARDOWN">
<kw name="POST On Session" owner="RequestsLibrary">
<msg time="2026-04-25T11:13:24.225083" level="INFO">POST Request : url=http://epc-simulator:8000/reset 
 path_url=/reset 
 headers={'User-Agent': 'python-requests/2.33.1', 'Accept-Encoding': 'gzip, deflate', 'Accept': '*/*', 'Connection': 'keep-alive', 'Content-Length': '0'} 
 body=None 
 </msg>
<msg time="2026-04-25T11:13:24.225137" level="INFO">POST Response : url=http://epc-simulator:8000/reset 
 status=200, reason=OK 
 headers={'date': 'Sat, 25 Apr 2026 11:13:24 GMT', 'server': 'uvicorn', 'content-length': '18', 'content-type': 'application/json'} 
 body={"status":"reset"} 
 </msg>
<arg>epc</arg>
<arg>/reset</arg>
<arg>expected_status=any</arg>
<doc>Sends a POST request on a previously created HTTP Session.</doc>
<status status="PASS" start="2026-04-25T11:13:24.222692" elapsed="0.002472"/>
</kw>
<status status="PASS" start="2026-04-25T11:13:24.222605" elapsed="0.002613"/>
</kw>
<doc>Requirement: "zakres dostępnych UE: 0-100".</doc>
<tag>boundary</tag>
<tag>compliance</tag>
<status status="PASS" start="2026-04-25T11:13:24.218239" elapsed="0.006998"/>
</test>
<kw name="Reset Machine" owner="epc_keywords" type="TEARDOWN">
<kw name="POST On Session" owner="RequestsLibrary">
<msg time="2026-04-25T11:13:24.227550" level="INFO">POST Request : url=http://epc-simulator:8000/reset 
 path_url=/reset 
 headers={'User-Agent': 'python-requests/2.33.1', 'Accept-Encoding': 'gzip, deflate', 'Accept': '*/*', 'Connection': 'keep-alive', 'Content-Length': '0'} 
 body=None 
 </msg>
<msg time="2026-04-25T11:13:24.227573" level="INFO">POST Response : url=http://epc-simulator:8000/reset 
 status=200, reason=OK 
 headers={'date': 'Sat, 25 Apr 2026 11:13:24 GMT', 'server': 'uvicorn', 'content-length': '18', 'content-type': 'application/json'} 
 body={"status":"reset"} 
 </msg>
<arg>epc</arg>
<arg>/reset</arg>
<arg>expected_status=any</arg>
<doc>Sends a POST request on a previously created HTTP Session.</doc>
<status status="PASS" start="2026-04-25T11:13:24.225968" elapsed="0.001629"/>
</kw>
<status status="PASS" start="2026-04-25T11:13:24.225836" elapsed="0.001787"/>
</kw>
<doc>UE Attachment and Detachment tests based on documentation.</doc>
<status status="FAIL" start="2026-04-25T11:13:24.151736" elapsed="0.076012"/>
</suite>
<suite id="s1-s2" name="02 Bearer Management" source="/tests/02_bearer_management.robot">
<kw name="Initialize Simulator Session" owner="epc_keywords" type="SETUP">
<kw name="Create Session" owner="RequestsLibrary">
<msg time="2026-04-25T11:13:24.229048" level="INFO">Creating Session using : alias=epc, url=http://epc-simulator:8000, headers={},                     cookies={}, auth=None, timeout=None, proxies=None, verify=False,                     debug=0 </msg>
<arg>epc</arg>
<arg>${BASE_URL}</arg>
<doc>Create Session: create a HTTP session to a server</doc>
<status status="PASS" start="2026-04-25T11:13:24.229000" elapsed="0.000099"/>
</kw>
<status status="PASS" start="2026-04-25T11:13:24.228925" elapsed="0.000195"/>
</kw>
<test id="s1-s2-t1" name="TC-009 Add Bearer 3 To Attached UE 5" line="10">
<kw name="Attach UE 5" owner="epc_keywords" source_name="Attach UE ${ue_id}">
<kw name="Convert To Integer" owner="BuiltIn">
<msg time="2026-04-25T11:13:24.229613" level="INFO">${ue_id_int} = 5</msg>
<var>${ue_id_int}</var>
<arg>${ue_id}</arg>
<doc>Converts the given item to an integer number.</doc>
<status status="PASS" start="2026-04-25T11:13:24.229422" elapsed="0.000201"/>
</kw>
<kw name="Create Dictionary" owner="BuiltIn">
<msg time="2026-04-25T11:13:24.229798" level="INFO">${dane} = {'ue_id': 5}</msg>
<var>${dane}</var>
<arg>ue_id=${ue_id_int}</arg>
<doc>Creates and returns a dictionary based on the given ``items``.</doc>
<status status="PASS" start="2026-04-25T11:13:24.229678" elapsed="0.000128"/>
</kw>
<kw name="POST On Session" owner="RequestsLibrary">
<msg time="2026-04-25T11:13:24.233466" level="INFO">POST Request : url=http://epc-simulator:8000/ues 
 path_url=/ues 
 headers={'User-Agent': 'python-requests/2.33.1', 'Accept-Encoding': 'gzip, deflate', 'Accept': '*/*', 'Connection': 'keep-alive', 'Content-Length': '12', 'Content-Type': 'application/json'} 
 body=b'{"ue_id": 5}' 
 </msg>
<msg time="2026-04-25T11:13:24.233500" level="INFO">POST Response : url=http://epc-simulator:8000/ues 
 status=200, reason=OK 
 headers={'date': 'Sat, 25 Apr 2026 11:13:24 GMT', 'server': 'uvicorn', 'content-length': '31', 'content-type': 'application/json'} 
 body={"status":"attached","ue_id":5} 
 </msg>
<msg time="2026-04-25T11:13:24.233562" level="INFO">${response} = &lt;Response [200]&gt;</msg>
<var>${response}</var>
<arg>epc</arg>
<arg>/ues</arg>
<arg>json=${dane}</arg>
<arg>expected_status=any</arg>
<doc>Sends a POST request on a previously created HTTP Session.</doc>
<status status="PASS" start="2026-04-25T11:13:24.229855" elapsed="0.003716"/>
</kw>
<kw name="Set Test Variable" owner="BuiltIn">
<msg time="2026-04-25T11:13:24.233971" level="INFO">${LAST_RESPONSE} = &lt;Response [200]&gt;</msg>
<arg>${LAST_RESPONSE}</arg>
<arg>${response}</arg>
<doc>Makes a variable available everywhere within the scope of the current test.</doc>
<status status="PASS" start="2026-04-25T11:13:24.233669" elapsed="0.000317"/>
</kw>
<status status="PASS" start="2026-04-25T11:13:24.229308" elapsed="0.004701"/>
</kw>
<kw name="Add Bearer 3 To UE 5" owner="epc_keywords" source_name="Add Bearer ${bearer_id} To UE ${ue_id}">
<kw name="Convert To Integer" owner="BuiltIn">
<msg time="2026-04-25T11:13:24.234437" level="INFO">${ue_id_int} = 5</msg>
<var>${ue_id_int}</var>
<arg>${ue_id}</arg>
<doc>Converts the given item to an integer number.</doc>
<status status="PASS" start="2026-04-25T11:13:24.234201" elapsed="0.000245"/>
</kw>
<kw name="Convert To Integer" owner="BuiltIn">
<msg time="2026-04-25T11:13:24.234580" level="INFO">${bearer_id_int} = 3</msg>
<var>${bearer_id_int}</var>
<arg>${bearer_id}</arg>
<doc>Converts the given item to an integer number.</doc>
<status status="PASS" start="2026-04-25T11:13:24.234495" elapsed="0.000093"/>
</kw>
<kw name="Create Dictionary" owner="BuiltIn">
<msg time="2026-04-25T11:13:24.234746" level="INFO">${dane} = {'bearer_id': 3}</msg>
<var>${dane}</var>
<arg>bearer_id=${bearer_id_int}</arg>
<doc>Creates and returns a dictionary based on the given ``items``.</doc>
<status status="PASS" start="2026-04-25T11:13:24.234634" elapsed="0.000120"/>
</kw>
<kw name="POST On Session" owner="RequestsLibrary">
<msg time="2026-04-25T11:13:24.237712" level="INFO">POST Request : url=http://epc-simulator:8000/ues/5/bearers 
 path_url=/ues/5/bearers 
 headers={'User-Agent': 'python-requests/2.33.1', 'Accept-Encoding': 'gzip, deflate', 'Accept': '*/*', 'Connection': 'keep-alive', 'Content-Length': '16', 'Content-Type': 'application/json'} 
 body=b'{"bearer_id": 3}' 
 </msg>
<msg time="2026-04-25T11:13:24.237734" level="INFO">POST Response : url=http://epc-simulator:8000/ues/5/bearers 
 status=200, reason=OK 
 headers={'date': 'Sat, 25 Apr 2026 11:13:24 GMT', 'server': 'uvicorn', 'content-length': '49', 'content-type': 'application/json'} 
 body={"status":"bearer_added","ue_id":5,"bearer_id":3} 
 </msg>
<msg time="2026-04-25T11:13:24.237769" level="INFO">${response} = &lt;Response [200]&gt;</msg>
<var>${response}</var>
<arg>epc</arg>
<arg>/ues/${ue_id_int}/bearers</arg>
<arg>json=${dane}</arg>
<arg>expected_status=any</arg>
<doc>Sends a POST request on a previously created HTTP Session.</doc>
<status status="PASS" start="2026-04-25T11:13:24.234800" elapsed="0.002977"/>
</kw>
<kw name="Set Test Variable" owner="BuiltIn">
<msg time="2026-04-25T11:13:24.237956" level="INFO">${LAST_RESPONSE} = &lt;Response [200]&gt;</msg>
<arg>${LAST_RESPONSE}</arg>
<arg>${response}</arg>
<doc>Makes a variable available everywhere within the scope of the current test.</doc>
<status status="PASS" start="2026-04-25T11:13:24.237841" elapsed="0.000129"/>
</kw>
<status status="PASS" start="2026-04-25T11:13:24.234084" elapsed="0.003906"/>
</kw>
<kw name="Response Should Be Successful" owner="epc_keywords">
<kw name="Should Be Equal As Integers" owner="BuiltIn">
<msg time="2026-04-25T11:13:24.238304" level="INFO">Argument types are:
&lt;class 'int'&gt;
&lt;class 'str'&gt;</msg>
<arg>${LAST_RESPONSE.status_code}</arg>
<arg>200</arg>
<doc>Fails if objects are unequal after converting them to integers.</doc>
<status status="PASS" start="2026-04-25T11:13:24.238126" elapsed="0.000196"/>
</kw>
<status status="PASS" start="2026-04-25T11:13:24.238039" elapsed="0.000300"/>
</kw>
<kw name="Reset Machine" owner="epc_keywords" type="TEARDOWN">
<kw name="POST On Session" owner="RequestsLibrary">
<msg time="2026-04-25T11:13:24.241236" level="INFO">POST Request : url=http://epc-simulator:8000/reset 
 path_url=/reset 
 headers={'User-Agent': 'python-requests/2.33.1', 'Accept-Encoding': 'gzip, deflate', 'Accept': '*/*', 'Connection': 'keep-alive', 'Content-Length': '0'} 
 body=None 
 </msg>
<msg time="2026-04-25T11:13:24.241266" level="INFO">POST Response : url=http://epc-simulator:8000/reset 
 status=200, reason=OK 
 headers={'date': 'Sat, 25 Apr 2026 11:13:24 GMT', 'server': 'uvicorn', 'content-length': '18', 'content-type': 'application/json'} 
 body={"status":"reset"} 
 </msg>
<arg>epc</arg>
<arg>/reset</arg>
<arg>expected_status=any</arg>
<doc>Sends a POST request on a previously created HTTP Session.</doc>
<status status="PASS" start="2026-04-25T11:13:24.238505" elapsed="0.002785"/>
</kw>
<status status="PASS" start="2026-04-25T11:13:24.238416" elapsed="0.002903"/>
</kw>
<doc>Verify successful bearer addition to attached UE.</doc>
<tag>bearer</tag>
<tag>positive</tag>
<status status="PASS" start="2026-04-25T11:13:24.229137" elapsed="0.012196"/>
</test>
<test id="s1-s2-t2" name="TC-010 Reject Bearer ID 999 Out Of Range For UE 5" line="18">
<kw name="Attach UE 5" owner="epc_keywords" source_name="Attach UE ${ue_id}">
<kw name="Convert To Integer" owner="BuiltIn">
<msg time="2026-04-25T11:13:24.242020" level="INFO">${ue_id_int} = 5</msg>
<var>${ue_id_int}</var>
<arg>${ue_id}</arg>
<doc>Converts the given item to an integer number.</doc>
<status status="PASS" start="2026-04-25T11:13:24.241866" elapsed="0.000167"/>
</kw>
<kw name="Create Dictionary" owner="BuiltIn">
<msg time="2026-04-25T11:13:24.242217" level="INFO">${dane} = {'ue_id': 5}</msg>
<var>${dane}</var>
<arg>ue_id=${ue_id_int}</arg>
<doc>Creates and returns a dictionary based on the given ``items``.</doc>
<status status="PASS" start="2026-04-25T11:13:24.242094" elapsed="0.000243"/>
</kw>
<kw name="POST On Session" owner="RequestsLibrary">
<msg time="2026-04-25T11:13:24.245167" level="INFO">POST Request : url=http://epc-simulator:8000/ues 
 path_url=/ues 
 headers={'User-Agent': 'python-requests/2.33.1', 'Accept-Encoding': 'gzip, deflate', 'Accept': '*/*', 'Connection': 'keep-alive', 'Content-Length': '12', 'Content-Type': 'application/json'} 
 body=b'{"ue_id": 5}' 
 </msg>
<msg time="2026-04-25T11:13:24.245200" level="INFO">POST Response : url=http://epc-simulator:8000/ues 
 status=200, reason=OK 
 headers={'date': 'Sat, 25 Apr 2026 11:13:24 GMT', 'server': 'uvicorn', 'content-length': '31', 'content-type': 'application/json'} 
 body={"status":"attached","ue_id":5} 
 </msg>
<msg time="2026-04-25T11:13:24.245257" level="INFO">${response} = &lt;Response [200]&gt;</msg>
<var>${response}</var>
<arg>epc</arg>
<arg>/ues</arg>
<arg>json=${dane}</arg>
<arg>expected_status=any</arg>
<doc>Sends a POST request on a previously created HTTP Session.</doc>
<status status="PASS" start="2026-04-25T11:13:24.242403" elapsed="0.002864"/>
</kw>
<kw name="Set Test Variable" owner="BuiltIn">
<msg time="2026-04-25T11:13:24.245674" level="INFO">${LAST_RESPONSE} = &lt;Response [200]&gt;</msg>
<arg>${LAST_RESPONSE}</arg>
<arg>${response}</arg>
<doc>Makes a variable available everywhere within the scope of the current test.</doc>
<status status="PASS" start="2026-04-25T11:13:24.245366" elapsed="0.000324"/>
</kw>
<status status="PASS" start="2026-04-25T11:13:24.241714" elapsed="0.004003"/>
</kw>
<kw name="Add Bearer 999 To UE 5" owner="epc_keywords" source_name="Add Bearer ${bearer_id} To UE ${ue_id}">
<kw name="Convert To Integer" owner="BuiltIn">
<msg time="2026-04-25T11:13:24.246020" level="INFO">${ue_id_int} = 5</msg>
<var>${ue_id_int}</var>
<arg>${ue_id}</arg>
<doc>Converts the given item to an integer number.</doc>
<status status="PASS" start="2026-04-25T11:13:24.245919" elapsed="0.000110"/>
</kw>
<kw name="Convert To Integer" owner="BuiltIn">
<msg time="2026-04-25T11:13:24.246162" level="INFO">${bearer_id_int} = 999</msg>
<var>${bearer_id_int}</var>
<arg>${bearer_id}</arg>
<doc>Converts the given item to an integer number.</doc>
<status status="PASS" start="2026-04-25T11:13:24.246076" elapsed="0.000094"/>
</kw>
<kw name="Create Dictionary" owner="BuiltIn">
<msg time="2026-04-25T11:13:24.246337" level="INFO">${dane} = {'bearer_id': 999}</msg>
<var>${dane}</var>
<arg>bearer_id=${bearer_id_int}</arg>
<doc>Creates and returns a dictionary based on the given ``items``.</doc>
<status status="PASS" start="2026-04-25T11:13:24.246221" elapsed="0.000139"/>
</kw>
<kw name="POST On Session" owner="RequestsLibrary">
<msg time="2026-04-25T11:13:24.247486" level="INFO">POST Request : url=http://epc-simulator:8000/ues/5/bearers 
 path_url=/ues/5/bearers 
 headers={'User-Agent': 'python-requests/2.33.1', 'Accept-Encoding': 'gzip, deflate', 'Accept': '*/*', 'Connection': 'keep-alive', 'Content-Length': '18', 'Content-Type': 'application/json'} 
 body=b'{"bearer_id": 999}' 
 </msg>
<msg time="2026-04-25T11:13:24.247506" level="INFO">POST Response : url=http://epc-simulator:8000/ues/5/bearers 
 status=422, reason=Unprocessable Entity 
 headers={'date': 'Sat, 25 Apr 2026 11:13:24 GMT', 'server': 'uvicorn', 'content-length': '141', 'content-type': 'application/json'} 
 body={"detail":[{"type":"less_than_equal","loc":["body","bearer_id"],"msg":"Input should be less than or equal to 9","input":999,"ctx":{"le":9}}]} 
 </msg>
<msg time="2026-04-25T11:13:24.247539" level="INFO">${response} = &lt;Response [422]&gt;</msg>
<var>${response}</var>
<arg>epc</arg>
<arg>/ues/${ue_id_int}/bearers</arg>
<arg>json=${dane}</arg>
<arg>expected_status=any</arg>
<doc>Sends a POST request on a previously created HTTP Session.</doc>
<status status="PASS" start="2026-04-25T11:13:24.246410" elapsed="0.001137"/>
</kw>
<kw name="Set Test Variable" owner="BuiltIn">
<msg time="2026-04-25T11:13:24.247702" level="INFO">${LAST_RESPONSE} = &lt;Response [422]&gt;</msg>
<arg>${LAST_RESPONSE}</arg>
<arg>${response}</arg>
<doc>Makes a variable available everywhere within the scope of the current test.</doc>
<status status="PASS" start="2026-04-25T11:13:24.247606" elapsed="0.000109"/>
</kw>
<status status="PASS" start="2026-04-25T11:13:24.245801" elapsed="0.001932"/>
</kw>
<kw name="Verify Error Message For Bearer ID Out Of Range" owner="epc_keywords">
<kw name="Verify Message Contains Boundary" owner="epc_keywords">
<kw name="Convert To String" owner="BuiltIn">
<msg time="2026-04-25T11:13:24.248136" level="INFO">${detail} = [{'type': 'less_than_equal', 'loc': ['body', 'bearer_id'], 'msg': 'Input should be less than or equal to 9', 'input': 999, 'ctx': {'le': 9}}]</msg>
<var>${detail}</var>
<arg>${LAST_RESPONSE.json()}[detail]</arg>
<doc>Converts the given item to a Unicode string.</doc>
<status status="PASS" start="2026-04-25T11:13:24.247938" elapsed="0.000206"/>
</kw>
<kw name="Run Keyword If" owner="BuiltIn">
<kw name="Return From Keyword" owner="BuiltIn">
<msg time="2026-04-25T11:13:24.248439" level="INFO">Returning from the enclosing user keyword.</msg>
<doc>Returns from the enclosing user keyword.</doc>
<status status="PASS" start="2026-04-25T11:13:24.248380" elapsed="0.000084"/>
</kw>
<arg>'${lower}' in """${detail}""" or '${upper}' in """${detail}"""</arg>
<arg>Return From Keyword</arg>
<doc>Runs the given keyword with the given arguments, if ``condition`` is true.</doc>
<status status="PASS" start="2026-04-25T11:13:24.248200" elapsed="0.000278"/>
</kw>
<kw name="Fail" owner="BuiltIn">
<arg>Komunikat błędu nie odnosi się do granic zakresu ${lower}-${upper} określonego w dokumentacji (Otrzymano: ${detail})</arg>
<doc>Fails the test with the given message and optionally alters its tags.</doc>
<status status="NOT RUN" start="2026-04-25T11:13:24.248525" elapsed="0.000006"/>
</kw>
<arg>1</arg>
<arg>9</arg>
<status status="PASS" start="2026-04-25T11:13:24.247856" elapsed="0.000696"/>
</kw>
<doc>Dokumentacja: zakres 1-9.</doc>
<status status="PASS" start="2026-04-25T11:13:24.247775" elapsed="0.000793"/>
</kw>
<kw name="Reset Machine" owner="epc_keywords" type="TEARDOWN">
<kw name="POST On Session" owner="RequestsLibrary">
<msg time="2026-04-25T11:13:24.251223" level="INFO">POST Request : url=http://epc-simulator:8000/reset 
 path_url=/reset 
 headers={'User-Agent': 'python-requests/2.33.1', 'Accept-Encoding': 'gzip, deflate', 'Accept': '*/*', 'Connection': 'keep-alive', 'Content-Length': '0'} 
 body=None 
 </msg>
<msg time="2026-04-25T11:13:24.251256" level="INFO">POST Response : url=http://epc-simulator:8000/reset 
 status=200, reason=OK 
 headers={'date': 'Sat, 25 Apr 2026 11:13:24 GMT', 'server': 'uvicorn', 'content-length': '18', 'content-type': 'application/json'} 
 body={"status":"reset"} 
 </msg>
<arg>epc</arg>
<arg>/reset</arg>
<arg>expected_status=any</arg>
<doc>Sends a POST request on a previously created HTTP Session.</doc>
<status status="PASS" start="2026-04-25T11:13:24.248725" elapsed="0.002555"/>
</kw>
<status status="PASS" start="2026-04-25T11:13:24.248634" elapsed="0.002677"/>
</kw>
<doc>Verify that bearer ID 999 out of range is rejected.</doc>
<tag>bearer</tag>
<tag>negative</tag>
<status status="PASS" start="2026-04-25T11:13:24.241435" elapsed="0.009891"/>
</test>
<test id="s1-s2-t3" name="TC-011 Reject Duplicate Bearer 3 For UE 5" line="26">
<kw name="Attach UE 5" owner="epc_keywords" source_name="Attach UE ${ue_id}">
<kw name="Convert To Integer" owner="BuiltIn">
<msg time="2026-04-25T11:13:24.252025" level="INFO">${ue_id_int} = 5</msg>
<var>${ue_id_int}</var>
<arg>${ue_id}</arg>
<doc>Converts the given item to an integer number.</doc>
<status status="PASS" start="2026-04-25T11:13:24.251881" elapsed="0.000154"/>
</kw>
<kw name="Create Dictionary" owner="BuiltIn">
<msg time="2026-04-25T11:13:24.252194" level="INFO">${dane} = {'ue_id': 5}</msg>
<var>${dane}</var>
<arg>ue_id=${ue_id_int}</arg>
<doc>Creates and returns a dictionary based on the given ``items``.</doc>
<status status="PASS" start="2026-04-25T11:13:24.252086" elapsed="0.000116"/>
</kw>
<kw name="POST On Session" owner="RequestsLibrary">
<msg time="2026-04-25T11:13:24.254791" level="INFO">POST Request : url=http://epc-simulator:8000/ues 
 path_url=/ues 
 headers={'User-Agent': 'python-requests/2.33.1', 'Accept-Encoding': 'gzip, deflate', 'Accept': '*/*', 'Connection': 'keep-alive', 'Content-Length': '12', 'Content-Type': 'application/json'} 
 body=b'{"ue_id": 5}' 
 </msg>
<msg time="2026-04-25T11:13:24.254811" level="INFO">POST Response : url=http://epc-simulator:8000/ues 
 status=200, reason=OK 
 headers={'date': 'Sat, 25 Apr 2026 11:13:24 GMT', 'server': 'uvicorn', 'content-length': '31', 'content-type': 'application/json'} 
 body={"status":"attached","ue_id":5} 
 </msg>
<msg time="2026-04-25T11:13:24.254851" level="INFO">${response} = &lt;Response [200]&gt;</msg>
<var>${response}</var>
<arg>epc</arg>
<arg>/ues</arg>
<arg>json=${dane}</arg>
<arg>expected_status=any</arg>
<doc>Sends a POST request on a previously created HTTP Session.</doc>
<status status="PASS" start="2026-04-25T11:13:24.252366" elapsed="0.002494"/>
</kw>
<kw name="Set Test Variable" owner="BuiltIn">
<msg time="2026-04-25T11:13:24.255151" level="INFO">${LAST_RESPONSE} = &lt;Response [200]&gt;</msg>
<arg>${LAST_RESPONSE}</arg>
<arg>${response}</arg>
<doc>Makes a variable available everywhere within the scope of the current test.</doc>
<status status="PASS" start="2026-04-25T11:13:24.254920" elapsed="0.000244"/>
</kw>
<status status="PASS" start="2026-04-25T11:13:24.251681" elapsed="0.003501"/>
</kw>
<kw name="Add Bearer 3 To UE 5" owner="epc_keywords" source_name="Add Bearer ${bearer_id} To UE ${ue_id}">
<kw name="Convert To Integer" owner="BuiltIn">
<msg time="2026-04-25T11:13:24.255425" level="INFO">${ue_id_int} = 5</msg>
<var>${ue_id_int}</var>
<arg>${ue_id}</arg>
<doc>Converts the given item to an integer number.</doc>
<status status="PASS" start="2026-04-25T11:13:24.255329" elapsed="0.000104"/>
</kw>
<kw name="Convert To Integer" owner="BuiltIn">
<msg time="2026-04-25T11:13:24.255569" level="INFO">${bearer_id_int} = 3</msg>
<var>${bearer_id_int}</var>
<arg>${bearer_id}</arg>
<doc>Converts the given item to an integer number.</doc>
<status status="PASS" start="2026-04-25T11:13:24.255477" elapsed="0.000100"/>
</kw>
<kw name="Create Dictionary" owner="BuiltIn">
<msg time="2026-04-25T11:13:24.255731" level="INFO">${dane} = {'bearer_id': 3}</msg>
<var>${dane}</var>
<arg>bearer_id=${bearer_id_int}</arg>
<doc>Creates and returns a dictionary based on the given ``items``.</doc>
<status status="PASS" start="2026-04-25T11:13:24.255625" elapsed="0.000114"/>
</kw>
<kw name="POST On Session" owner="RequestsLibrary">
<msg time="2026-04-25T11:13:24.258052" level="INFO">POST Request : url=http://epc-simulator:8000/ues/5/bearers 
 path_url=/ues/5/bearers 
 headers={'User-Agent': 'python-requests/2.33.1', 'Accept-Encoding': 'gzip, deflate', 'Accept': '*/*', 'Connection': 'keep-alive', 'Content-Length': '16', 'Content-Type': 'application/json'} 
 body=b'{"bearer_id": 3}' 
 </msg>
<msg time="2026-04-25T11:13:24.258078" level="INFO">POST Response : url=http://epc-simulator:8000/ues/5/bearers 
 status=200, reason=OK 
 headers={'date': 'Sat, 25 Apr 2026 11:13:24 GMT', 'server': 'uvicorn', 'content-length': '49', 'content-type': 'application/json'} 
 body={"status":"bearer_added","ue_id":5,"bearer_id":3} 
 </msg>
<msg time="2026-04-25T11:13:24.258117" level="INFO">${response} = &lt;Response [200]&gt;</msg>
<var>${response}</var>
<arg>epc</arg>
<arg>/ues/${ue_id_int}/bearers</arg>
<arg>json=${dane}</arg>
<arg>expected_status=any</arg>
<doc>Sends a POST request on a previously created HTTP Session.</doc>
<status status="PASS" start="2026-04-25T11:13:24.255786" elapsed="0.002339"/>
</kw>
<kw name="Set Test Variable" owner="BuiltIn">
<msg time="2026-04-25T11:13:24.258307" level="INFO">${LAST_RESPONSE} = &lt;Response [200]&gt;</msg>
<arg>${LAST_RESPONSE}</arg>
<arg>${response}</arg>
<doc>Makes a variable available everywhere within the scope of the current test.</doc>
<status status="PASS" start="2026-04-25T11:13:24.258198" elapsed="0.000123"/>
</kw>
<status status="PASS" start="2026-04-25T11:13:24.255242" elapsed="0.003098"/>
</kw>
<kw name="Add Bearer 3 To UE 5" owner="epc_keywords" source_name="Add Bearer ${bearer_id} To UE ${ue_id}">
<kw name="Convert To Integer" owner="BuiltIn">
<msg time="2026-04-25T11:13:24.258643" level="INFO">${ue_id_int} = 5</msg>
<var>${ue_id_int}</var>
<arg>${ue_id}</arg>
<doc>Converts the given item to an integer number.</doc>
<status status="PASS" start="2026-04-25T11:13:24.258545" elapsed="0.000107"/>
</kw>
<kw name="Convert To Integer" owner="BuiltIn">
<msg time="2026-04-25T11:13:24.258787" level="INFO">${bearer_id_int} = 3</msg>
<var>${bearer_id_int}</var>
<arg>${bearer_id}</arg>
<doc>Converts the given item to an integer number.</doc>
<status status="PASS" start="2026-04-25T11:13:24.258699" elapsed="0.000096"/>
</kw>
<kw name="Create Dictionary" owner="BuiltIn">
<msg time="2026-04-25T11:13:24.259008" level="INFO">${dane} = {'bearer_id': 3}</msg>
<var>${dane}</var>
<arg>bearer_id=${bearer_id_int}</arg>
<doc>Creates and returns a dictionary based on the given ``items``.</doc>
<status status="PASS" start="2026-04-25T11:13:24.258844" elapsed="0.000175"/>
</kw>
<kw name="POST On Session" owner="RequestsLibrary">
<msg time="2026-04-25T11:13:24.260733" level="INFO">POST Request : url=http://epc-simulator:8000/ues/5/bearers 
 path_url=/ues/5/bearers 
 headers={'User-Agent': 'python-requests/2.33.1', 'Accept-Encoding': 'gzip, deflate', 'Accept': '*/*', 'Connection': 'keep-alive', 'Content-Length': '16', 'Content-Type': 'application/json'} 
 body=b'{"bearer_id": 3}' 
 </msg>
<msg time="2026-04-25T11:13:24.260769" level="INFO">POST Response : url=http://epc-simulator:8000/ues/5/bearers 
 status=400, reason=Bad Request 
 headers={'date': 'Sat, 25 Apr 2026 11:13:24 GMT', 'server': 'uvicorn', 'content-length': '34', 'content-type': 'application/json'} 
 body={"detail":"Bearer already exists"} 
 </msg>
<msg time="2026-04-25T11:13:24.260829" level="INFO">${response} = &lt;Response [400]&gt;</msg>
<var>${response}</var>
<arg>epc</arg>
<arg>/ues/${ue_id_int}/bearers</arg>
<arg>json=${dane}</arg>
<arg>expected_status=any</arg>
<doc>Sends a POST request on a previously created HTTP Session.</doc>
<status status="PASS" start="2026-04-25T11:13:24.259073" elapsed="0.001766"/>
</kw>
<kw name="Set Test Variable" owner="BuiltIn">
<msg time="2026-04-25T11:13:24.261082" level="INFO">${LAST_RESPONSE} = &lt;Response [400]&gt;</msg>
<arg>${LAST_RESPONSE}</arg>
<arg>${response}</arg>
<doc>Makes a variable available everywhere within the scope of the current test.</doc>
<status status="PASS" start="2026-04-25T11:13:24.260933" elapsed="0.000163"/>
</kw>
<status status="PASS" start="2026-04-25T11:13:24.258430" elapsed="0.002689"/>
</kw>
<kw name="Verify Error Message Contains" owner="epc_keywords">
<kw name="Should Not Be Equal As Integers" owner="BuiltIn">
<msg time="2026-04-25T11:13:24.261483" level="INFO">Argument types are:
&lt;class 'int'&gt;
&lt;class 'str'&gt;</msg>
<arg>${LAST_RESPONSE.status_code}</arg>
<arg>200</arg>
<doc>Fails if objects are equal after converting them to integers.</doc>
<status status="PASS" start="2026-04-25T11:13:24.261277" elapsed="0.000226"/>
</kw>
<kw name="Set Variable" owner="BuiltIn">
<msg time="2026-04-25T11:13:24.261742" level="INFO">${response_json} = {'detail': 'Bearer already exists'}</msg>
<var>${response_json}</var>
<arg>${LAST_RESPONSE.json()}</arg>
<doc>Returns the given values which can then be assigned to a variables.</doc>
<status status="PASS" start="2026-04-25T11:13:24.261560" elapsed="0.000191"/>
</kw>
<kw name="Get From Dictionary" owner="Collections">
<msg time="2026-04-25T11:13:24.261852" level="INFO">${detail} = Bearer already exists</msg>
<var>${detail}</var>
<arg>${response_json}</arg>
<arg>detail</arg>
<doc>Returns a value from the given ``dictionary`` based on the given ``key``.</doc>
<status status="PASS" start="2026-04-25T11:13:24.261799" elapsed="0.000061"/>
</kw>
<kw name="Convert To String" owner="BuiltIn">
<msg time="2026-04-25T11:13:24.261980" level="INFO">${detail_str} = Bearer already exists</msg>
<var>${detail_str}</var>
<arg>${detail}</arg>
<doc>Converts the given item to a Unicode string.</doc>
<status status="PASS" start="2026-04-25T11:13:24.261901" elapsed="0.000087"/>
</kw>
<kw name="Should Contain" owner="BuiltIn">
<arg>${detail_str}</arg>
<arg>${expected_text}</arg>
<arg>ignore_case=True</arg>
<doc>Fails if ``container`` does not contain ``item`` one or more times.</doc>
<status status="PASS" start="2026-04-25T11:13:24.262155" elapsed="0.000110"/>
</kw>
<arg>already exists</arg>
<status status="PASS" start="2026-04-25T11:13:24.261178" elapsed="0.001107"/>
</kw>
<kw name="Reset Machine" owner="epc_keywords" type="TEARDOWN">
<kw name="POST On Session" owner="RequestsLibrary">
<msg time="2026-04-25T11:13:24.265644" level="INFO">POST Request : url=http://epc-simulator:8000/reset 
 path_url=/reset 
 headers={'User-Agent': 'python-requests/2.33.1', 'Accept-Encoding': 'gzip, deflate', 'Accept': '*/*', 'Connection': 'keep-alive', 'Content-Length': '0'} 
 body=None 
 </msg>
<msg time="2026-04-25T11:13:24.265680" level="INFO">POST Response : url=http://epc-simulator:8000/reset 
 status=200, reason=OK 
 headers={'date': 'Sat, 25 Apr 2026 11:13:24 GMT', 'server': 'uvicorn', 'content-length': '18', 'content-type': 'application/json'} 
 body={"status":"reset"} 
 </msg>
<arg>epc</arg>
<arg>/reset</arg>
<arg>expected_status=any</arg>
<doc>Sends a POST request on a previously created HTTP Session.</doc>
<status status="PASS" start="2026-04-25T11:13:24.262465" elapsed="0.003242"/>
</kw>
<status status="PASS" start="2026-04-25T11:13:24.262364" elapsed="0.003377"/>
</kw>
<doc>Verify that adding the same bearer twice returns an error.</doc>
<tag>bearer</tag>
<tag>negative</tag>
<status status="PASS" start="2026-04-25T11:13:24.251437" elapsed="0.014320"/>
</test>
<test id="s1-s2-t4" name="TC-012 Retrieve Bearers Of Attached UE 5" line="35">
<kw name="Attach UE 5" owner="epc_keywords" source_name="Attach UE ${ue_id}">
<kw name="Convert To Integer" owner="BuiltIn">
<msg time="2026-04-25T11:13:24.266336" level="INFO">${ue_id_int} = 5</msg>
<var>${ue_id_int}</var>
<arg>${ue_id}</arg>
<doc>Converts the given item to an integer number.</doc>
<status status="PASS" start="2026-04-25T11:13:24.266229" elapsed="0.000115"/>
</kw>
<kw name="Create Dictionary" owner="BuiltIn">
<msg time="2026-04-25T11:13:24.266509" level="INFO">${dane} = {'ue_id': 5}</msg>
<var>${dane}</var>
<arg>ue_id=${ue_id_int}</arg>
<doc>Creates and returns a dictionary based on the given ``items``.</doc>
<status status="PASS" start="2026-04-25T11:13:24.266405" elapsed="0.000112"/>
</kw>
<kw name="POST On Session" owner="RequestsLibrary">
<msg time="2026-04-25T11:13:24.269164" level="INFO">POST Request : url=http://epc-simulator:8000/ues 
 path_url=/ues 
 headers={'User-Agent': 'python-requests/2.33.1', 'Accept-Encoding': 'gzip, deflate', 'Accept': '*/*', 'Connection': 'keep-alive', 'Content-Length': '12', 'Content-Type': 'application/json'} 
 body=b'{"ue_id": 5}' 
 </msg>
<msg time="2026-04-25T11:13:24.269191" level="INFO">POST Response : url=http://epc-simulator:8000/ues 
 status=200, reason=OK 
 headers={'date': 'Sat, 25 Apr 2026 11:13:24 GMT', 'server': 'uvicorn', 'content-length': '31', 'content-type': 'application/json'} 
 body={"status":"attached","ue_id":5} 
 </msg>
<msg time="2026-04-25T11:13:24.269236" level="INFO">${response} = &lt;Response [200]&gt;</msg>
<var>${response}</var>
<arg>epc</arg>
<arg>/ues</arg>
<arg>json=${dane}</arg>
<arg>expected_status=any</arg>
<doc>Sends a POST request on a previously created HTTP Session.</doc>
<status status="PASS" start="2026-04-25T11:13:24.266567" elapsed="0.002677"/>
</kw>
<kw name="Set Test Variable" owner="BuiltIn">
<msg time="2026-04-25T11:13:24.269594" level="INFO">${LAST_RESPONSE} = &lt;Response [200]&gt;</msg>
<arg>${LAST_RESPONSE}</arg>
<arg>${response}</arg>
<doc>Makes a variable available everywhere within the scope of the current test.</doc>
<status status="PASS" start="2026-04-25T11:13:24.269309" elapsed="0.000302"/>
</kw>
<status status="PASS" start="2026-04-25T11:13:24.266035" elapsed="0.003599"/>
</kw>
<kw name="Add Bearer 3 To UE 5" owner="epc_keywords" source_name="Add Bearer ${bearer_id} To UE ${ue_id}">
<kw name="Convert To Integer" owner="BuiltIn">
<msg time="2026-04-25T11:13:24.269880" level="INFO">${ue_id_int} = 5</msg>
<var>${ue_id_int}</var>
<arg>${ue_id}</arg>
<doc>Converts the given item to an integer number.</doc>
<status status="PASS" start="2026-04-25T11:13:24.269797" elapsed="0.000091"/>
</kw>
<kw name="Convert To Integer" owner="BuiltIn">
<msg time="2026-04-25T11:13:24.270008" level="INFO">${bearer_id_int} = 3</msg>
<var>${bearer_id_int}</var>
<arg>${bearer_id}</arg>
<doc>Converts the given item to an integer number.</doc>
<status status="PASS" start="2026-04-25T11:13:24.269929" elapsed="0.000086"/>
</kw>
<kw name="Create Dictionary" owner="BuiltIn">
<msg time="2026-04-25T11:13:24.270155" level="INFO">${dane} = {'bearer_id': 3}</msg>
<var>${dane}</var>
<arg>bearer_id=${bearer_id_int}</arg>
<doc>Creates and returns a dictionary based on the given ``items``.</doc>
<status status="PASS" start="2026-04-25T11:13:24.270059" elapsed="0.000104"/>
</kw>
<kw name="POST On Session" owner="RequestsLibrary">
<msg time="2026-04-25T11:13:24.272504" level="INFO">POST Request : url=http://epc-simulator:8000/ues/5/bearers 
 path_url=/ues/5/bearers 
 headers={'User-Agent': 'python-requests/2.33.1', 'Accept-Encoding': 'gzip, deflate', 'Accept': '*/*', 'Connection': 'keep-alive', 'Content-Length': '16', 'Content-Type': 'application/json'} 
 body=b'{"bearer_id": 3}' 
 </msg>
<msg time="2026-04-25T11:13:24.272529" level="INFO">POST Response : url=http://epc-simulator:8000/ues/5/bearers 
 status=200, reason=OK 
 headers={'date': 'Sat, 25 Apr 2026 11:13:24 GMT', 'server': 'uvicorn', 'content-length': '49', 'content-type': 'application/json'} 
[...]
 body=None 
 </msg>
<msg time="2026-04-25T11:13:24.490262" level="INFO">DELETE Response : url=http://epc-simulator:8000/ues/60/traffic 
 status=404, reason=Not Found 
 headers={'date': 'Sat, 25 Apr 2026 11:13:24 GMT', 'server': 'uvicorn', 'content-length': '22', 'content-type': 'application/json'} 
 body={"detail":"Not Found"} 
 </msg>
<msg time="2026-04-25T11:13:24.490306" level="INFO">${response} = &lt;Response [404]&gt;</msg>
<var>${response}</var>
<arg>epc</arg>
<arg>/ues/${ue_id_int}/traffic</arg>
<arg>expected_status=any</arg>
<doc>Sends a DELETE request on a previously created HTTP Session.</doc>
<status status="PASS" start="2026-04-25T11:13:24.489523" elapsed="0.000791"/>
</kw>
<kw name="Set Test Variable" owner="BuiltIn">
<msg time="2026-04-25T11:13:24.490494" level="INFO">${LAST_RESPONSE} = &lt;Response [404]&gt;</msg>
<arg>${LAST_RESPONSE}</arg>
<arg>${response}</arg>
<doc>Makes a variable available everywhere within the scope of the current test.</doc>
<status status="PASS" start="2026-04-25T11:13:24.490388" elapsed="0.000119"/>
</kw>
<status status="PASS" start="2026-04-25T11:13:24.489240" elapsed="0.001289"/>
</kw>
<kw name="Then the operation should be successful" owner="epc_keywords">
<kw name="Response Should Be Successful" owner="epc_keywords">
<kw name="Should Be Equal As Integers" owner="BuiltIn">
<msg time="2026-04-25T11:13:24.490898" level="INFO">Argument types are:
&lt;class 'int'&gt;
&lt;class 'str'&gt;</msg>
<msg time="2026-04-25T11:13:24.490935" level="FAIL">404 != 200</msg>
<arg>${LAST_RESPONSE.status_code}</arg>
<arg>200</arg>
<doc>Fails if objects are unequal after converting them to integers.</doc>
<status status="FAIL" start="2026-04-25T11:13:24.490751" elapsed="0.000207">404 != 200</status>
</kw>
<status status="FAIL" start="2026-04-25T11:13:24.490676" elapsed="0.000319">404 != 200</status>
</kw>
<status status="FAIL" start="2026-04-25T11:13:24.490587" elapsed="0.000431">404 != 200</status>
</kw>
<kw name="And traffic for UE &quot;60&quot; on bearer &quot;9&quot; should be inactive" source_name="And traffic for UE &quot;${ue_id}&quot; on bearer &quot;${bearer_id}&quot; should be inactive">
<status status="NOT RUN" start="2026-04-25T11:13:24.491120" elapsed="0.000008"/>
</kw>
<kw name="Reset Machine" owner="epc_keywords" type="TEARDOWN">
<kw name="POST On Session" owner="RequestsLibrary">
<msg time="2026-04-25T11:13:24.493287" level="INFO">POST Request : url=http://epc-simulator:8000/reset 
 path_url=/reset 
 headers={'User-Agent': 'python-requests/2.33.1', 'Accept-Encoding': 'gzip, deflate', 'Accept': '*/*', 'Connection': 'keep-alive', 'Content-Length': '0'} 
 body=None 
 </msg>
<msg time="2026-04-25T11:13:24.493308" level="INFO">POST Response : url=http://epc-simulator:8000/reset 
 status=200, reason=OK 
 headers={'date': 'Sat, 25 Apr 2026 11:13:24 GMT', 'server': 'uvicorn', 'content-length': '18', 'content-type': 'application/json'} 
 body={"status":"reset"} 
 </msg>
<arg>epc</arg>
<arg>/reset</arg>
<arg>expected_status=any</arg>
<doc>Sends a POST request on a previously created HTTP Session.</doc>
<status status="PASS" start="2026-04-25T11:13:24.491284" elapsed="0.002043"/>
</kw>
<status status="PASS" start="2026-04-25T11:13:24.491199" elapsed="0.002161"/>
</kw>
<doc>Requirement: "Transfer danych można zakończyć... całkowicie dla wszystkich bearerów".</doc>
<tag>bug-discovery</tag>
<tag>cleanup</tag>
<tag>traffic</tag>
<status status="FAIL" start="2026-04-25T11:13:24.480169" elapsed="0.013206">404 != 200</status>
</test>
<test id="s1-s4-t6" name="TC-028 Validate Bearer Deletion Range Priority" line="48">
<kw name="Given UE &quot;70&quot; is attached to the network" owner="epc_keywords" source_name="UE &quot;${ue_id}&quot; is attached to the network">
<kw name="Attach UE ${ue_id}" owner="epc_keywords" source_name="Attach UE ${ue_id}">
<kw name="Convert To Integer" owner="BuiltIn">
<msg time="2026-04-25T11:13:24.495518" level="INFO">${ue_id_int} = 70</msg>
<var>${ue_id_int}</var>
<arg>${ue_id}</arg>
<doc>Converts the given item to an integer number.</doc>
<status status="PASS" start="2026-04-25T11:13:24.495085" elapsed="0.000471"/>
</kw>
<kw name="Create Dictionary" owner="BuiltIn">
<msg time="2026-04-25T11:13:24.496948" level="INFO">${dane} = {'ue_id': 70}</msg>
<var>${dane}</var>
<arg>ue_id=${ue_id_int}</arg>
<doc>Creates and returns a dictionary based on the given ``items``.</doc>
<status status="PASS" start="2026-04-25T11:13:24.495870" elapsed="0.001117"/>
</kw>
<kw name="POST On Session" owner="RequestsLibrary">
<msg time="2026-04-25T11:13:24.505483" level="INFO">POST Request : url=http://epc-simulator:8000/ues 
 path_url=/ues 
 headers={'User-Agent': 'python-requests/2.33.1', 'Accept-Encoding': 'gzip, deflate', 'Accept': '*/*', 'Connection': 'keep-alive', 'Content-Length': '13', 'Content-Type': 'application/json'} 
 body=b'{"ue_id": 70}' 
 </msg>
<msg time="2026-04-25T11:13:24.505523" level="INFO">POST Response : url=http://epc-simulator:8000/ues 
 status=200, reason=OK 
 headers={'date': 'Sat, 25 Apr 2026 11:13:24 GMT', 'server': 'uvicorn', 'content-length': '32', 'content-type': 'application/json'} 
 body={"status":"attached","ue_id":70} 
 </msg>
<msg time="2026-04-25T11:13:24.505590" level="INFO">${response} = &lt;Response [200]&gt;</msg>
<var>${response}</var>
<arg>epc</arg>
<arg>/ues</arg>
<arg>json=${dane}</arg>
<arg>expected_status=any</arg>
<doc>Sends a POST request on a previously created HTTP Session.</doc>
<status status="PASS" start="2026-04-25T11:13:24.497978" elapsed="0.007622"/>
</kw>
<kw name="Set Test Variable" owner="BuiltIn">
<msg time="2026-04-25T11:13:24.506026" level="INFO">${LAST_RESPONSE} = &lt;Response [200]&gt;</msg>
<arg>${LAST_RESPONSE}</arg>
<arg>${response}</arg>
<doc>Makes a variable available everywhere within the scope of the current test.</doc>
<status status="PASS" start="2026-04-25T11:13:24.505703" elapsed="0.000341"/>
</kw>
<status status="PASS" start="2026-04-25T11:13:24.494240" elapsed="0.011832"/>
</kw>
<kw name="Response Should Be Successful" owner="epc_keywords">
<kw name="Should Be Equal As Integers" owner="BuiltIn">
<msg time="2026-04-25T11:13:24.506438" level="INFO">Argument types are:
&lt;class 'int'&gt;
&lt;class 'str'&gt;</msg>
<arg>${LAST_RESPONSE.status_code}</arg>
<arg>200</arg>
<doc>Fails if objects are unequal after converting them to integers.</doc>
<status status="PASS" start="2026-04-25T11:13:24.506240" elapsed="0.000221"/>
</kw>
<status status="PASS" start="2026-04-25T11:13:24.506133" elapsed="0.000349"/>
</kw>
<status status="PASS" start="2026-04-25T11:13:24.493836" elapsed="0.012772"/>
</kw>
<kw name="When I try to remove bearer &quot;10&quot; from UE &quot;70&quot;" source_name="When I try to remove bearer &quot;${bearer_id}&quot; from UE &quot;${ue_id}&quot;">
<kw name="Remove Bearer ${bearer_id} From UE ${ue_id}" owner="epc_keywords" source_name="Remove Bearer ${bearer_id} From UE ${ue_id}">
<kw name="Convert To Integer" owner="BuiltIn">
<msg time="2026-04-25T11:13:24.507183" level="INFO">${ue_id_int} = 70</msg>
<var>${ue_id_int}</var>
<arg>${ue_id}</arg>
<doc>Converts the given item to an integer number.</doc>
<status status="PASS" start="2026-04-25T11:13:24.507084" elapsed="0.000108"/>
</kw>
<kw name="Convert To Integer" owner="BuiltIn">
<msg time="2026-04-25T11:13:24.507354" level="INFO">${bearer_id_int} = 10</msg>
<var>${bearer_id_int}</var>
<arg>${bearer_id}</arg>
<doc>Converts the given item to an integer number.</doc>
<status status="PASS" start="2026-04-25T11:13:24.507246" elapsed="0.000119"/>
</kw>
<kw name="DELETE On Session" owner="RequestsLibrary">
<msg time="2026-04-25T11:13:24.509166" level="INFO">DELETE Request : url=http://epc-simulator:8000/ues/70/bearers/10 
 path_url=/ues/70/bearers/10 
 headers={'User-Agent': 'python-requests/2.33.1', 'Accept-Encoding': 'gzip, deflate', 'Accept': '*/*', 'Connection': 'keep-alive', 'Content-Length': '0'} 
 body=None 
 </msg>
<msg time="2026-04-25T11:13:24.509190" level="INFO">DELETE Response : url=http://epc-simulator:8000/ues/70/bearers/10 
 status=400, reason=Bad Request 
 headers={'date': 'Sat, 25 Apr 2026 11:13:24 GMT', 'server': 'uvicorn', 'content-length': '29', 'content-type': 'application/json'} 
 body={"detail":"Bearer not found"} 
 </msg>
<msg time="2026-04-25T11:13:24.509226" level="INFO">${response} = &lt;Response [400]&gt;</msg>
<var>${response}</var>
<arg>epc</arg>
<arg>/ues/${ue_id_int}/bearers/${bearer_id_int}</arg>
<arg>expected_status=any</arg>
<doc>Sends a DELETE request on a previously created HTTP Session.</doc>
<status status="PASS" start="2026-04-25T11:13:24.507430" elapsed="0.001804"/>
</kw>
<kw name="Set Test Variable" owner="BuiltIn">
<msg time="2026-04-25T11:13:24.509450" level="INFO">${LAST_RESPONSE} = &lt;Response [400]&gt;</msg>
<arg>${LAST_RESPONSE}</arg>
<arg>${response}</arg>
<doc>Makes a variable available everywhere within the scope of the current test.</doc>
<status status="PASS" start="2026-04-25T11:13:24.509309" elapsed="0.000156"/>
</kw>
<status status="PASS" start="2026-04-25T11:13:24.506960" elapsed="0.002526"/>
</kw>
<status status="PASS" start="2026-04-25T11:13:24.506724" elapsed="0.002776"/>
</kw>
<kw name="Then the system should report a range error zamiast not found">
<kw name="Convert To Integer" owner="BuiltIn">
<msg time="2026-04-25T11:13:24.509840" level="INFO">${status_code} = 400</msg>
<var>${status_code}</var>
<arg>${LAST_RESPONSE.status_code}</arg>
<doc>Converts the given item to an integer number.</doc>
<status status="PASS" start="2026-04-25T11:13:24.509652" elapsed="0.000195"/>
</kw>
<kw name="Should Be Equal As Integers" owner="BuiltIn">
<msg time="2026-04-25T11:13:24.509981" level="INFO">Argument types are:
&lt;class 'int'&gt;
&lt;class 'str'&gt;</msg>
<msg time="2026-04-25T11:13:24.510017" level="FAIL">Expected validation error (422) but got 400: 400 != 422</msg>
<arg>${status_code}</arg>
<arg>422</arg>
<arg>Expected validation error (422) but got ${status_code}</arg>
<doc>Fails if objects are unequal after converting them to integers.</doc>
<status status="FAIL" start="2026-04-25T11:13:24.509896" elapsed="0.000146">Expected validation error (422) but got 400: 400 != 422</status>
</kw>
<status status="FAIL" start="2026-04-25T11:13:24.509554" elapsed="0.000523">Expected validation error (422) but got 400: 400 != 422</status>
</kw>
<kw name="Reset Machine" owner="epc_keywords" type="TEARDOWN">
<kw name="POST On Session" owner="RequestsLibrary">
<msg time="2026-04-25T11:13:24.512698" level="INFO">POST Request : url=http://epc-simulator:8000/reset 
 path_url=/reset 
 headers={'User-Agent': 'python-requests/2.33.1', 'Accept-Encoding': 'gzip, deflate', 'Accept': '*/*', 'Connection': 'keep-alive', 'Content-Length': '0'} 
 body=None 
 </msg>
<msg time="2026-04-25T11:13:24.512721" level="INFO">POST Response : url=http://epc-simulator:8000/reset 
 status=200, reason=OK 
 headers={'date': 'Sat, 25 Apr 2026 11:13:24 GMT', 'server': 'uvicorn', 'content-length': '18', 'content-type': 'application/json'} 
 body={"status":"reset"} 
 </msg>
<arg>epc</arg>
<arg>/reset</arg>
<arg>expected_status=any</arg>
<doc>Sends a POST request on a previously created HTTP Session.</doc>
<status status="PASS" start="2026-04-25T11:13:24.510239" elapsed="0.002504"/>
</kw>
<status status="PASS" start="2026-04-25T11:13:24.510152" elapsed="0.002617"/>
</kw>
<doc>Verify that deleting bearer 10 (out of range) returns range error (422) instead of not found (404).</doc>
<tag>bearer</tag>
<tag>bug-discovery</tag>
<tag>negative</tag>
<status status="FAIL" start="2026-04-25T11:13:24.493462" elapsed="0.019320">Expected validation error (422) but got 400: 400 != 422</status>
</test>
<test id="s1-s4-t7" name="TC-029 Support UE ID Boundary Zero" line="55">
<kw name="When I try to attach UE with ID &quot;0&quot;" source_name="When I try to attach UE with ID &quot;${ue_id}&quot;">
<kw name="Attach UE ${ue_id}" owner="epc_keywords" source_name="Attach UE ${ue_id}">
<kw name="Convert To Integer" owner="BuiltIn">
<msg time="2026-04-25T11:13:24.513407" level="INFO">${ue_id_int} = 0</msg>
<var>${ue_id_int}</var>
<arg>${ue_id}</arg>
<doc>Converts the given item to an integer number.</doc>
<status status="PASS" start="2026-04-25T11:13:24.513300" elapsed="0.000115"/>
</kw>
<kw name="Create Dictionary" owner="BuiltIn">
<msg time="2026-04-25T11:13:24.513580" level="INFO">${dane} = {'ue_id': 0}</msg>
<var>${dane}</var>
<arg>ue_id=${ue_id_int}</arg>
<doc>Creates and returns a dictionary based on the given ``items``.</doc>
<status status="PASS" start="2026-04-25T11:13:24.513467" elapsed="0.000121"/>
</kw>
<kw name="POST On Session" owner="RequestsLibrary">
<msg time="2026-04-25T11:13:24.514609" level="INFO">POST Request : url=http://epc-simulator:8000/ues 
 path_url=/ues 
 headers={'User-Agent': 'python-requests/2.33.1', 'Accept-Encoding': 'gzip, deflate', 'Accept': '*/*', 'Connection': 'keep-alive', 'Content-Length': '12', 'Content-Type': 'application/json'} 
 body=b'{"ue_id": 0}' 
 </msg>
<msg time="2026-04-25T11:13:24.514628" level="INFO">POST Response : url=http://epc-simulator:8000/ues 
 status=422, reason=Unprocessable Entity 
 headers={'date': 'Sat, 25 Apr 2026 11:13:24 GMT', 'server': 'uvicorn', 'content-length': '141', 'content-type': 'application/json'} 
 body={"detail":[{"type":"greater_than_equal","loc":["body","ue_id"],"msg":"Input should be greater than or equal to 1","input":0,"ctx":{"ge":1}}]} 
 </msg>
<msg time="2026-04-25T11:13:24.514666" level="INFO">${response} = &lt;Response [422]&gt;</msg>
<var>${response}</var>
<arg>epc</arg>
<arg>/ues</arg>
<arg>json=${dane}</arg>
<arg>expected_status=any</arg>
<doc>Sends a POST request on a previously created HTTP Session.</doc>
<status status="PASS" start="2026-04-25T11:13:24.513640" elapsed="0.001034"/>
</kw>
<kw name="Set Test Variable" owner="BuiltIn">
<msg time="2026-04-25T11:13:24.514969" level="INFO">${LAST_RESPONSE} = &lt;Response [422]&gt;</msg>
<arg>${LAST_RESPONSE}</arg>
<arg>${response}</arg>
<doc>Makes a variable available everywhere within the scope of the current test.</doc>
<status status="PASS" start="2026-04-25T11:13:24.514738" elapsed="0.000244"/>
</kw>
<status status="PASS" start="2026-04-25T11:13:24.513212" elapsed="0.001789"/>
</kw>
<status status="PASS" start="2026-04-25T11:13:24.513072" elapsed="0.001942"/>
</kw>
<kw name="Then the operation should be successful" owner="epc_keywords">
<kw name="Response Should Be Successful" owner="epc_keywords">
<kw name="Should Be Equal As Integers" owner="BuiltIn">
<msg time="2026-04-25T11:13:24.515465" level="INFO">Argument types are:
&lt;class 'int'&gt;
&lt;class 'str'&gt;</msg>
<msg time="2026-04-25T11:13:24.515499" level="FAIL">422 != 200</msg>
<arg>${LAST_RESPONSE.status_code}</arg>
<arg>200</arg>
<doc>Fails if objects are unequal after converting them to integers.</doc>
<status status="FAIL" start="2026-04-25T11:13:24.515313" elapsed="0.000210">422 != 200</status>
</kw>
<status status="FAIL" start="2026-04-25T11:13:24.515138" elapsed="0.000552">422 != 200</status>
</kw>
<status status="FAIL" start="2026-04-25T11:13:24.515062" elapsed="0.000659">422 != 200</status>
</kw>
<kw name="Reset Machine" owner="epc_keywords" type="TEARDOWN">
<kw name="POST On Session" owner="RequestsLibrary">
<msg time="2026-04-25T11:13:24.517006" level="INFO">POST Request : url=http://epc-simulator:8000/reset 
 path_url=/reset 
 headers={'User-Agent': 'python-requests/2.33.1', 'Accept-Encoding': 'gzip, deflate', 'Accept': '*/*', 'Connection': 'keep-alive', 'Content-Length': '0'} 
 body=None 
 </msg>
<msg time="2026-04-25T11:13:24.517025" level="INFO">POST Response : url=http://epc-simulator:8000/reset 
 status=200, reason=OK 
 headers={'date': 'Sat, 25 Apr 2026 11:13:24 GMT', 'server': 'uvicorn', 'content-length': '18', 'content-type': 'application/json'} 
 body={"status":"reset"} 
 </msg>
<arg>epc</arg>
<arg>/reset</arg>
<arg>expected_status=any</arg>
<doc>Sends a POST request on a previously created HTTP Session.</doc>
<status status="PASS" start="2026-04-25T11:13:24.515928" elapsed="0.001114"/>
</kw>
<status status="PASS" start="2026-04-25T11:13:24.515824" elapsed="0.001239"/>
</kw>
<doc>Requirement: "zakres dostępnych UE: 0-100". Verify that UE ID 0 is accepted.</doc>
<tag>attach</tag>
<tag>boundary</tag>
<tag>bug-discovery</tag>
<status status="FAIL" start="2026-04-25T11:13:24.512865" elapsed="0.004210">422 != 200</status>
</test>
<kw name="Reset Machine" owner="epc_keywords" type="TEARDOWN">
<kw name="POST On Session" owner="RequestsLibrary">
<msg time="2026-04-25T11:13:24.518271" level="INFO">POST Request : url=http://epc-simulator:8000/reset 
 path_url=/reset 
 headers={'User-Agent': 'python-requests/2.33.1', 'Accept-Encoding': 'gzip, deflate', 'Accept': '*/*', 'Connection': 'keep-alive', 'Content-Length': '0'} 
 body=None 
 </msg>
<msg time="2026-04-25T11:13:24.518294" level="INFO">POST Response : url=http://epc-simulator:8000/reset 
 status=200, reason=OK 
 headers={'date': 'Sat, 25 Apr 2026 11:13:24 GMT', 'server': 'uvicorn', 'content-length': '18', 'content-type': 'application/json'} 
 body={"status":"reset"} 
 </msg>
<arg>epc</arg>
<arg>/reset</arg>
<arg>expected_status=any</arg>
<doc>Sends a POST request on a previously created HTTP Session.</doc>
<status status="PASS" start="2026-04-25T11:13:24.517279" elapsed="0.001041"/>
</kw>
<status status="PASS" start="2026-04-25T11:13:24.517215" elapsed="0.001130"/>
</kw>
<doc>Advanced logic tests and documentation discrepancy discovery.</doc>
<status status="FAIL" start="2026-04-25T11:13:24.411040" elapsed="0.107325"/>
</suite>
<kw name="Reset Machine" owner="epc_keywords" type="TEARDOWN">
<kw name="POST On Session" owner="RequestsLibrary">
<msg time="2026-04-25T11:13:24.519721" level="INFO">POST Request : url=http://epc-simulator:8000/reset 
 path_url=/reset 
 headers={'User-Agent': 'python-requests/2.33.1', 'Accept-Encoding': 'gzip, deflate', 'Accept': '*/*', 'Connection': 'keep-alive', 'Content-Length': '0'} 
 body=None 
 </msg>
<msg time="2026-04-25T11:13:24.519749" level="INFO">POST Response : url=http://epc-simulator:8000/reset 
 status=200, reason=OK 
 headers={'date': 'Sat, 25 Apr 2026 11:13:24 GMT', 'server': 'uvicorn', 'content-length': '18', 'content-type': 'application/json'} 
 body={"status":"reset"} 
 </msg>
<arg>epc</arg>
<arg>/reset</arg>
<arg>expected_status=any</arg>
<doc>Sends a POST request on a previously created HTTP Session.</doc>
<status status="PASS" start="2026-04-25T11:13:24.518717" elapsed="0.001061"/>
</kw>
<status status="PASS" start="2026-04-25T11:13:24.518647" elapsed="0.001161"/>
</kw>
<status status="FAIL" start="2026-04-25T11:13:24.109148" elapsed="0.410670"/>
</suite>
<statistics>
<total>
<stat pass="20" fail="9" skip="0">All Tests</stat>
</total>
<tag>
<stat pass="1" fail="1" skip="0">attach</stat>
<stat pass="7" fail="2" skip="0">bearer</stat>
<stat pass="2" fail="3" skip="0">boundary</stat>
<stat pass="1" fail="8" skip="0">bug-discovery</stat>
<stat pass="0" fail="1" skip="0">cleanup</stat>
<stat pass="5" fail="3" skip="0">compliance</stat>
<stat pass="1" fail="0" skip="0">detach</stat>
<stat pass="3" fail="0" skip="0">happy-path</stat>
<stat pass="9" fail="4" skip="0">negative</stat>
<stat pass="6" fail="0" skip="0">positive</stat>
<stat pass="1" fail="0" skip="0">start</stat>
<stat pass="1" fail="1" skip="0">stats</stat>
<stat pass="1" fail="0" skip="0">stop</stat>
<stat pass="3" fail="4" skip="0">traffic</stat>
</tag>
<suite>
<stat name="Tests" id="s1" pass="20" fail="9" skip="0">Tests</stat>
<stat name="01 Ue Attachment" id="s1-s1" pass="7" fail="1" skip="0">Tests.01 Ue Attachment</stat>
<stat name="02 Bearer Management" id="s1-s2" pass="8" fail="1" skip="0">Tests.02 Bearer Management</stat>
<stat name="03 Traffic Control" id="s1-s3" pass="4" fail="1" skip="0">Tests.03 Traffic Control</stat>
<stat name="04 Advanced Testing" id="s1-s4" pass="1" fail="6" skip="0">Tests.04 Advanced Testing</stat>
</suite>
</statistics>
<errors>
</errors>
</robot>
